Classic Timing Analyzer report for parallel_adder
Mon Nov 18 20:08:28 2019
Quartus II Version 9.0 Build 184 04/29/2009 Service Pack 1 SJ Web Edition


---------------------
; Table of Contents ;
---------------------
  1. Legal Notice
  2. Timing Analyzer Summary
  3. Timing Analyzer Settings
  4. Parallel Compilation
  5. tpd
  6. Timing Analyzer Messages



----------------
; Legal Notice ;
----------------
Copyright (C) 1991-2009 Altera Corporation
Your use of Altera Corporation's design tools, logic functions 
and other software and tools, and its AMPP partner logic 
functions, and any output files from any of the foregoing 
(including device programming or simulation files), and any 
associated documentation or information are expressly subject 
to the terms and conditions of the Altera Program License 
Subscription Agreement, Altera MegaCore Function License 
Agreement, or other applicable license agreement, including, 
without limitation, that your use is for the sole purpose of 
programming logic devices manufactured by Altera and sold by 
Altera or its authorized distributors.  Please refer to the 
applicable agreement for further details.



+-------------------------------------------------------------------------------------------------------------------------+
; Timing Analyzer Summary                                                                                                 ;
+------------------------------+-------+---------------+-------------+------+------+------------+----------+--------------+
; Type                         ; Slack ; Required Time ; Actual Time ; From ; To   ; From Clock ; To Clock ; Failed Paths ;
+------------------------------+-------+---------------+-------------+------+------+------------+----------+--------------+
; Worst-case tpd               ; N/A   ; None          ; 12.185 ns   ; y[0] ; s[3] ; --         ; --       ; 0            ;
; Total number of failed paths ;       ;               ;             ;      ;      ;            ;          ; 0            ;
+------------------------------+-------+---------------+-------------+------+------+------------+----------+--------------+


+--------------------------------------------------------------------------------------------------------------------+
; Timing Analyzer Settings                                                                                           ;
+---------------------------------------------------------------------+--------------------+------+----+-------------+
; Option                                                              ; Setting            ; From ; To ; Entity Name ;
+---------------------------------------------------------------------+--------------------+------+----+-------------+
; Device Name                                                         ; EP1C3T144C8        ;      ;    ;             ;
; Timing Models                                                       ; Final              ;      ;    ;             ;
; Default hold multicycle                                             ; Same as Multicycle ;      ;    ;             ;
; Cut paths between unrelated clock domains                           ; On                 ;      ;    ;             ;
; Cut off read during write signal paths                              ; On                 ;      ;    ;             ;
; Cut off feedback from I/O pins                                      ; On                 ;      ;    ;             ;
; Report Combined Fast/Slow Timing                                    ; Off                ;      ;    ;             ;
; Ignore Clock Settings                                               ; Off                ;      ;    ;             ;
; Analyze latches as synchronous elements                             ; On                 ;      ;    ;             ;
; Enable Recovery/Removal analysis                                    ; Off                ;      ;    ;             ;
; Enable Clock Latency                                                ; Off                ;      ;    ;             ;
; Use TimeQuest Timing Analyzer                                       ; Off                ;      ;    ;             ;
; Minimum Core Junction Temperature                                   ; 0                  ;      ;    ;             ;
; Maximum Core Junction Temperature                                   ; 85                 ;      ;    ;             ;
; Number of source nodes to report per destination node               ; 10                 ;      ;    ;             ;
; Number of destination nodes to report                               ; 10                 ;      ;    ;             ;
; Number of paths to report                                           ; 200                ;      ;    ;             ;
; Report Minimum Timing Checks                                        ; Off                ;      ;    ;             ;
; Use Fast Timing Models                                              ; Off                ;      ;    ;             ;
; Report IO Paths Separately                                          ; Off                ;      ;    ;             ;
; Perform Multicorner Analysis                                        ; Off                ;      ;    ;             ;
; Reports the worst-case path for each clock domain and analysis      ; Off                ;      ;    ;             ;
; Removes common clock path pessimism (CCPP) during slack computation ; Off                ;      ;    ;             ;
; Output I/O Timing Endpoint                                          ; Near End           ;      ;    ;             ;
+---------------------------------------------------------------------+--------------------+------+----+-------------+


Parallel compilation was disabled, but you have multiple processors available. Enable parallel compilation to reduce compilation time.
+-------------------------------------+
; Parallel Compilation                ;
+----------------------------+--------+
; Processors                 ; Number ;
+----------------------------+--------+
; Number detected on machine ; 4      ;
; Maximum allowed            ; 1      ;
+----------------------------+--------+


+-----------------------------------------------------------+
; tpd                                                       ;
+-------+-------------------+-----------------+------+------+
; Slack ; Required P2P Time ; Actual P2P Time ; From ; To   ;
+-------+-------------------+-----------------+------+------+
; N/A   ; None              ; 12.185 ns       ; y[0] ; s[3] ;
; N/A   ; None              ; 12.060 ns       ; x[0] ; s[3] ;
; N/A   ; None              ; 11.817 ns       ; y[1] ; s[3] ;
; N/A   ; None              ; 11.791 ns       ; x[1] ; s[3] ;
; N/A   ; None              ; 11.459 ns       ; y[0] ; c    ;
; N/A   ; None              ; 11.334 ns       ; x[0] ; c    ;
; N/A   ; None              ; 11.097 ns       ; y[0] ; s[1] ;
; N/A   ; None              ; 11.091 ns       ; y[1] ; c    ;
; N/A   ; None              ; 11.065 ns       ; x[1] ; c    ;
; N/A   ; None              ; 10.976 ns       ; x[0] ; s[1] ;
; N/A   ; None              ; 10.939 ns       ; x[3] ; s[3] ;
; N/A   ; None              ; 10.787 ns       ; y[0] ; s[2] ;
; N/A   ; None              ; 10.757 ns       ; x[3] ; c    ;
; N/A   ; None              ; 10.731 ns       ; y[1] ; s[1] ;
; N/A   ; None              ; 10.705 ns       ; x[1] ; s[1] ;
; N/A   ; None              ; 10.662 ns       ; x[0] ; s[2] ;
; N/A   ; None              ; 10.644 ns       ; y[0] ; s[0] ;
; N/A   ; None              ; 10.631 ns       ; y[3] ; s[3] ;
; N/A   ; None              ; 10.524 ns       ; x[0] ; s[0] ;
; N/A   ; None              ; 10.449 ns       ; y[3] ; c    ;
; N/A   ; None              ; 10.419 ns       ; y[1] ; s[2] ;
; N/A   ; None              ; 10.393 ns       ; x[1] ; s[2] ;
; N/A   ; None              ; 8.907 ns        ; y[2] ; s[3] ;
; N/A   ; None              ; 8.439 ns        ; x[2] ; s[3] ;
; N/A   ; None              ; 8.181 ns        ; y[2] ; c    ;
; N/A   ; None              ; 7.713 ns        ; x[2] ; c    ;
; N/A   ; None              ; 7.508 ns        ; y[2] ; s[2] ;
; N/A   ; None              ; 7.043 ns        ; x[2] ; s[2] ;
+-------+-------------------+-----------------+------+------+


+--------------------------+
; Timing Analyzer Messages ;
+--------------------------+
Info: *******************************************************************
Info: Running Quartus II Classic Timing Analyzer
    Info: Version 9.0 Build 184 04/29/2009 Service Pack 1 SJ Web Edition
    Info: Processing started: Mon Nov 18 20:08:28 2019
Info: Command: quartus_tan --read_settings_files=off --write_settings_files=off parallel_adder -c parallel_adder --timing_analysis_only
Info: Longest tpd from source pin "y[0]" to destination pin "s[3]" is 12.185 ns
    Info: 1: + IC(0.000 ns) + CELL(1.469 ns) = 1.469 ns; Loc. = PIN_10; Fanout = 3; PIN Node = 'y[0]'
    Info: 2: + IC(5.118 ns) + CELL(0.442 ns) = 7.029 ns; Loc. = LC_X1_Y11_N5; Fanout = 2; COMB Node = 'adder:h1|h~4'
    Info: 3: + IC(0.430 ns) + CELL(0.114 ns) = 7.573 ns; Loc. = LC_X1_Y11_N8; Fanout = 2; COMB Node = 'adder:h2|h~4'
    Info: 4: + IC(0.398 ns) + CELL(0.442 ns) = 8.413 ns; Loc. = LC_X1_Y11_N4; Fanout = 1; COMB Node = 'adder:h3|g'
    Info: 5: + IC(1.664 ns) + CELL(2.108 ns) = 12.185 ns; Loc. = PIN_140; Fanout = 0; PIN Node = 's[3]'
    Info: Total cell delay = 4.575 ns ( 37.55 % )
    Info: Total interconnect delay = 7.610 ns ( 62.45 % )
Info: Quartus II Classic Timing Analyzer was successful. 0 errors, 0 warnings
    Info: Peak virtual memory: 193 megabytes
    Info: Processing ended: Mon Nov 18 20:08:28 2019
    Info: Elapsed time: 00:00:00
    Info: Total CPU time (on all processors): 00:00:00


