Classic Timing Analyzer report for ram
Mon Mar 02 23:29:58 2020
Quartus II Version 9.0 Build 184 04/29/2009 Service Pack 1 SJ Web Edition


---------------------
; Table of Contents ;
---------------------
  1. Legal Notice
  2. Timing Analyzer Summary
  3. Timing Analyzer Settings
  4. Clock Settings Summary
  5. Parallel Compilation
  6. tsu
  7. tco
  8. tpd
  9. th
 10. Timing Analyzer Messages



----------------
; Legal Notice ;
----------------
Copyright (C) 1991-2009 Altera Corporation
Your use of Altera Corporation's design tools, logic functions 
and other software and tools, and its AMPP partner logic 
functions, and any output files from any of the foregoing 
(including device programming or simulation files), and any 
associated documentation or information are expressly subject 
to the terms and conditions of the Altera Program License 
Subscription Agreement, Altera MegaCore Function License 
Agreement, or other applicable license agreement, including, 
without limitation, that your use is for the sole purpose of 
programming logic devices manufactured by Altera and sold by 
Altera or its authorized distributors.  Please refer to the 
applicable agreement for further details.



+-------------------------------------------------------------------------------------------------------------------------------------------------------------------------------------------------+
; Timing Analyzer Summary                                                                                                                                                                         ;
+------------------------------+-------+---------------+-------------+------------------------------------------+------------------------------------------+------------+----------+--------------+
; Type                         ; Slack ; Required Time ; Actual Time ; From                                     ; To                                       ; From Clock ; To Clock ; Failed Paths ;
+------------------------------+-------+---------------+-------------+------------------------------------------+------------------------------------------+------------+----------+--------------+
; Worst-case tsu               ; N/A   ; None          ; 14.700 ns   ; mem                                      ; lpm_ram_io:inst|altram:sram|q[0]~reg_we0 ; --         ; CLK      ; 0            ;
; Worst-case tco               ; N/A   ; None          ; 28.100 ns   ; lpm_ram_io:inst|altram:sram|q[2]~reg_wa7 ; d[2]                                     ; CLK        ; --       ; 0            ;
; Worst-case tpd               ; N/A   ; None          ; 20.300 ns   ; mem                                      ; d[2]                                     ; --         ; --       ; 0            ;
; Worst-case th                ; N/A   ; None          ; 3.300 ns    ; addr[0]                                  ; lpm_ram_io:inst|altram:sram|q[0]~reg_wa0 ; --         ; CLK      ; 0            ;
; Total number of failed paths ;       ;               ;             ;                                          ;                                          ;            ;          ; 0            ;
+------------------------------+-------+---------------+-------------+------------------------------------------+------------------------------------------+------------+----------+--------------+


+--------------------------------------------------------------------------------------------------------------------+
; Timing Analyzer Settings                                                                                           ;
+---------------------------------------------------------------------+--------------------+------+----+-------------+
; Option                                                              ; Setting            ; From ; To ; Entity Name ;
+---------------------------------------------------------------------+--------------------+------+----+-------------+
; Device Name                                                         ; EPF10K20TC144-4    ;      ;    ;             ;
; Timing Models                                                       ; Final              ;      ;    ;             ;
; Default hold multicycle                                             ; Same as Multicycle ;      ;    ;             ;
; Cut paths between unrelated clock domains                           ; On                 ;      ;    ;             ;
; Cut off read during write signal paths                              ; On                 ;      ;    ;             ;
; Cut off feedback from I/O pins                                      ; On                 ;      ;    ;             ;
; Report Combined Fast/Slow Timing                                    ; Off                ;      ;    ;             ;
; Ignore Clock Settings                                               ; Off                ;      ;    ;             ;
; Analyze latches as synchronous elements                             ; On                 ;      ;    ;             ;
; Enable Recovery/Removal analysis                                    ; Off                ;      ;    ;             ;
; Enable Clock Latency                                                ; Off                ;      ;    ;             ;
; Use TimeQuest Timing Analyzer                                       ; Off                ;      ;    ;             ;
; Minimum Core Junction Temperature                                   ; 0                  ;      ;    ;             ;
; Maximum Core Junction Temperature                                   ; 85                 ;      ;    ;             ;
; Number of source nodes to report per destination node               ; 10                 ;      ;    ;             ;
; Number of destination nodes to report                               ; 10                 ;      ;    ;             ;
; Number of paths to report                                           ; 200                ;      ;    ;             ;
; Report Minimum Timing Checks                                        ; Off                ;      ;    ;             ;
; Use Fast Timing Models                                              ; Off                ;      ;    ;             ;
; Report IO Paths Separately                                          ; Off                ;      ;    ;             ;
; Perform Multicorner Analysis                                        ; Off                ;      ;    ;             ;
; Reports the worst-case path for each clock domain and analysis      ; Off                ;      ;    ;             ;
; Removes common clock path pessimism (CCPP) during slack computation ; Off                ;      ;    ;             ;
; Output I/O Timing Endpoint                                          ; Near End           ;      ;    ;             ;
+---------------------------------------------------------------------+--------------------+------+----+-------------+


+------------------------------------------------------------------------------------------------------------------------------------------------------------------------------------+
; Clock Settings Summary                                                                                                                                                             ;
+-----------------+--------------------+----------+------------------+---------------+--------------+----------+-----------------------+---------------------+--------+--------------+
; Clock Node Name ; Clock Setting Name ; Type     ; Fmax Requirement ; Early Latency ; Late Latency ; Based on ; Multiply Base Fmax by ; Divide Base Fmax by ; Offset ; Phase offset ;
+-----------------+--------------------+----------+------------------+---------------+--------------+----------+-----------------------+---------------------+--------+--------------+
; CLK             ;                    ; User Pin ; None             ; 0.000 ns      ; 0.000 ns     ; --       ; N/A                   ; N/A                 ; N/A    ;              ;
+-----------------+--------------------+----------+------------------+---------------+--------------+----------+-----------------------+---------------------+--------+--------------+


Parallel compilation was disabled, but you have multiple processors available. Enable parallel compilation to reduce compilation time.
+-------------------------------------+
; Parallel Compilation                ;
+----------------------------+--------+
; Processors                 ; Number ;
+----------------------------+--------+
; Number detected on machine ; 4      ;
; Maximum allowed            ; 1      ;
+----------------------------+--------+


+---------------------------------------------------------------------------------------------------+
; tsu                                                                                               ;
+-------+--------------+------------+---------+------------------------------------------+----------+
; Slack ; Required tsu ; Actual tsu ; From    ; To                                       ; To Clock ;
+-------+--------------+------------+---------+------------------------------------------+----------+
; N/A   ; None         ; 14.700 ns  ; we      ; lpm_ram_io:inst|altram:sram|q[7]~reg_we0 ; CLK      ;
; N/A   ; None         ; 14.700 ns  ; we      ; lpm_ram_io:inst|altram:sram|q[6]~reg_we0 ; CLK      ;
; N/A   ; None         ; 14.700 ns  ; we      ; lpm_ram_io:inst|altram:sram|q[5]~reg_we0 ; CLK      ;
; N/A   ; None         ; 14.700 ns  ; we      ; lpm_ram_io:inst|altram:sram|q[4]~reg_we0 ; CLK      ;
; N/A   ; None         ; 14.700 ns  ; we      ; lpm_ram_io:inst|altram:sram|q[3]~reg_we0 ; CLK      ;
; N/A   ; None         ; 14.700 ns  ; we      ; lpm_ram_io:inst|altram:sram|q[2]~reg_we0 ; CLK      ;
; N/A   ; None         ; 14.700 ns  ; we      ; lpm_ram_io:inst|altram:sram|q[1]~reg_we0 ; CLK      ;
; N/A   ; None         ; 14.700 ns  ; we      ; lpm_ram_io:inst|altram:sram|q[0]~reg_we0 ; CLK      ;
; N/A   ; None         ; 14.700 ns  ; mem     ; lpm_ram_io:inst|altram:sram|q[7]~reg_we0 ; CLK      ;
; N/A   ; None         ; 14.700 ns  ; mem     ; lpm_ram_io:inst|altram:sram|q[6]~reg_we0 ; CLK      ;
; N/A   ; None         ; 14.700 ns  ; mem     ; lpm_ram_io:inst|altram:sram|q[5]~reg_we0 ; CLK      ;
; N/A   ; None         ; 14.700 ns  ; mem     ; lpm_ram_io:inst|altram:sram|q[4]~reg_we0 ; CLK      ;
; N/A   ; None         ; 14.700 ns  ; mem     ; lpm_ram_io:inst|altram:sram|q[3]~reg_we0 ; CLK      ;
; N/A   ; None         ; 14.700 ns  ; mem     ; lpm_ram_io:inst|altram:sram|q[2]~reg_we0 ; CLK      ;
; N/A   ; None         ; 14.700 ns  ; mem     ; lpm_ram_io:inst|altram:sram|q[1]~reg_we0 ; CLK      ;
; N/A   ; None         ; 14.700 ns  ; mem     ; lpm_ram_io:inst|altram:sram|q[0]~reg_we0 ; CLK      ;
; N/A   ; None         ; 12.800 ns  ; d[2]    ; lpm_ram_io:inst|altram:sram|q[2]~reg_in  ; CLK      ;
; N/A   ; None         ; 12.600 ns  ; d[0]    ; lpm_ram_io:inst|altram:sram|q[0]~reg_in  ; CLK      ;
; N/A   ; None         ; 12.500 ns  ; rd      ; lpm_ram_io:inst|altram:sram|q[7]~reg_we0 ; CLK      ;
; N/A   ; None         ; 12.500 ns  ; rd      ; lpm_ram_io:inst|altram:sram|q[6]~reg_we0 ; CLK      ;
; N/A   ; None         ; 12.500 ns  ; rd      ; lpm_ram_io:inst|altram:sram|q[5]~reg_we0 ; CLK      ;
; N/A   ; None         ; 12.500 ns  ; rd      ; lpm_ram_io:inst|altram:sram|q[4]~reg_we0 ; CLK      ;
; N/A   ; None         ; 12.500 ns  ; rd      ; lpm_ram_io:inst|altram:sram|q[3]~reg_we0 ; CLK      ;
; N/A   ; None         ; 12.500 ns  ; rd      ; lpm_ram_io:inst|altram:sram|q[2]~reg_we0 ; CLK      ;
; N/A   ; None         ; 12.500 ns  ; rd      ; lpm_ram_io:inst|altram:sram|q[1]~reg_we0 ; CLK      ;
; N/A   ; None         ; 12.500 ns  ; rd      ; lpm_ram_io:inst|altram:sram|q[0]~reg_we0 ; CLK      ;
; N/A   ; None         ; 8.800 ns   ; d[1]    ; lpm_ram_io:inst|altram:sram|q[1]~reg_in  ; CLK      ;
; N/A   ; None         ; 8.800 ns   ; d[3]    ; lpm_ram_io:inst|altram:sram|q[3]~reg_in  ; CLK      ;
; N/A   ; None         ; 8.800 ns   ; d[4]    ; lpm_ram_io:inst|altram:sram|q[4]~reg_in  ; CLK      ;
; N/A   ; None         ; 8.800 ns   ; d[5]    ; lpm_ram_io:inst|altram:sram|q[5]~reg_in  ; CLK      ;
; N/A   ; None         ; 8.800 ns   ; d[6]    ; lpm_ram_io:inst|altram:sram|q[6]~reg_in  ; CLK      ;
; N/A   ; None         ; 8.800 ns   ; d[7]    ; lpm_ram_io:inst|altram:sram|q[7]~reg_in  ; CLK      ;
; N/A   ; None         ; 4.200 ns   ; addr[7] ; lpm_ram_io:inst|altram:sram|q[7]~reg_ra7 ; CLK      ;
; N/A   ; None         ; 4.200 ns   ; addr[7] ; lpm_ram_io:inst|altram:sram|q[7]~reg_wa7 ; CLK      ;
; N/A   ; None         ; 4.200 ns   ; addr[7] ; lpm_ram_io:inst|altram:sram|q[6]~reg_ra7 ; CLK      ;
; N/A   ; None         ; 4.200 ns   ; addr[7] ; lpm_ram_io:inst|altram:sram|q[6]~reg_wa7 ; CLK      ;
; N/A   ; None         ; 4.200 ns   ; addr[7] ; lpm_ram_io:inst|altram:sram|q[5]~reg_ra7 ; CLK      ;
; N/A   ; None         ; 4.200 ns   ; addr[7] ; lpm_ram_io:inst|altram:sram|q[5]~reg_wa7 ; CLK      ;
; N/A   ; None         ; 4.200 ns   ; addr[7] ; lpm_ram_io:inst|altram:sram|q[4]~reg_ra7 ; CLK      ;
; N/A   ; None         ; 4.200 ns   ; addr[7] ; lpm_ram_io:inst|altram:sram|q[4]~reg_wa7 ; CLK      ;
; N/A   ; None         ; 4.200 ns   ; addr[7] ; lpm_ram_io:inst|altram:sram|q[3]~reg_ra7 ; CLK      ;
; N/A   ; None         ; 4.200 ns   ; addr[7] ; lpm_ram_io:inst|altram:sram|q[3]~reg_wa7 ; CLK      ;
; N/A   ; None         ; 4.200 ns   ; addr[7] ; lpm_ram_io:inst|altram:sram|q[2]~reg_ra7 ; CLK      ;
; N/A   ; None         ; 4.200 ns   ; addr[7] ; lpm_ram_io:inst|altram:sram|q[2]~reg_wa7 ; CLK      ;
; N/A   ; None         ; 4.200 ns   ; addr[7] ; lpm_ram_io:inst|altram:sram|q[1]~reg_ra7 ; CLK      ;
; N/A   ; None         ; 4.200 ns   ; addr[7] ; lpm_ram_io:inst|altram:sram|q[1]~reg_wa7 ; CLK      ;
; N/A   ; None         ; 4.200 ns   ; addr[7] ; lpm_ram_io:inst|altram:sram|q[0]~reg_ra7 ; CLK      ;
; N/A   ; None         ; 4.200 ns   ; addr[7] ; lpm_ram_io:inst|altram:sram|q[0]~reg_wa7 ; CLK      ;
; N/A   ; None         ; 3.700 ns   ; addr[5] ; lpm_ram_io:inst|altram:sram|q[7]~reg_ra5 ; CLK      ;
; N/A   ; None         ; 3.700 ns   ; addr[5] ; lpm_ram_io:inst|altram:sram|q[7]~reg_wa5 ; CLK      ;
; N/A   ; None         ; 3.700 ns   ; addr[5] ; lpm_ram_io:inst|altram:sram|q[6]~reg_ra5 ; CLK      ;
; N/A   ; None         ; 3.700 ns   ; addr[5] ; lpm_ram_io:inst|altram:sram|q[6]~reg_wa5 ; CLK      ;
; N/A   ; None         ; 3.700 ns   ; addr[5] ; lpm_ram_io:inst|altram:sram|q[5]~reg_ra5 ; CLK      ;
; N/A   ; None         ; 3.700 ns   ; addr[5] ; lpm_ram_io:inst|altram:sram|q[5]~reg_wa5 ; CLK      ;
; N/A   ; None         ; 3.700 ns   ; addr[5] ; lpm_ram_io:inst|altram:sram|q[4]~reg_ra5 ; CLK      ;
; N/A   ; None         ; 3.700 ns   ; addr[5] ; lpm_ram_io:inst|altram:sram|q[4]~reg_wa5 ; CLK      ;
; N/A   ; None         ; 3.700 ns   ; addr[5] ; lpm_ram_io:inst|altram:sram|q[3]~reg_ra5 ; CLK      ;
; N/A   ; None         ; 3.700 ns   ; addr[5] ; lpm_ram_io:inst|altram:sram|q[3]~reg_wa5 ; CLK      ;
; N/A   ; None         ; 3.700 ns   ; addr[5] ; lpm_ram_io:inst|altram:sram|q[2]~reg_ra5 ; CLK      ;
; N/A   ; None         ; 3.700 ns   ; addr[5] ; lpm_ram_io:inst|altram:sram|q[2]~reg_wa5 ; CLK      ;
; N/A   ; None         ; 3.700 ns   ; addr[5] ; lpm_ram_io:inst|altram:sram|q[1]~reg_ra5 ; CLK      ;
; N/A   ; None         ; 3.700 ns   ; addr[5] ; lpm_ram_io:inst|altram:sram|q[1]~reg_wa5 ; CLK      ;
; N/A   ; None         ; 3.700 ns   ; addr[5] ; lpm_ram_io:inst|altram:sram|q[0]~reg_ra5 ; CLK      ;
; N/A   ; None         ; 3.700 ns   ; addr[5] ; lpm_ram_io:inst|altram:sram|q[0]~reg_wa5 ; CLK      ;
; N/A   ; None         ; 3.600 ns   ; addr[6] ; lpm_ram_io:inst|altram:sram|q[7]~reg_ra6 ; CLK      ;
; N/A   ; None         ; 3.600 ns   ; addr[6] ; lpm_ram_io:inst|altram:sram|q[7]~reg_wa6 ; CLK      ;
; N/A   ; None         ; 3.600 ns   ; addr[6] ; lpm_ram_io:inst|altram:sram|q[6]~reg_ra6 ; CLK      ;
; N/A   ; None         ; 3.600 ns   ; addr[6] ; lpm_ram_io:inst|altram:sram|q[6]~reg_wa6 ; CLK      ;
; N/A   ; None         ; 3.600 ns   ; addr[6] ; lpm_ram_io:inst|altram:sram|q[5]~reg_ra6 ; CLK      ;
; N/A   ; None         ; 3.600 ns   ; addr[6] ; lpm_ram_io:inst|altram:sram|q[5]~reg_wa6 ; CLK      ;
; N/A   ; None         ; 3.600 ns   ; addr[6] ; lpm_ram_io:inst|altram:sram|q[4]~reg_ra6 ; CLK      ;
; N/A   ; None         ; 3.600 ns   ; addr[6] ; lpm_ram_io:inst|altram:sram|q[4]~reg_wa6 ; CLK      ;
; N/A   ; None         ; 3.600 ns   ; addr[6] ; lpm_ram_io:inst|altram:sram|q[3]~reg_ra6 ; CLK      ;
; N/A   ; None         ; 3.600 ns   ; addr[6] ; lpm_ram_io:inst|altram:sram|q[3]~reg_wa6 ; CLK      ;
; N/A   ; None         ; 3.600 ns   ; addr[6] ; lpm_ram_io:inst|altram:sram|q[2]~reg_ra6 ; CLK      ;
; N/A   ; None         ; 3.600 ns   ; addr[6] ; lpm_ram_io:inst|altram:sram|q[2]~reg_wa6 ; CLK      ;
; N/A   ; None         ; 3.600 ns   ; addr[6] ; lpm_ram_io:inst|altram:sram|q[1]~reg_ra6 ; CLK      ;
; N/A   ; None         ; 3.600 ns   ; addr[6] ; lpm_ram_io:inst|altram:sram|q[1]~reg_wa6 ; CLK      ;
; N/A   ; None         ; 3.600 ns   ; addr[6] ; lpm_ram_io:inst|altram:sram|q[0]~reg_ra6 ; CLK      ;
; N/A   ; None         ; 3.600 ns   ; addr[6] ; lpm_ram_io:inst|altram:sram|q[0]~reg_wa6 ; CLK      ;
; N/A   ; None         ; 2.800 ns   ; addr[4] ; lpm_ram_io:inst|altram:sram|q[7]~reg_ra4 ; CLK      ;
; N/A   ; None         ; 2.800 ns   ; addr[4] ; lpm_ram_io:inst|altram:sram|q[7]~reg_wa4 ; CLK      ;
; N/A   ; None         ; 2.800 ns   ; addr[4] ; lpm_ram_io:inst|altram:sram|q[6]~reg_ra4 ; CLK      ;
; N/A   ; None         ; 2.800 ns   ; addr[4] ; lpm_ram_io:inst|altram:sram|q[6]~reg_wa4 ; CLK      ;
; N/A   ; None         ; 2.800 ns   ; addr[4] ; lpm_ram_io:inst|altram:sram|q[5]~reg_ra4 ; CLK      ;
; N/A   ; None         ; 2.800 ns   ; addr[4] ; lpm_ram_io:inst|altram:sram|q[5]~reg_wa4 ; CLK      ;
; N/A   ; None         ; 2.800 ns   ; addr[4] ; lpm_ram_io:inst|altram:sram|q[4]~reg_ra4 ; CLK      ;
; N/A   ; None         ; 2.800 ns   ; addr[4] ; lpm_ram_io:inst|altram:sram|q[4]~reg_wa4 ; CLK      ;
; N/A   ; None         ; 2.800 ns   ; addr[4] ; lpm_ram_io:inst|altram:sram|q[3]~reg_ra4 ; CLK      ;
; N/A   ; None         ; 2.800 ns   ; addr[4] ; lpm_ram_io:inst|altram:sram|q[3]~reg_wa4 ; CLK      ;
; N/A   ; None         ; 2.800 ns   ; addr[4] ; lpm_ram_io:inst|altram:sram|q[2]~reg_ra4 ; CLK      ;
; N/A   ; None         ; 2.800 ns   ; addr[4] ; lpm_ram_io:inst|altram:sram|q[2]~reg_wa4 ; CLK      ;
; N/A   ; None         ; 2.800 ns   ; addr[4] ; lpm_ram_io:inst|altram:sram|q[1]~reg_ra4 ; CLK      ;
; N/A   ; None         ; 2.800 ns   ; addr[4] ; lpm_ram_io:inst|altram:sram|q[1]~reg_wa4 ; CLK      ;
; N/A   ; None         ; 2.800 ns   ; addr[4] ; lpm_ram_io:inst|altram:sram|q[0]~reg_ra4 ; CLK      ;
; N/A   ; None         ; 2.800 ns   ; addr[4] ; lpm_ram_io:inst|altram:sram|q[0]~reg_wa4 ; CLK      ;
; N/A   ; None         ; 1.000 ns   ; addr[3] ; lpm_ram_io:inst|altram:sram|q[7]~reg_ra3 ; CLK      ;
; N/A   ; None         ; 1.000 ns   ; addr[3] ; lpm_ram_io:inst|altram:sram|q[7]~reg_wa3 ; CLK      ;
; N/A   ; None         ; 1.000 ns   ; addr[3] ; lpm_ram_io:inst|altram:sram|q[6]~reg_ra3 ; CLK      ;
; N/A   ; None         ; 1.000 ns   ; addr[3] ; lpm_ram_io:inst|altram:sram|q[6]~reg_wa3 ; CLK      ;
; N/A   ; None         ; 1.000 ns   ; addr[3] ; lpm_ram_io:inst|altram:sram|q[5]~reg_ra3 ; CLK      ;
; N/A   ; None         ; 1.000 ns   ; addr[3] ; lpm_ram_io:inst|altram:sram|q[5]~reg_wa3 ; CLK      ;
; N/A   ; None         ; 1.000 ns   ; addr[3] ; lpm_ram_io:inst|altram:sram|q[4]~reg_ra3 ; CLK      ;
; N/A   ; None         ; 1.000 ns   ; addr[3] ; lpm_ram_io:inst|altram:sram|q[4]~reg_wa3 ; CLK      ;
; N/A   ; None         ; 1.000 ns   ; addr[3] ; lpm_ram_io:inst|altram:sram|q[3]~reg_ra3 ; CLK      ;
; N/A   ; None         ; 1.000 ns   ; addr[3] ; lpm_ram_io:inst|altram:sram|q[3]~reg_wa3 ; CLK      ;
; N/A   ; None         ; 1.000 ns   ; addr[3] ; lpm_ram_io:inst|altram:sram|q[2]~reg_ra3 ; CLK      ;
; N/A   ; None         ; 1.000 ns   ; addr[3] ; lpm_ram_io:inst|altram:sram|q[2]~reg_wa3 ; CLK      ;
; N/A   ; None         ; 1.000 ns   ; addr[3] ; lpm_ram_io:inst|altram:sram|q[1]~reg_ra3 ; CLK      ;
; N/A   ; None         ; 1.000 ns   ; addr[3] ; lpm_ram_io:inst|altram:sram|q[1]~reg_wa3 ; CLK      ;
; N/A   ; None         ; 1.000 ns   ; addr[3] ; lpm_ram_io:inst|altram:sram|q[0]~reg_ra3 ; CLK      ;
; N/A   ; None         ; 1.000 ns   ; addr[3] ; lpm_ram_io:inst|altram:sram|q[0]~reg_wa3 ; CLK      ;
; N/A   ; None         ; 1.000 ns   ; addr[2] ; lpm_ram_io:inst|altram:sram|q[7]~reg_ra2 ; CLK      ;
; N/A   ; None         ; 1.000 ns   ; addr[2] ; lpm_ram_io:inst|altram:sram|q[7]~reg_wa2 ; CLK      ;
; N/A   ; None         ; 1.000 ns   ; addr[2] ; lpm_ram_io:inst|altram:sram|q[6]~reg_ra2 ; CLK      ;
; N/A   ; None         ; 1.000 ns   ; addr[2] ; lpm_ram_io:inst|altram:sram|q[6]~reg_wa2 ; CLK      ;
; N/A   ; None         ; 1.000 ns   ; addr[2] ; lpm_ram_io:inst|altram:sram|q[5]~reg_ra2 ; CLK      ;
; N/A   ; None         ; 1.000 ns   ; addr[2] ; lpm_ram_io:inst|altram:sram|q[5]~reg_wa2 ; CLK      ;
; N/A   ; None         ; 1.000 ns   ; addr[2] ; lpm_ram_io:inst|altram:sram|q[4]~reg_ra2 ; CLK      ;
; N/A   ; None         ; 1.000 ns   ; addr[2] ; lpm_ram_io:inst|altram:sram|q[4]~reg_wa2 ; CLK      ;
; N/A   ; None         ; 1.000 ns   ; addr[2] ; lpm_ram_io:inst|altram:sram|q[3]~reg_ra2 ; CLK      ;
; N/A   ; None         ; 1.000 ns   ; addr[2] ; lpm_ram_io:inst|altram:sram|q[3]~reg_wa2 ; CLK      ;
; N/A   ; None         ; 1.000 ns   ; addr[2] ; lpm_ram_io:inst|altram:sram|q[2]~reg_ra2 ; CLK      ;
; N/A   ; None         ; 1.000 ns   ; addr[2] ; lpm_ram_io:inst|altram:sram|q[2]~reg_wa2 ; CLK      ;
; N/A   ; None         ; 1.000 ns   ; addr[2] ; lpm_ram_io:inst|altram:sram|q[1]~reg_ra2 ; CLK      ;
; N/A   ; None         ; 1.000 ns   ; addr[2] ; lpm_ram_io:inst|altram:sram|q[1]~reg_wa2 ; CLK      ;
; N/A   ; None         ; 1.000 ns   ; addr[2] ; lpm_ram_io:inst|altram:sram|q[0]~reg_ra2 ; CLK      ;
; N/A   ; None         ; 1.000 ns   ; addr[2] ; lpm_ram_io:inst|altram:sram|q[0]~reg_wa2 ; CLK      ;
; N/A   ; None         ; 1.000 ns   ; addr[1] ; lpm_ram_io:inst|altram:sram|q[7]~reg_ra1 ; CLK      ;
; N/A   ; None         ; 1.000 ns   ; addr[1] ; lpm_ram_io:inst|altram:sram|q[7]~reg_wa1 ; CLK      ;
; N/A   ; None         ; 1.000 ns   ; addr[1] ; lpm_ram_io:inst|altram:sram|q[6]~reg_ra1 ; CLK      ;
; N/A   ; None         ; 1.000 ns   ; addr[1] ; lpm_ram_io:inst|altram:sram|q[6]~reg_wa1 ; CLK      ;
; N/A   ; None         ; 1.000 ns   ; addr[1] ; lpm_ram_io:inst|altram:sram|q[5]~reg_ra1 ; CLK      ;
; N/A   ; None         ; 1.000 ns   ; addr[1] ; lpm_ram_io:inst|altram:sram|q[5]~reg_wa1 ; CLK      ;
; N/A   ; None         ; 1.000 ns   ; addr[1] ; lpm_ram_io:inst|altram:sram|q[4]~reg_ra1 ; CLK      ;
; N/A   ; None         ; 1.000 ns   ; addr[1] ; lpm_ram_io:inst|altram:sram|q[4]~reg_wa1 ; CLK      ;
; N/A   ; None         ; 1.000 ns   ; addr[1] ; lpm_ram_io:inst|altram:sram|q[3]~reg_ra1 ; CLK      ;
; N/A   ; None         ; 1.000 ns   ; addr[1] ; lpm_ram_io:inst|altram:sram|q[3]~reg_wa1 ; CLK      ;
; N/A   ; None         ; 1.000 ns   ; addr[1] ; lpm_ram_io:inst|altram:sram|q[2]~reg_ra1 ; CLK      ;
; N/A   ; None         ; 1.000 ns   ; addr[1] ; lpm_ram_io:inst|altram:sram|q[2]~reg_wa1 ; CLK      ;
; N/A   ; None         ; 1.000 ns   ; addr[1] ; lpm_ram_io:inst|altram:sram|q[1]~reg_ra1 ; CLK      ;
; N/A   ; None         ; 1.000 ns   ; addr[1] ; lpm_ram_io:inst|altram:sram|q[1]~reg_wa1 ; CLK      ;
; N/A   ; None         ; 1.000 ns   ; addr[1] ; lpm_ram_io:inst|altram:sram|q[0]~reg_ra1 ; CLK      ;
; N/A   ; None         ; 1.000 ns   ; addr[1] ; lpm_ram_io:inst|altram:sram|q[0]~reg_wa1 ; CLK      ;
; N/A   ; None         ; 1.000 ns   ; addr[0] ; lpm_ram_io:inst|altram:sram|q[7]~reg_ra0 ; CLK      ;
; N/A   ; None         ; 1.000 ns   ; addr[0] ; lpm_ram_io:inst|altram:sram|q[7]~reg_wa0 ; CLK      ;
; N/A   ; None         ; 1.000 ns   ; addr[0] ; lpm_ram_io:inst|altram:sram|q[6]~reg_ra0 ; CLK      ;
; N/A   ; None         ; 1.000 ns   ; addr[0] ; lpm_ram_io:inst|altram:sram|q[6]~reg_wa0 ; CLK      ;
; N/A   ; None         ; 1.000 ns   ; addr[0] ; lpm_ram_io:inst|altram:sram|q[5]~reg_ra0 ; CLK      ;
; N/A   ; None         ; 1.000 ns   ; addr[0] ; lpm_ram_io:inst|altram:sram|q[5]~reg_wa0 ; CLK      ;
; N/A   ; None         ; 1.000 ns   ; addr[0] ; lpm_ram_io:inst|altram:sram|q[4]~reg_ra0 ; CLK      ;
; N/A   ; None         ; 1.000 ns   ; addr[0] ; lpm_ram_io:inst|altram:sram|q[4]~reg_wa0 ; CLK      ;
; N/A   ; None         ; 1.000 ns   ; addr[0] ; lpm_ram_io:inst|altram:sram|q[3]~reg_ra0 ; CLK      ;
; N/A   ; None         ; 1.000 ns   ; addr[0] ; lpm_ram_io:inst|altram:sram|q[3]~reg_wa0 ; CLK      ;
; N/A   ; None         ; 1.000 ns   ; addr[0] ; lpm_ram_io:inst|altram:sram|q[2]~reg_ra0 ; CLK      ;
; N/A   ; None         ; 1.000 ns   ; addr[0] ; lpm_ram_io:inst|altram:sram|q[2]~reg_wa0 ; CLK      ;
; N/A   ; None         ; 1.000 ns   ; addr[0] ; lpm_ram_io:inst|altram:sram|q[1]~reg_ra0 ; CLK      ;
; N/A   ; None         ; 1.000 ns   ; addr[0] ; lpm_ram_io:inst|altram:sram|q[1]~reg_wa0 ; CLK      ;
; N/A   ; None         ; 1.000 ns   ; addr[0] ; lpm_ram_io:inst|altram:sram|q[0]~reg_ra0 ; CLK      ;
; N/A   ; None         ; 1.000 ns   ; addr[0] ; lpm_ram_io:inst|altram:sram|q[0]~reg_wa0 ; CLK      ;
+-------+--------------+------------+---------+------------------------------------------+----------+


+--------------------------------------------------------------------------------------------------+
; tco                                                                                              ;
+-------+--------------+------------+------------------------------------------+------+------------+
; Slack ; Required tco ; Actual tco ; From                                     ; To   ; From Clock ;
+-------+--------------+------------+------------------------------------------+------+------------+
; N/A   ; None         ; 28.100 ns  ; lpm_ram_io:inst|altram:sram|q[2]~reg_ra0 ; d[2] ; CLK        ;
; N/A   ; None         ; 28.100 ns  ; lpm_ram_io:inst|altram:sram|q[2]~reg_ra1 ; d[2] ; CLK        ;
; N/A   ; None         ; 28.100 ns  ; lpm_ram_io:inst|altram:sram|q[2]~reg_ra2 ; d[2] ; CLK        ;
; N/A   ; None         ; 28.100 ns  ; lpm_ram_io:inst|altram:sram|q[2]~reg_ra3 ; d[2] ; CLK        ;
; N/A   ; None         ; 28.100 ns  ; lpm_ram_io:inst|altram:sram|q[2]~reg_ra4 ; d[2] ; CLK        ;
; N/A   ; None         ; 28.100 ns  ; lpm_ram_io:inst|altram:sram|q[2]~reg_ra5 ; d[2] ; CLK        ;
; N/A   ; None         ; 28.100 ns  ; lpm_ram_io:inst|altram:sram|q[2]~reg_ra6 ; d[2] ; CLK        ;
; N/A   ; None         ; 28.100 ns  ; lpm_ram_io:inst|altram:sram|q[2]~reg_ra7 ; d[2] ; CLK        ;
; N/A   ; None         ; 28.100 ns  ; lpm_ram_io:inst|altram:sram|q[2]~reg_wa0 ; d[2] ; CLK        ;
; N/A   ; None         ; 28.100 ns  ; lpm_ram_io:inst|altram:sram|q[2]~reg_wa1 ; d[2] ; CLK        ;
; N/A   ; None         ; 28.100 ns  ; lpm_ram_io:inst|altram:sram|q[2]~reg_wa2 ; d[2] ; CLK        ;
; N/A   ; None         ; 28.100 ns  ; lpm_ram_io:inst|altram:sram|q[2]~reg_wa3 ; d[2] ; CLK        ;
; N/A   ; None         ; 28.100 ns  ; lpm_ram_io:inst|altram:sram|q[2]~reg_wa4 ; d[2] ; CLK        ;
; N/A   ; None         ; 28.100 ns  ; lpm_ram_io:inst|altram:sram|q[2]~reg_wa5 ; d[2] ; CLK        ;
; N/A   ; None         ; 28.100 ns  ; lpm_ram_io:inst|altram:sram|q[2]~reg_wa6 ; d[2] ; CLK        ;
; N/A   ; None         ; 28.100 ns  ; lpm_ram_io:inst|altram:sram|q[2]~reg_wa7 ; d[2] ; CLK        ;
; N/A   ; None         ; 28.000 ns  ; lpm_ram_io:inst|altram:sram|q[0]~reg_ra0 ; d[0] ; CLK        ;
; N/A   ; None         ; 28.000 ns  ; lpm_ram_io:inst|altram:sram|q[0]~reg_ra1 ; d[0] ; CLK        ;
; N/A   ; None         ; 28.000 ns  ; lpm_ram_io:inst|altram:sram|q[0]~reg_ra2 ; d[0] ; CLK        ;
; N/A   ; None         ; 28.000 ns  ; lpm_ram_io:inst|altram:sram|q[0]~reg_ra3 ; d[0] ; CLK        ;
; N/A   ; None         ; 28.000 ns  ; lpm_ram_io:inst|altram:sram|q[0]~reg_ra4 ; d[0] ; CLK        ;
; N/A   ; None         ; 28.000 ns  ; lpm_ram_io:inst|altram:sram|q[0]~reg_ra5 ; d[0] ; CLK        ;
; N/A   ; None         ; 28.000 ns  ; lpm_ram_io:inst|altram:sram|q[0]~reg_ra6 ; d[0] ; CLK        ;
; N/A   ; None         ; 28.000 ns  ; lpm_ram_io:inst|altram:sram|q[0]~reg_ra7 ; d[0] ; CLK        ;
; N/A   ; None         ; 28.000 ns  ; lpm_ram_io:inst|altram:sram|q[0]~reg_wa0 ; d[0] ; CLK        ;
; N/A   ; None         ; 28.000 ns  ; lpm_ram_io:inst|altram:sram|q[0]~reg_wa1 ; d[0] ; CLK        ;
; N/A   ; None         ; 28.000 ns  ; lpm_ram_io:inst|altram:sram|q[0]~reg_wa2 ; d[0] ; CLK        ;
; N/A   ; None         ; 28.000 ns  ; lpm_ram_io:inst|altram:sram|q[0]~reg_wa3 ; d[0] ; CLK        ;
; N/A   ; None         ; 28.000 ns  ; lpm_ram_io:inst|altram:sram|q[0]~reg_wa4 ; d[0] ; CLK        ;
; N/A   ; None         ; 28.000 ns  ; lpm_ram_io:inst|altram:sram|q[0]~reg_wa5 ; d[0] ; CLK        ;
; N/A   ; None         ; 28.000 ns  ; lpm_ram_io:inst|altram:sram|q[0]~reg_wa6 ; d[0] ; CLK        ;
; N/A   ; None         ; 28.000 ns  ; lpm_ram_io:inst|altram:sram|q[0]~reg_wa7 ; d[0] ; CLK        ;
; N/A   ; None         ; 26.600 ns  ; lpm_ram_io:inst|altram:sram|q[1]~reg_ra0 ; d[1] ; CLK        ;
; N/A   ; None         ; 26.600 ns  ; lpm_ram_io:inst|altram:sram|q[1]~reg_ra1 ; d[1] ; CLK        ;
; N/A   ; None         ; 26.600 ns  ; lpm_ram_io:inst|altram:sram|q[1]~reg_ra2 ; d[1] ; CLK        ;
; N/A   ; None         ; 26.600 ns  ; lpm_ram_io:inst|altram:sram|q[1]~reg_ra3 ; d[1] ; CLK        ;
; N/A   ; None         ; 26.600 ns  ; lpm_ram_io:inst|altram:sram|q[1]~reg_ra4 ; d[1] ; CLK        ;
; N/A   ; None         ; 26.600 ns  ; lpm_ram_io:inst|altram:sram|q[1]~reg_ra5 ; d[1] ; CLK        ;
; N/A   ; None         ; 26.600 ns  ; lpm_ram_io:inst|altram:sram|q[1]~reg_ra6 ; d[1] ; CLK        ;
; N/A   ; None         ; 26.600 ns  ; lpm_ram_io:inst|altram:sram|q[1]~reg_ra7 ; d[1] ; CLK        ;
; N/A   ; None         ; 26.600 ns  ; lpm_ram_io:inst|altram:sram|q[1]~reg_wa0 ; d[1] ; CLK        ;
; N/A   ; None         ; 26.600 ns  ; lpm_ram_io:inst|altram:sram|q[1]~reg_wa1 ; d[1] ; CLK        ;
; N/A   ; None         ; 26.600 ns  ; lpm_ram_io:inst|altram:sram|q[1]~reg_wa2 ; d[1] ; CLK        ;
; N/A   ; None         ; 26.600 ns  ; lpm_ram_io:inst|altram:sram|q[1]~reg_wa3 ; d[1] ; CLK        ;
; N/A   ; None         ; 26.600 ns  ; lpm_ram_io:inst|altram:sram|q[1]~reg_wa4 ; d[1] ; CLK        ;
; N/A   ; None         ; 26.600 ns  ; lpm_ram_io:inst|altram:sram|q[1]~reg_wa5 ; d[1] ; CLK        ;
; N/A   ; None         ; 26.600 ns  ; lpm_ram_io:inst|altram:sram|q[1]~reg_wa6 ; d[1] ; CLK        ;
; N/A   ; None         ; 26.600 ns  ; lpm_ram_io:inst|altram:sram|q[1]~reg_wa7 ; d[1] ; CLK        ;
; N/A   ; None         ; 26.600 ns  ; lpm_ram_io:inst|altram:sram|q[3]~reg_ra0 ; d[3] ; CLK        ;
; N/A   ; None         ; 26.600 ns  ; lpm_ram_io:inst|altram:sram|q[3]~reg_ra1 ; d[3] ; CLK        ;
; N/A   ; None         ; 26.600 ns  ; lpm_ram_io:inst|altram:sram|q[3]~reg_ra2 ; d[3] ; CLK        ;
; N/A   ; None         ; 26.600 ns  ; lpm_ram_io:inst|altram:sram|q[3]~reg_ra3 ; d[3] ; CLK        ;
; N/A   ; None         ; 26.600 ns  ; lpm_ram_io:inst|altram:sram|q[3]~reg_ra4 ; d[3] ; CLK        ;
; N/A   ; None         ; 26.600 ns  ; lpm_ram_io:inst|altram:sram|q[3]~reg_ra5 ; d[3] ; CLK        ;
; N/A   ; None         ; 26.600 ns  ; lpm_ram_io:inst|altram:sram|q[3]~reg_ra6 ; d[3] ; CLK        ;
; N/A   ; None         ; 26.600 ns  ; lpm_ram_io:inst|altram:sram|q[3]~reg_ra7 ; d[3] ; CLK        ;
; N/A   ; None         ; 26.600 ns  ; lpm_ram_io:inst|altram:sram|q[3]~reg_wa0 ; d[3] ; CLK        ;
; N/A   ; None         ; 26.600 ns  ; lpm_ram_io:inst|altram:sram|q[3]~reg_wa1 ; d[3] ; CLK        ;
; N/A   ; None         ; 26.600 ns  ; lpm_ram_io:inst|altram:sram|q[3]~reg_wa2 ; d[3] ; CLK        ;
; N/A   ; None         ; 26.600 ns  ; lpm_ram_io:inst|altram:sram|q[3]~reg_wa3 ; d[3] ; CLK        ;
; N/A   ; None         ; 26.600 ns  ; lpm_ram_io:inst|altram:sram|q[3]~reg_wa4 ; d[3] ; CLK        ;
; N/A   ; None         ; 26.600 ns  ; lpm_ram_io:inst|altram:sram|q[3]~reg_wa5 ; d[3] ; CLK        ;
; N/A   ; None         ; 26.600 ns  ; lpm_ram_io:inst|altram:sram|q[3]~reg_wa6 ; d[3] ; CLK        ;
; N/A   ; None         ; 26.600 ns  ; lpm_ram_io:inst|altram:sram|q[3]~reg_wa7 ; d[3] ; CLK        ;
; N/A   ; None         ; 26.600 ns  ; lpm_ram_io:inst|altram:sram|q[4]~reg_ra0 ; d[4] ; CLK        ;
; N/A   ; None         ; 26.600 ns  ; lpm_ram_io:inst|altram:sram|q[4]~reg_ra1 ; d[4] ; CLK        ;
; N/A   ; None         ; 26.600 ns  ; lpm_ram_io:inst|altram:sram|q[4]~reg_ra2 ; d[4] ; CLK        ;
; N/A   ; None         ; 26.600 ns  ; lpm_ram_io:inst|altram:sram|q[4]~reg_ra3 ; d[4] ; CLK        ;
; N/A   ; None         ; 26.600 ns  ; lpm_ram_io:inst|altram:sram|q[4]~reg_ra4 ; d[4] ; CLK        ;
; N/A   ; None         ; 26.600 ns  ; lpm_ram_io:inst|altram:sram|q[4]~reg_ra5 ; d[4] ; CLK        ;
; N/A   ; None         ; 26.600 ns  ; lpm_ram_io:inst|altram:sram|q[4]~reg_ra6 ; d[4] ; CLK        ;
; N/A   ; None         ; 26.600 ns  ; lpm_ram_io:inst|altram:sram|q[4]~reg_ra7 ; d[4] ; CLK        ;
; N/A   ; None         ; 26.600 ns  ; lpm_ram_io:inst|altram:sram|q[4]~reg_wa0 ; d[4] ; CLK        ;
; N/A   ; None         ; 26.600 ns  ; lpm_ram_io:inst|altram:sram|q[4]~reg_wa1 ; d[4] ; CLK        ;
; N/A   ; None         ; 26.600 ns  ; lpm_ram_io:inst|altram:sram|q[4]~reg_wa2 ; d[4] ; CLK        ;
; N/A   ; None         ; 26.600 ns  ; lpm_ram_io:inst|altram:sram|q[4]~reg_wa3 ; d[4] ; CLK        ;
; N/A   ; None         ; 26.600 ns  ; lpm_ram_io:inst|altram:sram|q[4]~reg_wa4 ; d[4] ; CLK        ;
; N/A   ; None         ; 26.600 ns  ; lpm_ram_io:inst|altram:sram|q[4]~reg_wa5 ; d[4] ; CLK        ;
; N/A   ; None         ; 26.600 ns  ; lpm_ram_io:inst|altram:sram|q[4]~reg_wa6 ; d[4] ; CLK        ;
; N/A   ; None         ; 26.600 ns  ; lpm_ram_io:inst|altram:sram|q[4]~reg_wa7 ; d[4] ; CLK        ;
; N/A   ; None         ; 26.600 ns  ; lpm_ram_io:inst|altram:sram|q[5]~reg_ra0 ; d[5] ; CLK        ;
; N/A   ; None         ; 26.600 ns  ; lpm_ram_io:inst|altram:sram|q[5]~reg_ra1 ; d[5] ; CLK        ;
; N/A   ; None         ; 26.600 ns  ; lpm_ram_io:inst|altram:sram|q[5]~reg_ra2 ; d[5] ; CLK        ;
; N/A   ; None         ; 26.600 ns  ; lpm_ram_io:inst|altram:sram|q[5]~reg_ra3 ; d[5] ; CLK        ;
; N/A   ; None         ; 26.600 ns  ; lpm_ram_io:inst|altram:sram|q[5]~reg_ra4 ; d[5] ; CLK        ;
; N/A   ; None         ; 26.600 ns  ; lpm_ram_io:inst|altram:sram|q[5]~reg_ra5 ; d[5] ; CLK        ;
; N/A   ; None         ; 26.600 ns  ; lpm_ram_io:inst|altram:sram|q[5]~reg_ra6 ; d[5] ; CLK        ;
; N/A   ; None         ; 26.600 ns  ; lpm_ram_io:inst|altram:sram|q[5]~reg_ra7 ; d[5] ; CLK        ;
; N/A   ; None         ; 26.600 ns  ; lpm_ram_io:inst|altram:sram|q[5]~reg_wa0 ; d[5] ; CLK        ;
; N/A   ; None         ; 26.600 ns  ; lpm_ram_io:inst|altram:sram|q[5]~reg_wa1 ; d[5] ; CLK        ;
; N/A   ; None         ; 26.600 ns  ; lpm_ram_io:inst|altram:sram|q[5]~reg_wa2 ; d[5] ; CLK        ;
; N/A   ; None         ; 26.600 ns  ; lpm_ram_io:inst|altram:sram|q[5]~reg_wa3 ; d[5] ; CLK        ;
; N/A   ; None         ; 26.600 ns  ; lpm_ram_io:inst|altram:sram|q[5]~reg_wa4 ; d[5] ; CLK        ;
; N/A   ; None         ; 26.600 ns  ; lpm_ram_io:inst|altram:sram|q[5]~reg_wa5 ; d[5] ; CLK        ;
; N/A   ; None         ; 26.600 ns  ; lpm_ram_io:inst|altram:sram|q[5]~reg_wa6 ; d[5] ; CLK        ;
; N/A   ; None         ; 26.600 ns  ; lpm_ram_io:inst|altram:sram|q[5]~reg_wa7 ; d[5] ; CLK        ;
; N/A   ; None         ; 26.600 ns  ; lpm_ram_io:inst|altram:sram|q[6]~reg_ra0 ; d[6] ; CLK        ;
; N/A   ; None         ; 26.600 ns  ; lpm_ram_io:inst|altram:sram|q[6]~reg_ra1 ; d[6] ; CLK        ;
; N/A   ; None         ; 26.600 ns  ; lpm_ram_io:inst|altram:sram|q[6]~reg_ra2 ; d[6] ; CLK        ;
; N/A   ; None         ; 26.600 ns  ; lpm_ram_io:inst|altram:sram|q[6]~reg_ra3 ; d[6] ; CLK        ;
; N/A   ; None         ; 26.600 ns  ; lpm_ram_io:inst|altram:sram|q[6]~reg_ra4 ; d[6] ; CLK        ;
; N/A   ; None         ; 26.600 ns  ; lpm_ram_io:inst|altram:sram|q[6]~reg_ra5 ; d[6] ; CLK        ;
; N/A   ; None         ; 26.600 ns  ; lpm_ram_io:inst|altram:sram|q[6]~reg_ra6 ; d[6] ; CLK        ;
; N/A   ; None         ; 26.600 ns  ; lpm_ram_io:inst|altram:sram|q[6]~reg_ra7 ; d[6] ; CLK        ;
; N/A   ; None         ; 26.600 ns  ; lpm_ram_io:inst|altram:sram|q[6]~reg_wa0 ; d[6] ; CLK        ;
; N/A   ; None         ; 26.600 ns  ; lpm_ram_io:inst|altram:sram|q[6]~reg_wa1 ; d[6] ; CLK        ;
; N/A   ; None         ; 26.600 ns  ; lpm_ram_io:inst|altram:sram|q[6]~reg_wa2 ; d[6] ; CLK        ;
; N/A   ; None         ; 26.600 ns  ; lpm_ram_io:inst|altram:sram|q[6]~reg_wa3 ; d[6] ; CLK        ;
; N/A   ; None         ; 26.600 ns  ; lpm_ram_io:inst|altram:sram|q[6]~reg_wa4 ; d[6] ; CLK        ;
; N/A   ; None         ; 26.600 ns  ; lpm_ram_io:inst|altram:sram|q[6]~reg_wa5 ; d[6] ; CLK        ;
; N/A   ; None         ; 26.600 ns  ; lpm_ram_io:inst|altram:sram|q[6]~reg_wa6 ; d[6] ; CLK        ;
; N/A   ; None         ; 26.600 ns  ; lpm_ram_io:inst|altram:sram|q[6]~reg_wa7 ; d[6] ; CLK        ;
; N/A   ; None         ; 26.600 ns  ; lpm_ram_io:inst|altram:sram|q[7]~reg_ra0 ; d[7] ; CLK        ;
; N/A   ; None         ; 26.600 ns  ; lpm_ram_io:inst|altram:sram|q[7]~reg_ra1 ; d[7] ; CLK        ;
; N/A   ; None         ; 26.600 ns  ; lpm_ram_io:inst|altram:sram|q[7]~reg_ra2 ; d[7] ; CLK        ;
; N/A   ; None         ; 26.600 ns  ; lpm_ram_io:inst|altram:sram|q[7]~reg_ra3 ; d[7] ; CLK        ;
; N/A   ; None         ; 26.600 ns  ; lpm_ram_io:inst|altram:sram|q[7]~reg_ra4 ; d[7] ; CLK        ;
; N/A   ; None         ; 26.600 ns  ; lpm_ram_io:inst|altram:sram|q[7]~reg_ra5 ; d[7] ; CLK        ;
; N/A   ; None         ; 26.600 ns  ; lpm_ram_io:inst|altram:sram|q[7]~reg_ra6 ; d[7] ; CLK        ;
; N/A   ; None         ; 26.600 ns  ; lpm_ram_io:inst|altram:sram|q[7]~reg_ra7 ; d[7] ; CLK        ;
; N/A   ; None         ; 26.600 ns  ; lpm_ram_io:inst|altram:sram|q[7]~reg_wa0 ; d[7] ; CLK        ;
; N/A   ; None         ; 26.600 ns  ; lpm_ram_io:inst|altram:sram|q[7]~reg_wa1 ; d[7] ; CLK        ;
; N/A   ; None         ; 26.600 ns  ; lpm_ram_io:inst|altram:sram|q[7]~reg_wa2 ; d[7] ; CLK        ;
; N/A   ; None         ; 26.600 ns  ; lpm_ram_io:inst|altram:sram|q[7]~reg_wa3 ; d[7] ; CLK        ;
; N/A   ; None         ; 26.600 ns  ; lpm_ram_io:inst|altram:sram|q[7]~reg_wa4 ; d[7] ; CLK        ;
; N/A   ; None         ; 26.600 ns  ; lpm_ram_io:inst|altram:sram|q[7]~reg_wa5 ; d[7] ; CLK        ;
; N/A   ; None         ; 26.600 ns  ; lpm_ram_io:inst|altram:sram|q[7]~reg_wa6 ; d[7] ; CLK        ;
; N/A   ; None         ; 26.600 ns  ; lpm_ram_io:inst|altram:sram|q[7]~reg_wa7 ; d[7] ; CLK        ;
; N/A   ; None         ; 23.600 ns  ; lpm_ram_io:inst|altram:sram|q[2]~reg_in  ; d[2] ; CLK        ;
; N/A   ; None         ; 23.500 ns  ; lpm_ram_io:inst|altram:sram|q[0]~reg_in  ; d[0] ; CLK        ;
; N/A   ; None         ; 22.100 ns  ; lpm_ram_io:inst|altram:sram|q[1]~reg_in  ; d[1] ; CLK        ;
; N/A   ; None         ; 22.100 ns  ; lpm_ram_io:inst|altram:sram|q[3]~reg_in  ; d[3] ; CLK        ;
; N/A   ; None         ; 22.100 ns  ; lpm_ram_io:inst|altram:sram|q[4]~reg_in  ; d[4] ; CLK        ;
; N/A   ; None         ; 22.100 ns  ; lpm_ram_io:inst|altram:sram|q[5]~reg_in  ; d[5] ; CLK        ;
; N/A   ; None         ; 22.100 ns  ; lpm_ram_io:inst|altram:sram|q[6]~reg_in  ; d[6] ; CLK        ;
; N/A   ; None         ; 22.100 ns  ; lpm_ram_io:inst|altram:sram|q[7]~reg_in  ; d[7] ; CLK        ;
+-------+--------------+------------+------------------------------------------+------+------------+


+-----------------------------------------------------------+
; tpd                                                       ;
+-------+-------------------+-----------------+------+------+
; Slack ; Required P2P Time ; Actual P2P Time ; From ; To   ;
+-------+-------------------+-----------------+------+------+
; N/A   ; None              ; 20.300 ns       ; mem  ; d[2] ;
; N/A   ; None              ; 20.200 ns       ; mem  ; d[0] ;
; N/A   ; None              ; 19.700 ns       ; mem  ; d[1] ;
; N/A   ; None              ; 19.700 ns       ; mem  ; d[4] ;
; N/A   ; None              ; 19.700 ns       ; mem  ; d[5] ;
; N/A   ; None              ; 19.300 ns       ; mem  ; d[3] ;
; N/A   ; None              ; 19.300 ns       ; mem  ; d[6] ;
; N/A   ; None              ; 19.300 ns       ; mem  ; d[7] ;
; N/A   ; None              ; 19.100 ns       ; rd   ; d[2] ;
; N/A   ; None              ; 19.000 ns       ; rd   ; d[0] ;
; N/A   ; None              ; 18.500 ns       ; rd   ; d[1] ;
; N/A   ; None              ; 18.500 ns       ; rd   ; d[4] ;
; N/A   ; None              ; 18.500 ns       ; rd   ; d[5] ;
; N/A   ; None              ; 18.100 ns       ; rd   ; d[3] ;
; N/A   ; None              ; 18.100 ns       ; rd   ; d[6] ;
; N/A   ; None              ; 18.100 ns       ; rd   ; d[7] ;
+-------+-------------------+-----------------+------+------+


+----------------------------------------------------------------------------------------------------------+
; th                                                                                                       ;
+---------------+-------------+------------+---------+------------------------------------------+----------+
; Minimum Slack ; Required th ; Actual th  ; From    ; To                                       ; To Clock ;
+---------------+-------------+------------+---------+------------------------------------------+----------+
; N/A           ; None        ; 3.300 ns   ; addr[3] ; lpm_ram_io:inst|altram:sram|q[7]~reg_ra3 ; CLK      ;
; N/A           ; None        ; 3.300 ns   ; addr[3] ; lpm_ram_io:inst|altram:sram|q[7]~reg_wa3 ; CLK      ;
; N/A           ; None        ; 3.300 ns   ; addr[3] ; lpm_ram_io:inst|altram:sram|q[6]~reg_ra3 ; CLK      ;
; N/A           ; None        ; 3.300 ns   ; addr[3] ; lpm_ram_io:inst|altram:sram|q[6]~reg_wa3 ; CLK      ;
; N/A           ; None        ; 3.300 ns   ; addr[3] ; lpm_ram_io:inst|altram:sram|q[5]~reg_ra3 ; CLK      ;
; N/A           ; None        ; 3.300 ns   ; addr[3] ; lpm_ram_io:inst|altram:sram|q[5]~reg_wa3 ; CLK      ;
; N/A           ; None        ; 3.300 ns   ; addr[3] ; lpm_ram_io:inst|altram:sram|q[4]~reg_ra3 ; CLK      ;
; N/A           ; None        ; 3.300 ns   ; addr[3] ; lpm_ram_io:inst|altram:sram|q[4]~reg_wa3 ; CLK      ;
; N/A           ; None        ; 3.300 ns   ; addr[3] ; lpm_ram_io:inst|altram:sram|q[3]~reg_ra3 ; CLK      ;
; N/A           ; None        ; 3.300 ns   ; addr[3] ; lpm_ram_io:inst|altram:sram|q[3]~reg_wa3 ; CLK      ;
; N/A           ; None        ; 3.300 ns   ; addr[3] ; lpm_ram_io:inst|altram:sram|q[2]~reg_ra3 ; CLK      ;
; N/A           ; None        ; 3.300 ns   ; addr[3] ; lpm_ram_io:inst|altram:sram|q[2]~reg_wa3 ; CLK      ;
; N/A           ; None        ; 3.300 ns   ; addr[3] ; lpm_ram_io:inst|altram:sram|q[1]~reg_ra3 ; CLK      ;
; N/A           ; None        ; 3.300 ns   ; addr[3] ; lpm_ram_io:inst|altram:sram|q[1]~reg_wa3 ; CLK      ;
; N/A           ; None        ; 3.300 ns   ; addr[3] ; lpm_ram_io:inst|altram:sram|q[0]~reg_ra3 ; CLK      ;
; N/A           ; None        ; 3.300 ns   ; addr[3] ; lpm_ram_io:inst|altram:sram|q[0]~reg_wa3 ; CLK      ;
; N/A           ; None        ; 3.300 ns   ; addr[2] ; lpm_ram_io:inst|altram:sram|q[7]~reg_ra2 ; CLK      ;
; N/A           ; None        ; 3.300 ns   ; addr[2] ; lpm_ram_io:inst|altram:sram|q[7]~reg_wa2 ; CLK      ;
; N/A           ; None        ; 3.300 ns   ; addr[2] ; lpm_ram_io:inst|altram:sram|q[6]~reg_ra2 ; CLK      ;
; N/A           ; None        ; 3.300 ns   ; addr[2] ; lpm_ram_io:inst|altram:sram|q[6]~reg_wa2 ; CLK      ;
; N/A           ; None        ; 3.300 ns   ; addr[2] ; lpm_ram_io:inst|altram:sram|q[5]~reg_ra2 ; CLK      ;
; N/A           ; None        ; 3.300 ns   ; addr[2] ; lpm_ram_io:inst|altram:sram|q[5]~reg_wa2 ; CLK      ;
; N/A           ; None        ; 3.300 ns   ; addr[2] ; lpm_ram_io:inst|altram:sram|q[4]~reg_ra2 ; CLK      ;
; N/A           ; None        ; 3.300 ns   ; addr[2] ; lpm_ram_io:inst|altram:sram|q[4]~reg_wa2 ; CLK      ;
; N/A           ; None        ; 3.300 ns   ; addr[2] ; lpm_ram_io:inst|altram:sram|q[3]~reg_ra2 ; CLK      ;
; N/A           ; None        ; 3.300 ns   ; addr[2] ; lpm_ram_io:inst|altram:sram|q[3]~reg_wa2 ; CLK      ;
; N/A           ; None        ; 3.300 ns   ; addr[2] ; lpm_ram_io:inst|altram:sram|q[2]~reg_ra2 ; CLK      ;
; N/A           ; None        ; 3.300 ns   ; addr[2] ; lpm_ram_io:inst|altram:sram|q[2]~reg_wa2 ; CLK      ;
; N/A           ; None        ; 3.300 ns   ; addr[2] ; lpm_ram_io:inst|altram:sram|q[1]~reg_ra2 ; CLK      ;
; N/A           ; None        ; 3.300 ns   ; addr[2] ; lpm_ram_io:inst|altram:sram|q[1]~reg_wa2 ; CLK      ;
; N/A           ; None        ; 3.300 ns   ; addr[2] ; lpm_ram_io:inst|altram:sram|q[0]~reg_ra2 ; CLK      ;
; N/A           ; None        ; 3.300 ns   ; addr[2] ; lpm_ram_io:inst|altram:sram|q[0]~reg_wa2 ; CLK      ;
; N/A           ; None        ; 3.300 ns   ; addr[1] ; lpm_ram_io:inst|altram:sram|q[7]~reg_ra1 ; CLK      ;
; N/A           ; None        ; 3.300 ns   ; addr[1] ; lpm_ram_io:inst|altram:sram|q[7]~reg_wa1 ; CLK      ;
; N/A           ; None        ; 3.300 ns   ; addr[1] ; lpm_ram_io:inst|altram:sram|q[6]~reg_ra1 ; CLK      ;
; N/A           ; None        ; 3.300 ns   ; addr[1] ; lpm_ram_io:inst|altram:sram|q[6]~reg_wa1 ; CLK      ;
; N/A           ; None        ; 3.300 ns   ; addr[1] ; lpm_ram_io:inst|altram:sram|q[5]~reg_ra1 ; CLK      ;
; N/A           ; None        ; 3.300 ns   ; addr[1] ; lpm_ram_io:inst|altram:sram|q[5]~reg_wa1 ; CLK      ;
; N/A           ; None        ; 3.300 ns   ; addr[1] ; lpm_ram_io:inst|altram:sram|q[4]~reg_ra1 ; CLK      ;
; N/A           ; None        ; 3.300 ns   ; addr[1] ; lpm_ram_io:inst|altram:sram|q[4]~reg_wa1 ; CLK      ;
; N/A           ; None        ; 3.300 ns   ; addr[1] ; lpm_ram_io:inst|altram:sram|q[3]~reg_ra1 ; CLK      ;
; N/A           ; None        ; 3.300 ns   ; addr[1] ; lpm_ram_io:inst|altram:sram|q[3]~reg_wa1 ; CLK      ;
; N/A           ; None        ; 3.300 ns   ; addr[1] ; lpm_ram_io:inst|altram:sram|q[2]~reg_ra1 ; CLK      ;
; N/A           ; None        ; 3.300 ns   ; addr[1] ; lpm_ram_io:inst|altram:sram|q[2]~reg_wa1 ; CLK      ;
; N/A           ; None        ; 3.300 ns   ; addr[1] ; lpm_ram_io:inst|altram:sram|q[1]~reg_ra1 ; CLK      ;
; N/A           ; None        ; 3.300 ns   ; addr[1] ; lpm_ram_io:inst|altram:sram|q[1]~reg_wa1 ; CLK      ;
; N/A           ; None        ; 3.300 ns   ; addr[1] ; lpm_ram_io:inst|altram:sram|q[0]~reg_ra1 ; CLK      ;
; N/A           ; None        ; 3.300 ns   ; addr[1] ; lpm_ram_io:inst|altram:sram|q[0]~reg_wa1 ; CLK      ;
; N/A           ; None        ; 3.300 ns   ; addr[0] ; lpm_ram_io:inst|altram:sram|q[7]~reg_ra0 ; CLK      ;
; N/A           ; None        ; 3.300 ns   ; addr[0] ; lpm_ram_io:inst|altram:sram|q[7]~reg_wa0 ; CLK      ;
; N/A           ; None        ; 3.300 ns   ; addr[0] ; lpm_ram_io:inst|altram:sram|q[6]~reg_ra0 ; CLK      ;
; N/A           ; None        ; 3.300 ns   ; addr[0] ; lpm_ram_io:inst|altram:sram|q[6]~reg_wa0 ; CLK      ;
; N/A           ; None        ; 3.300 ns   ; addr[0] ; lpm_ram_io:inst|altram:sram|q[5]~reg_ra0 ; CLK      ;
; N/A           ; None        ; 3.300 ns   ; addr[0] ; lpm_ram_io:inst|altram:sram|q[5]~reg_wa0 ; CLK      ;
; N/A           ; None        ; 3.300 ns   ; addr[0] ; lpm_ram_io:inst|altram:sram|q[4]~reg_ra0 ; CLK      ;
; N/A           ; None        ; 3.300 ns   ; addr[0] ; lpm_ram_io:inst|altram:sram|q[4]~reg_wa0 ; CLK      ;
; N/A           ; None        ; 3.300 ns   ; addr[0] ; lpm_ram_io:inst|altram:sram|q[3]~reg_ra0 ; CLK      ;
; N/A           ; None        ; 3.300 ns   ; addr[0] ; lpm_ram_io:inst|altram:sram|q[3]~reg_wa0 ; CLK      ;
; N/A           ; None        ; 3.300 ns   ; addr[0] ; lpm_ram_io:inst|altram:sram|q[2]~reg_ra0 ; CLK      ;
; N/A           ; None        ; 3.300 ns   ; addr[0] ; lpm_ram_io:inst|altram:sram|q[2]~reg_wa0 ; CLK      ;
; N/A           ; None        ; 3.300 ns   ; addr[0] ; lpm_ram_io:inst|altram:sram|q[1]~reg_ra0 ; CLK      ;
; N/A           ; None        ; 3.300 ns   ; addr[0] ; lpm_ram_io:inst|altram:sram|q[1]~reg_wa0 ; CLK      ;
; N/A           ; None        ; 3.300 ns   ; addr[0] ; lpm_ram_io:inst|altram:sram|q[0]~reg_ra0 ; CLK      ;
; N/A           ; None        ; 3.300 ns   ; addr[0] ; lpm_ram_io:inst|altram:sram|q[0]~reg_wa0 ; CLK      ;
; N/A           ; None        ; 1.500 ns   ; addr[4] ; lpm_ram_io:inst|altram:sram|q[7]~reg_ra4 ; CLK      ;
; N/A           ; None        ; 1.500 ns   ; addr[4] ; lpm_ram_io:inst|altram:sram|q[7]~reg_wa4 ; CLK      ;
; N/A           ; None        ; 1.500 ns   ; addr[4] ; lpm_ram_io:inst|altram:sram|q[6]~reg_ra4 ; CLK      ;
; N/A           ; None        ; 1.500 ns   ; addr[4] ; lpm_ram_io:inst|altram:sram|q[6]~reg_wa4 ; CLK      ;
; N/A           ; None        ; 1.500 ns   ; addr[4] ; lpm_ram_io:inst|altram:sram|q[5]~reg_ra4 ; CLK      ;
; N/A           ; None        ; 1.500 ns   ; addr[4] ; lpm_ram_io:inst|altram:sram|q[5]~reg_wa4 ; CLK      ;
; N/A           ; None        ; 1.500 ns   ; addr[4] ; lpm_ram_io:inst|altram:sram|q[4]~reg_ra4 ; CLK      ;
; N/A           ; None        ; 1.500 ns   ; addr[4] ; lpm_ram_io:inst|altram:sram|q[4]~reg_wa4 ; CLK      ;
; N/A           ; None        ; 1.500 ns   ; addr[4] ; lpm_ram_io:inst|altram:sram|q[3]~reg_ra4 ; CLK      ;
; N/A           ; None        ; 1.500 ns   ; addr[4] ; lpm_ram_io:inst|altram:sram|q[3]~reg_wa4 ; CLK      ;
; N/A           ; None        ; 1.500 ns   ; addr[4] ; lpm_ram_io:inst|altram:sram|q[2]~reg_ra4 ; CLK      ;
; N/A           ; None        ; 1.500 ns   ; addr[4] ; lpm_ram_io:inst|altram:sram|q[2]~reg_wa4 ; CLK      ;
; N/A           ; None        ; 1.500 ns   ; addr[4] ; lpm_ram_io:inst|altram:sram|q[1]~reg_ra4 ; CLK      ;
; N/A           ; None        ; 1.500 ns   ; addr[4] ; lpm_ram_io:inst|altram:sram|q[1]~reg_wa4 ; CLK      ;
; N/A           ; None        ; 1.500 ns   ; addr[4] ; lpm_ram_io:inst|altram:sram|q[0]~reg_ra4 ; CLK      ;
; N/A           ; None        ; 1.500 ns   ; addr[4] ; lpm_ram_io:inst|altram:sram|q[0]~reg_wa4 ; CLK      ;
; N/A           ; None        ; 0.700 ns   ; addr[6] ; lpm_ram_io:inst|altram:sram|q[7]~reg_ra6 ; CLK      ;
; N/A           ; None        ; 0.700 ns   ; addr[6] ; lpm_ram_io:inst|altram:sram|q[7]~reg_wa6 ; CLK      ;
; N/A           ; None        ; 0.700 ns   ; addr[6] ; lpm_ram_io:inst|altram:sram|q[6]~reg_ra6 ; CLK      ;
; N/A           ; None        ; 0.700 ns   ; addr[6] ; lpm_ram_io:inst|altram:sram|q[6]~reg_wa6 ; CLK      ;
; N/A           ; None        ; 0.700 ns   ; addr[6] ; lpm_ram_io:inst|altram:sram|q[5]~reg_ra6 ; CLK      ;
; N/A           ; None        ; 0.700 ns   ; addr[6] ; lpm_ram_io:inst|altram:sram|q[5]~reg_wa6 ; CLK      ;
; N/A           ; None        ; 0.700 ns   ; addr[6] ; lpm_ram_io:inst|altram:sram|q[4]~reg_ra6 ; CLK      ;
; N/A           ; None        ; 0.700 ns   ; addr[6] ; lpm_ram_io:inst|altram:sram|q[4]~reg_wa6 ; CLK      ;
; N/A           ; None        ; 0.700 ns   ; addr[6] ; lpm_ram_io:inst|altram:sram|q[3]~reg_ra6 ; CLK      ;
; N/A           ; None        ; 0.700 ns   ; addr[6] ; lpm_ram_io:inst|altram:sram|q[3]~reg_wa6 ; CLK      ;
; N/A           ; None        ; 0.700 ns   ; addr[6] ; lpm_ram_io:inst|altram:sram|q[2]~reg_ra6 ; CLK      ;
; N/A           ; None        ; 0.700 ns   ; addr[6] ; lpm_ram_io:inst|altram:sram|q[2]~reg_wa6 ; CLK      ;
; N/A           ; None        ; 0.700 ns   ; addr[6] ; lpm_ram_io:inst|altram:sram|q[1]~reg_ra6 ; CLK      ;
; N/A           ; None        ; 0.700 ns   ; addr[6] ; lpm_ram_io:inst|altram:sram|q[1]~reg_wa6 ; CLK      ;
; N/A           ; None        ; 0.700 ns   ; addr[6] ; lpm_ram_io:inst|altram:sram|q[0]~reg_ra6 ; CLK      ;
; N/A           ; None        ; 0.700 ns   ; addr[6] ; lpm_ram_io:inst|altram:sram|q[0]~reg_wa6 ; CLK      ;
; N/A           ; None        ; 0.600 ns   ; addr[5] ; lpm_ram_io:inst|altram:sram|q[7]~reg_ra5 ; CLK      ;
; N/A           ; None        ; 0.600 ns   ; addr[5] ; lpm_ram_io:inst|altram:sram|q[7]~reg_wa5 ; CLK      ;
; N/A           ; None        ; 0.600 ns   ; addr[5] ; lpm_ram_io:inst|altram:sram|q[6]~reg_ra5 ; CLK      ;
; N/A           ; None        ; 0.600 ns   ; addr[5] ; lpm_ram_io:inst|altram:sram|q[6]~reg_wa5 ; CLK      ;
; N/A           ; None        ; 0.600 ns   ; addr[5] ; lpm_ram_io:inst|altram:sram|q[5]~reg_ra5 ; CLK      ;
; N/A           ; None        ; 0.600 ns   ; addr[5] ; lpm_ram_io:inst|altram:sram|q[5]~reg_wa5 ; CLK      ;
; N/A           ; None        ; 0.600 ns   ; addr[5] ; lpm_ram_io:inst|altram:sram|q[4]~reg_ra5 ; CLK      ;
; N/A           ; None        ; 0.600 ns   ; addr[5] ; lpm_ram_io:inst|altram:sram|q[4]~reg_wa5 ; CLK      ;
; N/A           ; None        ; 0.600 ns   ; addr[5] ; lpm_ram_io:inst|altram:sram|q[3]~reg_ra5 ; CLK      ;
; N/A           ; None        ; 0.600 ns   ; addr[5] ; lpm_ram_io:inst|altram:sram|q[3]~reg_wa5 ; CLK      ;
; N/A           ; None        ; 0.600 ns   ; addr[5] ; lpm_ram_io:inst|altram:sram|q[2]~reg_ra5 ; CLK      ;
; N/A           ; None        ; 0.600 ns   ; addr[5] ; lpm_ram_io:inst|altram:sram|q[2]~reg_wa5 ; CLK      ;
; N/A           ; None        ; 0.600 ns   ; addr[5] ; lpm_ram_io:inst|altram:sram|q[1]~reg_ra5 ; CLK      ;
; N/A           ; None        ; 0.600 ns   ; addr[5] ; lpm_ram_io:inst|altram:sram|q[1]~reg_wa5 ; CLK      ;
; N/A           ; None        ; 0.600 ns   ; addr[5] ; lpm_ram_io:inst|altram:sram|q[0]~reg_ra5 ; CLK      ;
; N/A           ; None        ; 0.600 ns   ; addr[5] ; lpm_ram_io:inst|altram:sram|q[0]~reg_wa5 ; CLK      ;
; N/A           ; None        ; 0.100 ns   ; addr[7] ; lpm_ram_io:inst|altram:sram|q[7]~reg_ra7 ; CLK      ;
; N/A           ; None        ; 0.100 ns   ; addr[7] ; lpm_ram_io:inst|altram:sram|q[7]~reg_wa7 ; CLK      ;
; N/A           ; None        ; 0.100 ns   ; addr[7] ; lpm_ram_io:inst|altram:sram|q[6]~reg_ra7 ; CLK      ;
; N/A           ; None        ; 0.100 ns   ; addr[7] ; lpm_ram_io:inst|altram:sram|q[6]~reg_wa7 ; CLK      ;
; N/A           ; None        ; 0.100 ns   ; addr[7] ; lpm_ram_io:inst|altram:sram|q[5]~reg_ra7 ; CLK      ;
; N/A           ; None        ; 0.100 ns   ; addr[7] ; lpm_ram_io:inst|altram:sram|q[5]~reg_wa7 ; CLK      ;
; N/A           ; None        ; 0.100 ns   ; addr[7] ; lpm_ram_io:inst|altram:sram|q[4]~reg_ra7 ; CLK      ;
; N/A           ; None        ; 0.100 ns   ; addr[7] ; lpm_ram_io:inst|altram:sram|q[4]~reg_wa7 ; CLK      ;
; N/A           ; None        ; 0.100 ns   ; addr[7] ; lpm_ram_io:inst|altram:sram|q[3]~reg_ra7 ; CLK      ;
; N/A           ; None        ; 0.100 ns   ; addr[7] ; lpm_ram_io:inst|altram:sram|q[3]~reg_wa7 ; CLK      ;
; N/A           ; None        ; 0.100 ns   ; addr[7] ; lpm_ram_io:inst|altram:sram|q[2]~reg_ra7 ; CLK      ;
; N/A           ; None        ; 0.100 ns   ; addr[7] ; lpm_ram_io:inst|altram:sram|q[2]~reg_wa7 ; CLK      ;
; N/A           ; None        ; 0.100 ns   ; addr[7] ; lpm_ram_io:inst|altram:sram|q[1]~reg_ra7 ; CLK      ;
; N/A           ; None        ; 0.100 ns   ; addr[7] ; lpm_ram_io:inst|altram:sram|q[1]~reg_wa7 ; CLK      ;
; N/A           ; None        ; 0.100 ns   ; addr[7] ; lpm_ram_io:inst|altram:sram|q[0]~reg_ra7 ; CLK      ;
; N/A           ; None        ; 0.100 ns   ; addr[7] ; lpm_ram_io:inst|altram:sram|q[0]~reg_wa7 ; CLK      ;
; N/A           ; None        ; -4.500 ns  ; d[1]    ; lpm_ram_io:inst|altram:sram|q[1]~reg_in  ; CLK      ;
; N/A           ; None        ; -4.500 ns  ; d[3]    ; lpm_ram_io:inst|altram:sram|q[3]~reg_in  ; CLK      ;
; N/A           ; None        ; -4.500 ns  ; d[4]    ; lpm_ram_io:inst|altram:sram|q[4]~reg_in  ; CLK      ;
; N/A           ; None        ; -4.500 ns  ; d[5]    ; lpm_ram_io:inst|altram:sram|q[5]~reg_in  ; CLK      ;
; N/A           ; None        ; -4.500 ns  ; d[6]    ; lpm_ram_io:inst|altram:sram|q[6]~reg_in  ; CLK      ;
; N/A           ; None        ; -4.500 ns  ; d[7]    ; lpm_ram_io:inst|altram:sram|q[7]~reg_in  ; CLK      ;
; N/A           ; None        ; -8.200 ns  ; rd      ; lpm_ram_io:inst|altram:sram|q[7]~reg_we0 ; CLK      ;
; N/A           ; None        ; -8.200 ns  ; rd      ; lpm_ram_io:inst|altram:sram|q[6]~reg_we0 ; CLK      ;
; N/A           ; None        ; -8.200 ns  ; rd      ; lpm_ram_io:inst|altram:sram|q[5]~reg_we0 ; CLK      ;
; N/A           ; None        ; -8.200 ns  ; rd      ; lpm_ram_io:inst|altram:sram|q[4]~reg_we0 ; CLK      ;
; N/A           ; None        ; -8.200 ns  ; rd      ; lpm_ram_io:inst|altram:sram|q[3]~reg_we0 ; CLK      ;
; N/A           ; None        ; -8.200 ns  ; rd      ; lpm_ram_io:inst|altram:sram|q[2]~reg_we0 ; CLK      ;
; N/A           ; None        ; -8.200 ns  ; rd      ; lpm_ram_io:inst|altram:sram|q[1]~reg_we0 ; CLK      ;
; N/A           ; None        ; -8.200 ns  ; rd      ; lpm_ram_io:inst|altram:sram|q[0]~reg_we0 ; CLK      ;
; N/A           ; None        ; -8.300 ns  ; d[0]    ; lpm_ram_io:inst|altram:sram|q[0]~reg_in  ; CLK      ;
; N/A           ; None        ; -8.500 ns  ; d[2]    ; lpm_ram_io:inst|altram:sram|q[2]~reg_in  ; CLK      ;
; N/A           ; None        ; -10.400 ns ; we      ; lpm_ram_io:inst|altram:sram|q[7]~reg_we0 ; CLK      ;
; N/A           ; None        ; -10.400 ns ; we      ; lpm_ram_io:inst|altram:sram|q[6]~reg_we0 ; CLK      ;
; N/A           ; None        ; -10.400 ns ; we      ; lpm_ram_io:inst|altram:sram|q[5]~reg_we0 ; CLK      ;
; N/A           ; None        ; -10.400 ns ; we      ; lpm_ram_io:inst|altram:sram|q[4]~reg_we0 ; CLK      ;
; N/A           ; None        ; -10.400 ns ; we      ; lpm_ram_io:inst|altram:sram|q[3]~reg_we0 ; CLK      ;
; N/A           ; None        ; -10.400 ns ; we      ; lpm_ram_io:inst|altram:sram|q[2]~reg_we0 ; CLK      ;
; N/A           ; None        ; -10.400 ns ; we      ; lpm_ram_io:inst|altram:sram|q[1]~reg_we0 ; CLK      ;
; N/A           ; None        ; -10.400 ns ; we      ; lpm_ram_io:inst|altram:sram|q[0]~reg_we0 ; CLK      ;
; N/A           ; None        ; -10.400 ns ; mem     ; lpm_ram_io:inst|altram:sram|q[7]~reg_we0 ; CLK      ;
; N/A           ; None        ; -10.400 ns ; mem     ; lpm_ram_io:inst|altram:sram|q[6]~reg_we0 ; CLK      ;
; N/A           ; None        ; -10.400 ns ; mem     ; lpm_ram_io:inst|altram:sram|q[5]~reg_we0 ; CLK      ;
; N/A           ; None        ; -10.400 ns ; mem     ; lpm_ram_io:inst|altram:sram|q[4]~reg_we0 ; CLK      ;
; N/A           ; None        ; -10.400 ns ; mem     ; lpm_ram_io:inst|altram:sram|q[3]~reg_we0 ; CLK      ;
; N/A           ; None        ; -10.400 ns ; mem     ; lpm_ram_io:inst|altram:sram|q[2]~reg_we0 ; CLK      ;
; N/A           ; None        ; -10.400 ns ; mem     ; lpm_ram_io:inst|altram:sram|q[1]~reg_we0 ; CLK      ;
; N/A           ; None        ; -10.400 ns ; mem     ; lpm_ram_io:inst|altram:sram|q[0]~reg_we0 ; CLK      ;
+---------------+-------------+------------+---------+------------------------------------------+----------+


+--------------------------+
; Timing Analyzer Messages ;
+--------------------------+
Info: *******************************************************************
Info: Running Quartus II Classic Timing Analyzer
    Info: Version 9.0 Build 184 04/29/2009 Service Pack 1 SJ Web Edition
    Info: Processing started: Mon Mar 02 23:29:58 2020
Info: Command: quartus_tan --read_settings_files=off --write_settings_files=off ram -c ram
Info: Started post-fitting delay annotation
Info: Delay annotation completed successfully
Warning: Found pins functioning as undefined clocks and/or memory enables
    Info: Assuming node "CLK" is an undefined clock
Info: No valid register-to-register data paths exist for clock "CLK"
Info: tsu for memory "lpm_ram_io:inst|altram:sram|q[7]~reg_we0" (data pin = "we", clock pin = "CLK") is 14.700 ns
    Info: + Longest pin to memory delay is 18.200 ns
        Info: 1: + IC(0.000 ns) + CELL(3.500 ns) = 3.500 ns; Loc. = PIN_97; Fanout = 1; PIN Node = 'we'
        Info: 2: + IC(2.600 ns) + CELL(2.300 ns) = 8.400 ns; Loc. = LC4_B4; Fanout = 8; COMB Node = 'lpm_ram_io:inst|_~3'
        Info: 3: + IC(3.600 ns) + CELL(6.200 ns) = 18.200 ns; Loc. = EC7_E; Fanout = 1; MEM Node = 'lpm_ram_io:inst|altram:sram|q[7]~reg_we0'
        Info: Total cell delay = 12.000 ns ( 65.93 % )
        Info: Total interconnect delay = 6.200 ns ( 34.07 % )
    Info: + Micro setup delay of destination is 1.800 ns
    Info: - Shortest clock path from clock "CLK" to destination memory is 5.300 ns
        Info: 1: + IC(0.000 ns) + CELL(2.800 ns) = 2.800 ns; Loc. = PIN_55; Fanout = 152; CLK Node = 'CLK'
        Info: 2: + IC(2.500 ns) + CELL(0.000 ns) = 5.300 ns; Loc. = EC7_E; Fanout = 1; MEM Node = 'lpm_ram_io:inst|altram:sram|q[7]~reg_we0'
        Info: Total cell delay = 2.800 ns ( 52.83 % )
        Info: Total interconnect delay = 2.500 ns ( 47.17 % )
Info: tco from clock "CLK" to destination pin "d[2]" through memory "lpm_ram_io:inst|altram:sram|q[2]~reg_ra0" is 28.100 ns
    Info: + Longest clock path from clock "CLK" to source memory is 5.300 ns
        Info: 1: + IC(0.000 ns) + CELL(2.800 ns) = 2.800 ns; Loc. = PIN_55; Fanout = 152; CLK Node = 'CLK'
        Info: 2: + IC(2.500 ns) + CELL(0.000 ns) = 5.300 ns; Loc. = EC1_E; Fanout = 1; MEM Node = 'lpm_ram_io:inst|altram:sram|q[2]~reg_ra0'
        Info: Total cell delay = 2.800 ns ( 52.83 % )
        Info: Total interconnect delay = 2.500 ns ( 47.17 % )
    Info: + Micro clock to output delay of source is 0.600 ns
    Info: + Longest memory to pin delay is 22.200 ns
        Info: 1: + IC(0.000 ns) + CELL(0.000 ns) = 0.000 ns; Loc. = EC1_E; Fanout = 1; MEM Node = 'lpm_ram_io:inst|altram:sram|q[2]~reg_ra0'
        Info: 2: + IC(0.000 ns) + CELL(10.700 ns) = 10.700 ns; Loc. = EC1_E; Fanout = 1; MEM Node = 'lpm_ram_io:inst|altram:sram|q[2]~mem_cell_ra0'
        Info: 3: + IC(0.000 ns) + CELL(2.500 ns) = 13.200 ns; Loc. = EC1_E; Fanout = 1; MEM Node = 'lpm_ram_io:inst|altram:sram|q[2]'
        Info: 4: + IC(3.900 ns) + CELL(5.100 ns) = 22.200 ns; Loc. = PIN_144; Fanout = 0; PIN Node = 'd[2]'
        Info: Total cell delay = 18.300 ns ( 82.43 % )
        Info: Total interconnect delay = 3.900 ns ( 17.57 % )
Info: Longest tpd from source pin "mem" to destination pin "d[2]" is 20.300 ns
    Info: 1: + IC(0.000 ns) + CELL(3.500 ns) = 3.500 ns; Loc. = PIN_98; Fanout = 2; PIN Node = 'mem'
    Info: 2: + IC(2.600 ns) + CELL(1.800 ns) = 7.900 ns; Loc. = LC1_B4; Fanout = 8; COMB Node = 'lpm_ram_io:inst|datatri[7]~0'
    Info: 3: + IC(6.300 ns) + CELL(6.100 ns) = 20.300 ns; Loc. = PIN_144; Fanout = 0; PIN Node = 'd[2]'
    Info: Total cell delay = 11.400 ns ( 56.16 % )
    Info: Total interconnect delay = 8.900 ns ( 43.84 % )
Info: th for memory "lpm_ram_io:inst|altram:sram|q[7]~reg_ra3" (data pin = "addr[3]", clock pin = "CLK") is 3.300 ns
    Info: + Longest clock path from clock "CLK" to destination memory is 5.300 ns
        Info: 1: + IC(0.000 ns) + CELL(2.800 ns) = 2.800 ns; Loc. = PIN_55; Fanout = 152; CLK Node = 'CLK'
        Info: 2: + IC(2.500 ns) + CELL(0.000 ns) = 5.300 ns; Loc. = EC7_E; Fanout = 1; MEM Node = 'lpm_ram_io:inst|altram:sram|q[7]~reg_ra3'
        Info: Total cell delay = 2.800 ns ( 52.83 % )
        Info: Total interconnect delay = 2.500 ns ( 47.17 % )
    Info: + Micro hold delay of destination is 2.500 ns
    Info: - Shortest pin to memory delay is 4.500 ns
        Info: 1: + IC(0.000 ns) + CELL(2.800 ns) = 2.800 ns; Loc. = PIN_56; Fanout = 16; PIN Node = 'addr[3]'
        Info: 2: + IC(1.700 ns) + CELL(0.000 ns) = 4.500 ns; Loc. = EC7_E; Fanout = 1; MEM Node = 'lpm_ram_io:inst|altram:sram|q[7]~reg_ra3'
        Info: Total cell delay = 2.800 ns ( 62.22 % )
        Info: Total interconnect delay = 1.700 ns ( 37.78 % )
Info: Quartus II Classic Timing Analyzer was successful. 0 errors, 1 warning
    Info: Peak virtual memory: 193 megabytes
    Info: Processing ended: Mon Mar 02 23:29:58 2020
    Info: Elapsed time: 00:00:00
    Info: Total CPU time (on all processors): 00:00:00


