Analysis & Synthesis report for cpu
Sat Dec 21 10:01:36 2019
Quartus II Version 9.0 Build 184 04/29/2009 Service Pack 1 SJ Web Edition


---------------------
; Table of Contents ;
---------------------
  1. Legal Notice
  2. Analysis & Synthesis Summary
  3. Analysis & Synthesis Settings
  4. Analysis & Synthesis Source Files Read
  5. Analysis & Synthesis Resource Usage Summary
  6. Analysis & Synthesis Resource Utilization by Entity
  7. Analysis & Synthesis RAM Summary
  8. User-Specified and Inferred Latches
  9. General Register Statistics
 10. Inverted Register Statistics
 11. Multiplexer Restructuring Statistics (Restructuring Performed)
 12. Source assignments for ram:inst12|LPM_RAM_IO:inst|altram:sram|altsyncram:ram_block|altsyncram_4591:auto_generated
 13. Parameter Settings for User Entity Instance: ram:inst12|LPM_RAM_IO:inst
 14. Port Connectivity Checks: "ALU:inst|ebsub:g1|fulladd:g7"
 15. Port Connectivity Checks: "ALU:inst|ebsub:g1|fulladd:g0"
 16. Port Connectivity Checks: "ALU:inst|ebaad:g0|fulladd:g0"
 17. Analysis & Synthesis Messages



----------------
; Legal Notice ;
----------------
Copyright (C) 1991-2009 Altera Corporation
Your use of Altera Corporation's design tools, logic functions 
and other software and tools, and its AMPP partner logic 
functions, and any output files from any of the foregoing 
(including device programming or simulation files), and any 
associated documentation or information are expressly subject 
to the terms and conditions of the Altera Program License 
Subscription Agreement, Altera MegaCore Function License 
Agreement, or other applicable license agreement, including, 
without limitation, that your use is for the sole purpose of 
programming logic devices manufactured by Altera and sold by 
Altera or its authorized distributors.  Please refer to the 
applicable agreement for further details.



+----------------------------------------------------------------------------+
; Analysis & Synthesis Summary                                               ;
+-----------------------------+----------------------------------------------+
; Analysis & Synthesis Status ; Successful - Sat Dec 21 10:01:36 2019        ;
; Quartus II Version          ; 9.0 Build 184 04/29/2009 SP 1 SJ Web Edition ;
; Revision Name               ; cpu                                          ;
; Top-level Entity Name       ; cpu                                          ;
; Family                      ; Cyclone                                      ;
; Total logic elements        ; 289                                          ;
; Total pins                  ; 96                                           ;
; Total virtual pins          ; 0                                            ;
; Total memory bits           ; 2,048                                        ;
; Total PLLs                  ; 0                                            ;
+-----------------------------+----------------------------------------------+


+--------------------------------------------------------------------------------------------------------+
; Analysis & Synthesis Settings                                                                          ;
+--------------------------------------------------------------+--------------------+--------------------+
; Option                                                       ; Setting            ; Default Value      ;
+--------------------------------------------------------------+--------------------+--------------------+
; Device                                                       ; EP1C20F400I7       ;                    ;
; Top-level entity name                                        ; cpu                ; cpu                ;
; Family name                                                  ; Cyclone            ; Stratix II         ;
; Use Generated Physical Constraints File                      ; Off                ;                    ;
; Use smart compilation                                        ; Off                ; Off                ;
; Restructure Multiplexers                                     ; Auto               ; Auto               ;
; Create Debugging Nodes for IP Cores                          ; Off                ; Off                ;
; Preserve fewer node names                                    ; On                 ; On                 ;
; Disable OpenCore Plus hardware evaluation                    ; Off                ; Off                ;
; Verilog Version                                              ; Verilog_2001       ; Verilog_2001       ;
; VHDL Version                                                 ; VHDL93             ; VHDL93             ;
; State Machine Processing                                     ; Auto               ; Auto               ;
; Safe State Machine                                           ; Off                ; Off                ;
; Extract Verilog State Machines                               ; On                 ; On                 ;
; Extract VHDL State Machines                                  ; On                 ; On                 ;
; Ignore Verilog initial constructs                            ; Off                ; Off                ;
; Iteration limit for constant Verilog loops                   ; 5000               ; 5000               ;
; Iteration limit for non-constant Verilog loops               ; 250                ; 250                ;
; Add Pass-Through Logic to Inferred RAMs                      ; On                 ; On                 ;
; Parallel Synthesis                                           ; Off                ; Off                ;
; NOT Gate Push-Back                                           ; On                 ; On                 ;
; Power-Up Don't Care                                          ; On                 ; On                 ;
; Remove Redundant Logic Cells                                 ; Off                ; Off                ;
; Remove Duplicate Registers                                   ; On                 ; On                 ;
; Ignore CARRY Buffers                                         ; Off                ; Off                ;
; Ignore CASCADE Buffers                                       ; Off                ; Off                ;
; Ignore GLOBAL Buffers                                        ; Off                ; Off                ;
; Ignore ROW GLOBAL Buffers                                    ; Off                ; Off                ;
; Ignore LCELL Buffers                                         ; Off                ; Off                ;
; Ignore SOFT Buffers                                          ; On                 ; On                 ;
; Limit AHDL Integers to 32 Bits                               ; Off                ; Off                ;
; Optimization Technique                                       ; Balanced           ; Balanced           ;
; Carry Chain Length                                           ; 70                 ; 70                 ;
; Auto Carry Chains                                            ; On                 ; On                 ;
; Auto Open-Drain Pins                                         ; On                 ; On                 ;
; Perform WYSIWYG Primitive Resynthesis                        ; Off                ; Off                ;
; Auto ROM Replacement                                         ; On                 ; On                 ;
; Auto RAM Replacement                                         ; On                 ; On                 ;
; Auto Shift Register Replacement                              ; Auto               ; Auto               ;
; Auto Clock Enable Replacement                                ; On                 ; On                 ;
; Strict RAM Replacement                                       ; Off                ; Off                ;
; Allow Synchronous Control Signals                            ; On                 ; On                 ;
; Force Use of Synchronous Clear Signals                       ; Off                ; Off                ;
; Auto RAM Block Balancing                                     ; On                 ; On                 ;
; Auto RAM to Logic Cell Conversion                            ; Off                ; Off                ;
; Auto Resource Sharing                                        ; Off                ; Off                ;
; Allow Any RAM Size For Recognition                           ; Off                ; Off                ;
; Allow Any ROM Size For Recognition                           ; Off                ; Off                ;
; Allow Any Shift Register Size For Recognition                ; Off                ; Off                ;
; Use LogicLock Constraints during Resource Balancing          ; On                 ; On                 ;
; Ignore translate_off and synthesis_off directives            ; Off                ; Off                ;
; Show Parameter Settings Tables in Synthesis Report           ; On                 ; On                 ;
; Ignore Maximum Fan-Out Assignments                           ; Off                ; Off                ;
; Synchronization Register Chain Length                        ; 2                  ; 2                  ;
; PowerPlay Power Optimization                                 ; Normal compilation ; Normal compilation ;
; HDL message level                                            ; Level2             ; Level2             ;
; Suppress Register Optimization Related Messages              ; Off                ; Off                ;
; Number of Removed Registers Reported in Synthesis Report     ; 100                ; 100                ;
; Number of Inverted Registers Reported in Synthesis Report    ; 100                ; 100                ;
; Clock MUX Protection                                         ; On                 ; On                 ;
; Block Design Naming                                          ; Auto               ; Auto               ;
; Synthesis Effort                                             ; Auto               ; Auto               ;
; Shift Register Replacement - Allow Asynchronous Clear Signal ; On                 ; On                 ;
; Analysis & Synthesis Message Level                           ; Medium             ; Medium             ;
+--------------------------------------------------------------+--------------------+--------------------+


+------------------------------------------------------------------------------------------------------------------------------------------------------------------------------------------------+
; Analysis & Synthesis Source Files Read                                                                                                                                                         ;
+----------------------------------------------------+-----------------+------------------------------------+------------------------------------------------------------------------------------+
; File Name with User-Entered Path                   ; Used in Netlist ; File Type                          ; File Name with Absolute Path                                                       ;
+----------------------------------------------------+-----------------+------------------------------------+------------------------------------------------------------------------------------+
; ../alu-other/fulladd.vhd                           ; yes             ; User VHDL File                     ; C:/altera/90sp1/quartus/experiment/alu-other/fulladd.vhd                           ;
; ../alu-other/ebaad.vhd                             ; yes             ; User VHDL File                     ; C:/altera/90sp1/quartus/experiment/alu-other/ebaad.vhd                             ;
; ../alu-other/ebnot.vhd                             ; yes             ; User VHDL File                     ; C:/altera/90sp1/quartus/experiment/alu-other/ebnot.vhd                             ;
; ../alu-other/ebor.vhd                              ; yes             ; User VHDL File                     ; C:/altera/90sp1/quartus/experiment/alu-other/ebor.vhd                              ;
; ../alu-other/ebsub.vhd                             ; yes             ; User VHDL File                     ; C:/altera/90sp1/quartus/experiment/alu-other/ebsub.vhd                             ;
; ../register_cz/register_cz.vhd                     ; yes             ; User VHDL File                     ; C:/altera/90sp1/quartus/experiment/register_cz/register_cz.vhd                     ;
; ../IR/IR.vhd                                       ; yes             ; User VHDL File                     ; C:/altera/90sp1/quartus/experiment/IR/IR.vhd                                       ;
; ../ex4/ram/ram.bdf                                 ; yes             ; User Block Diagram/Schematic File  ; C:/altera/90sp1/quartus/experiment/ex4/ram/ram.bdf                                 ;
; ../ex4/gpr/gpr.vhd                                 ; yes             ; User VHDL File                     ; C:/altera/90sp1/quartus/experiment/ex4/gpr/gpr.vhd                                 ;
; ../ex4/pc/pc.vhd                                   ; yes             ; User VHDL File                     ; C:/altera/90sp1/quartus/experiment/ex4/pc/pc.vhd                                   ;
; ../ex4/sm/sm.vhd                                   ; yes             ; User VHDL File                     ; C:/altera/90sp1/quartus/experiment/ex4/sm/sm.vhd                                   ;
; ../ex3/shift/shift.vhd                             ; yes             ; User VHDL File                     ; C:/altera/90sp1/quartus/experiment/ex3/shift/shift.vhd                             ;
; ../ex3/alu/alu.vhd                                 ; yes             ; User VHDL File                     ; C:/altera/90sp1/quartus/experiment/ex3/alu/alu.vhd                                 ;
; ../ex2/mux3_8/mux3_8.vhd                           ; yes             ; User VHDL File                     ; C:/altera/90sp1/quartus/experiment/ex2/mux3_8/mux3_8.vhd                           ;
; ../ex2/sigcon/sigcon.vhd                           ; yes             ; User VHDL File                     ; C:/altera/90sp1/quartus/experiment/ex2/sigcon/sigcon.vhd                           ;
; ../ex1/instruction_decoder/instruction_decoder.vhd ; yes             ; User VHDL File                     ; C:/altera/90sp1/quartus/experiment/ex1/instruction_decoder/instruction_decoder.vhd ;
; cpu.bdf                                            ; yes             ; User Block Diagram/Schematic File  ; C:/altera/90sp1/quartus/experiment/cpu/cpu.bdf                                     ;
; LPM_RAM_IO.tdf                                     ; yes             ; Megafunction                       ; c:/altera/90sp1/quartus/libraries/megafunctions/LPM_RAM_IO.tdf                     ;
; altram.inc                                         ; yes             ; Megafunction                       ; c:/altera/90sp1/quartus/libraries/megafunctions/altram.inc                         ;
; lpm_mux.inc                                        ; yes             ; Megafunction                       ; c:/altera/90sp1/quartus/libraries/megafunctions/lpm_mux.inc                        ;
; lpm_decode.inc                                     ; yes             ; Megafunction                       ; c:/altera/90sp1/quartus/libraries/megafunctions/lpm_decode.inc                     ;
; aglobal90.inc                                      ; yes             ; Megafunction                       ; c:/altera/90sp1/quartus/libraries/megafunctions/aglobal90.inc                      ;
; altram.tdf                                         ; yes             ; Megafunction                       ; c:/altera/90sp1/quartus/libraries/megafunctions/altram.tdf                         ;
; memmodes.inc                                       ; yes             ; Megafunction                       ; c:/altera/90sp1/quartus/libraries/others/maxplus2/memmodes.inc                     ;
; altsyncram.inc                                     ; yes             ; Megafunction                       ; c:/altera/90sp1/quartus/libraries/megafunctions/altsyncram.inc                     ;
; altqpram.inc                                       ; yes             ; Megafunction                       ; c:/altera/90sp1/quartus/libraries/megafunctions/altqpram.inc                       ;
; altsyncram.tdf                                     ; yes             ; Megafunction                       ; c:/altera/90sp1/quartus/libraries/megafunctions/altsyncram.tdf                     ;
; stratix_ram_block.inc                              ; yes             ; Megafunction                       ; c:/altera/90sp1/quartus/libraries/megafunctions/stratix_ram_block.inc              ;
; a_rdenreg.inc                                      ; yes             ; Megafunction                       ; c:/altera/90sp1/quartus/libraries/megafunctions/a_rdenreg.inc                      ;
; altrom.inc                                         ; yes             ; Megafunction                       ; c:/altera/90sp1/quartus/libraries/megafunctions/altrom.inc                         ;
; altdpram.inc                                       ; yes             ; Megafunction                       ; c:/altera/90sp1/quartus/libraries/megafunctions/altdpram.inc                       ;
; db/altsyncram_4591.tdf                             ; yes             ; Auto-Generated Megafunction        ; C:/altera/90sp1/quartus/experiment/cpu/db/altsyncram_4591.tdf                      ;
+----------------------------------------------------+-----------------+------------------------------------+------------------------------------------------------------------------------------+


+-----------------------------------------------------+
; Analysis & Synthesis Resource Usage Summary         ;
+---------------------------------------------+-------+
; Resource                                    ; Usage ;
+---------------------------------------------+-------+
; Total logic elements                        ; 289   ;
;     -- Combinational with no register       ; 248   ;
;     -- Register only                        ; 28    ;
;     -- Combinational with a register        ; 13    ;
;                                             ;       ;
; Logic element usage by number of LUT inputs ;       ;
;     -- 4 input functions                    ; 104   ;
;     -- 3 input functions                    ; 128   ;
;     -- 2 input functions                    ; 24    ;
;     -- 1 input functions                    ; 5     ;
;     -- 0 input functions                    ; 0     ;
;                                             ;       ;
; Logic elements by mode                      ;       ;
;     -- normal mode                          ; 282   ;
;     -- arithmetic mode                      ; 7     ;
;     -- qfbk mode                            ; 0     ;
;     -- register cascade mode                ; 0     ;
;     -- synchronous clear/load mode          ; 8     ;
;     -- asynchronous clear/load mode         ; 41    ;
;                                             ;       ;
; Total registers                             ; 41    ;
; Total logic cells in carry chains           ; 8     ;
; I/O pins                                    ; 96    ;
; Total memory bits                           ; 2048  ;
; Maximum fan-out node                        ; reset ;
; Maximum fan-out                             ; 83    ;
; Total fan-out                               ; 1201  ;
; Average fan-out                             ; 3.06  ;
+---------------------------------------------+-------+


+------------------------------------------------------------------------------------------------------------------------------------------------------------------------------------------------------------------------------------------------------------------------------------------------------------------------+
; Analysis & Synthesis Resource Utilization by Entity                                                                                                                                                                                                                                                                    ;
+-------------------------------------------------+-------------+--------------+-------------+------+--------------+--------------+-------------------+------------------+-----------------+------------+-------------------------------------------------------------------------------------------------+--------------+
; Compilation Hierarchy Node                      ; Logic Cells ; LC Registers ; Memory Bits ; Pins ; Virtual Pins ; LUT-Only LCs ; Register-Only LCs ; LUT/Register LCs ; Carry Chain LCs ; Packed LCs ; Full Hierarchy Name                                                                             ; Library Name ;
+-------------------------------------------------+-------------+--------------+-------------+------+--------------+--------------+-------------------+------------------+-----------------+------------+-------------------------------------------------------------------------------------------------+--------------+
; |cpu                                            ; 289 (25)    ; 41           ; 2048        ; 96   ; 0            ; 248 (25)     ; 28 (0)            ; 13 (0)           ; 8 (0)           ; 0 (0)      ; |cpu                                                                                            ; work         ;
;    |ALU:inst|                                   ; 84 (59)     ; 0            ; 0           ; 0    ; 0            ; 84 (59)      ; 0 (0)             ; 0 (0)            ; 0 (0)           ; 0 (0)      ; |cpu|ALU:inst                                                                                   ; work         ;
;       |ebaad:g0|                                ; 12 (0)      ; 0            ; 0           ; 0    ; 0            ; 12 (0)       ; 0 (0)             ; 0 (0)            ; 0 (0)           ; 0 (0)      ; |cpu|ALU:inst|ebaad:g0                                                                          ; work         ;
;          |fulladd:g1|                           ; 2 (2)       ; 0            ; 0           ; 0    ; 0            ; 2 (2)        ; 0 (0)             ; 0 (0)            ; 0 (0)           ; 0 (0)      ; |cpu|ALU:inst|ebaad:g0|fulladd:g1                                                               ; work         ;
;          |fulladd:g2|                           ; 2 (2)       ; 0            ; 0           ; 0    ; 0            ; 2 (2)        ; 0 (0)             ; 0 (0)            ; 0 (0)           ; 0 (0)      ; |cpu|ALU:inst|ebaad:g0|fulladd:g2                                                               ; work         ;
;          |fulladd:g3|                           ; 1 (1)       ; 0            ; 0           ; 0    ; 0            ; 1 (1)        ; 0 (0)             ; 0 (0)            ; 0 (0)           ; 0 (0)      ; |cpu|ALU:inst|ebaad:g0|fulladd:g3                                                               ; work         ;
;          |fulladd:g4|                           ; 2 (2)       ; 0            ; 0           ; 0    ; 0            ; 2 (2)        ; 0 (0)             ; 0 (0)            ; 0 (0)           ; 0 (0)      ; |cpu|ALU:inst|ebaad:g0|fulladd:g4                                                               ; work         ;
;          |fulladd:g5|                           ; 1 (1)       ; 0            ; 0           ; 0    ; 0            ; 1 (1)        ; 0 (0)             ; 0 (0)            ; 0 (0)           ; 0 (0)      ; |cpu|ALU:inst|ebaad:g0|fulladd:g5                                                               ; work         ;
;          |fulladd:g6|                           ; 2 (2)       ; 0            ; 0           ; 0    ; 0            ; 2 (2)        ; 0 (0)             ; 0 (0)            ; 0 (0)           ; 0 (0)      ; |cpu|ALU:inst|ebaad:g0|fulladd:g6                                                               ; work         ;
;          |fulladd:g7|                           ; 2 (2)       ; 0            ; 0           ; 0    ; 0            ; 2 (2)        ; 0 (0)             ; 0 (0)            ; 0 (0)           ; 0 (0)      ; |cpu|ALU:inst|ebaad:g0|fulladd:g7                                                               ; work         ;
;       |ebor:g2|                                 ; 1 (1)       ; 0            ; 0           ; 0    ; 0            ; 1 (1)        ; 0 (0)             ; 0 (0)            ; 0 (0)           ; 0 (0)      ; |cpu|ALU:inst|ebor:g2                                                                           ; work         ;
;       |ebsub:g1|                                ; 12 (0)      ; 0            ; 0           ; 0    ; 0            ; 12 (0)       ; 0 (0)             ; 0 (0)            ; 0 (0)           ; 0 (0)      ; |cpu|ALU:inst|ebsub:g1                                                                          ; work         ;
;          |fulladd:g1|                           ; 2 (2)       ; 0            ; 0           ; 0    ; 0            ; 2 (2)        ; 0 (0)             ; 0 (0)            ; 0 (0)           ; 0 (0)      ; |cpu|ALU:inst|ebsub:g1|fulladd:g1                                                               ; work         ;
;          |fulladd:g2|                           ; 2 (2)       ; 0            ; 0           ; 0    ; 0            ; 2 (2)        ; 0 (0)             ; 0 (0)            ; 0 (0)           ; 0 (0)      ; |cpu|ALU:inst|ebsub:g1|fulladd:g2                                                               ; work         ;
;          |fulladd:g3|                           ; 2 (2)       ; 0            ; 0           ; 0    ; 0            ; 2 (2)        ; 0 (0)             ; 0 (0)            ; 0 (0)           ; 0 (0)      ; |cpu|ALU:inst|ebsub:g1|fulladd:g3                                                               ; work         ;
;          |fulladd:g4|                           ; 2 (2)       ; 0            ; 0           ; 0    ; 0            ; 2 (2)        ; 0 (0)             ; 0 (0)            ; 0 (0)           ; 0 (0)      ; |cpu|ALU:inst|ebsub:g1|fulladd:g4                                                               ; work         ;
;          |fulladd:g5|                           ; 2 (2)       ; 0            ; 0           ; 0    ; 0            ; 2 (2)        ; 0 (0)             ; 0 (0)            ; 0 (0)           ; 0 (0)      ; |cpu|ALU:inst|ebsub:g1|fulladd:g5                                                               ; work         ;
;          |fulladd:g6|                           ; 1 (1)       ; 0            ; 0           ; 0    ; 0            ; 1 (1)        ; 0 (0)             ; 0 (0)            ; 0 (0)           ; 0 (0)      ; |cpu|ALU:inst|ebsub:g1|fulladd:g6                                                               ; work         ;
;          |fulladd:g7|                           ; 1 (1)       ; 0            ; 0           ; 0    ; 0            ; 1 (1)        ; 0 (0)             ; 0 (0)            ; 0 (0)           ; 0 (0)      ; |cpu|ALU:inst|ebsub:g1|fulladd:g7                                                               ; work         ;
;    |IR:inst2|                                   ; 8 (8)       ; 8            ; 0           ; 0    ; 0            ; 0 (0)        ; 8 (8)             ; 0 (0)            ; 0 (0)           ; 0 (0)      ; |cpu|IR:inst2                                                                                   ; work         ;
;    |Register_Cz:inst9|                          ; 2 (2)       ; 0            ; 0           ; 0    ; 0            ; 2 (2)        ; 0 (0)             ; 0 (0)            ; 0 (0)           ; 0 (0)      ; |cpu|Register_Cz:inst9                                                                          ; work         ;
;    |gpr:inst10|                                 ; 100 (100)   ; 24           ; 0           ; 0    ; 0            ; 76 (76)      ; 20 (20)           ; 4 (4)            ; 0 (0)           ; 0 (0)      ; |cpu|gpr:inst10                                                                                 ; work         ;
;    |instruction_decoder:inst8|                  ; 13 (13)     ; 0            ; 0           ; 0    ; 0            ; 13 (13)      ; 0 (0)             ; 0 (0)            ; 0 (0)           ; 0 (0)      ; |cpu|instruction_decoder:inst8                                                                  ; work         ;
;    |mux3_8:inst13|                              ; 16 (16)     ; 0            ; 0           ; 0    ; 0            ; 16 (16)      ; 0 (0)             ; 0 (0)            ; 0 (0)           ; 0 (0)      ; |cpu|mux3_8:inst13                                                                              ; work         ;
;    |pc:inst4|                                   ; 9 (9)       ; 8            ; 0           ; 0    ; 0            ; 1 (1)        ; 0 (0)             ; 8 (8)            ; 8 (8)           ; 0 (0)      ; |cpu|pc:inst4                                                                                   ; work         ;
;    |ram:inst12|                                 ; 1 (0)       ; 0            ; 2048        ; 0    ; 0            ; 1 (0)        ; 0 (0)             ; 0 (0)            ; 0 (0)           ; 0 (0)      ; |cpu|ram:inst12                                                                                 ; work         ;
;       |lpm_ram_io:inst|                         ; 1 (1)       ; 0            ; 2048        ; 0    ; 0            ; 1 (1)        ; 0 (0)             ; 0 (0)            ; 0 (0)           ; 0 (0)      ; |cpu|ram:inst12|lpm_ram_io:inst                                                                 ; work         ;
;          |altram:sram|                          ; 0 (0)       ; 0            ; 2048        ; 0    ; 0            ; 0 (0)        ; 0 (0)             ; 0 (0)            ; 0 (0)           ; 0 (0)      ; |cpu|ram:inst12|lpm_ram_io:inst|altram:sram                                                     ; work         ;
;             |altsyncram:ram_block|              ; 0 (0)       ; 0            ; 2048        ; 0    ; 0            ; 0 (0)        ; 0 (0)             ; 0 (0)            ; 0 (0)           ; 0 (0)      ; |cpu|ram:inst12|lpm_ram_io:inst|altram:sram|altsyncram:ram_block                                ; work         ;
;                |altsyncram_4591:auto_generated| ; 0 (0)       ; 0            ; 2048        ; 0    ; 0            ; 0 (0)        ; 0 (0)             ; 0 (0)            ; 0 (0)           ; 0 (0)      ; |cpu|ram:inst12|lpm_ram_io:inst|altram:sram|altsyncram:ram_block|altsyncram_4591:auto_generated ; work         ;
;    |shift:inst5|                                ; 18 (18)     ; 0            ; 0           ; 0    ; 0            ; 18 (18)      ; 0 (0)             ; 0 (0)            ; 0 (0)           ; 0 (0)      ; |cpu|shift:inst5                                                                                ; work         ;
;    |sigcon:inst6|                               ; 12 (12)     ; 0            ; 0           ; 0    ; 0            ; 12 (12)      ; 0 (0)             ; 0 (0)            ; 0 (0)           ; 0 (0)      ; |cpu|sigcon:inst6                                                                               ; work         ;
;    |sm:inst7|                                   ; 1 (1)       ; 1            ; 0           ; 0    ; 0            ; 0 (0)        ; 0 (0)             ; 1 (1)            ; 0 (0)           ; 0 (0)      ; |cpu|sm:inst7                                                                                   ; work         ;
+-------------------------------------------------+-------------+--------------+-------------+------+--------------+--------------+-------------------+------------------+-----------------+------------+-------------------------------------------------------------------------------------------------+--------------+
Note: For table entries with two numbers listed, the numbers in parentheses indicate the number of resources of the given type used by the specific entity alone. The numbers listed outside of parentheses indicate the total resources of the given type used by the specific entity and all of its sub-entities in the hierarchy.


+---------------------------------------------------------------------------------------------------------------------------------------------------------------------------------------------------------+
; Analysis & Synthesis RAM Summary                                                                                                                                                                        ;
+-------------------------------------------------------------------------------------------------------+------+-------------+--------------+--------------+--------------+--------------+------+---------+
; Name                                                                                                  ; Type ; Mode        ; Port A Depth ; Port A Width ; Port B Depth ; Port B Width ; Size ; MIF     ;
+-------------------------------------------------------------------------------------------------------+------+-------------+--------------+--------------+--------------+--------------+------+---------+
; ram:inst12|lpm_ram_io:inst|altram:sram|altsyncram:ram_block|altsyncram_4591:auto_generated|ALTSYNCRAM ; AUTO ; Single Port ; 256          ; 8            ; --           ; --           ; 2048 ; ram.mif ;
+-------------------------------------------------------------------------------------------------------+------+-------------+--------------+--------------+--------------+--------------+------+---------+


+----------------------------------------------------------------------------------------------------+
; User-Specified and Inferred Latches                                                                ;
+-----------------------------------------------------+---------------------+------------------------+
; Latch Name                                          ; Latch Enable Signal ; Free of Timing Hazards ;
+-----------------------------------------------------+---------------------+------------------------+
; Register_Cz:inst9|z_out                             ; sigcon:inst6|m      ; yes                    ;
; Register_Cz:inst9|C_OUT                             ; sigcon:inst6|m      ; yes                    ;
; gpr:inst10|a0[7]                                    ; reset               ; yes                    ;
; gpr:inst10|a0[6]                                    ; reset               ; yes                    ;
; gpr:inst10|a0[5]                                    ; reset               ; yes                    ;
; gpr:inst10|a0[4]                                    ; reset               ; yes                    ;
; gpr:inst10|a0[3]                                    ; reset               ; yes                    ;
; gpr:inst10|a0[2]                                    ; reset               ; yes                    ;
; gpr:inst10|a0[1]                                    ; reset               ; yes                    ;
; gpr:inst10|a0[0]                                    ; reset               ; yes                    ;
; gpr:inst10|b0[7]                                    ; reset               ; yes                    ;
; gpr:inst10|b0[6]                                    ; reset               ; yes                    ;
; gpr:inst10|b0[5]                                    ; reset               ; yes                    ;
; gpr:inst10|b0[4]                                    ; reset               ; yes                    ;
; gpr:inst10|b0[3]                                    ; reset               ; yes                    ;
; gpr:inst10|b0[2]                                    ; reset               ; yes                    ;
; gpr:inst10|b0[1]                                    ; reset               ; yes                    ;
; gpr:inst10|b0[0]                                    ; reset               ; yes                    ;
; gpr:inst10|aa[7]                                    ; reset               ; yes                    ;
; gpr:inst10|aa[6]                                    ; reset               ; yes                    ;
; gpr:inst10|aa[5]                                    ; reset               ; yes                    ;
; gpr:inst10|aa[4]                                    ; reset               ; yes                    ;
; gpr:inst10|aa[3]                                    ; reset               ; yes                    ;
; gpr:inst10|aa[2]                                    ; reset               ; yes                    ;
; gpr:inst10|aa[1]                                    ; reset               ; yes                    ;
; gpr:inst10|aa[0]                                    ; reset               ; yes                    ;
; gpr:inst10|bb[7]                                    ; reset               ; yes                    ;
; gpr:inst10|bb[6]                                    ; reset               ; yes                    ;
; gpr:inst10|bb[5]                                    ; reset               ; yes                    ;
; gpr:inst10|bb[4]                                    ; reset               ; yes                    ;
; gpr:inst10|bb[3]                                    ; reset               ; yes                    ;
; gpr:inst10|bb[2]                                    ; reset               ; yes                    ;
; gpr:inst10|bb[1]                                    ; reset               ; yes                    ;
; gpr:inst10|bb[0]                                    ; reset               ; yes                    ;
; gpr:inst10|cc[7]                                    ; reset               ; yes                    ;
; gpr:inst10|cc[6]                                    ; reset               ; yes                    ;
; gpr:inst10|cc[5]                                    ; reset               ; yes                    ;
; gpr:inst10|cc[4]                                    ; reset               ; yes                    ;
; gpr:inst10|cc[3]                                    ; reset               ; yes                    ;
; gpr:inst10|cc[2]                                    ; reset               ; yes                    ;
; gpr:inst10|cc[1]                                    ; reset               ; yes                    ;
; gpr:inst10|cc[0]                                    ; reset               ; yes                    ;
; ALU:inst|zf                                         ; ALU:inst|cf~4       ; yes                    ;
; ALU:inst|cf                                         ; ALU:inst|cf~4       ; yes                    ;
; ALU:inst|t[7]$latch                                 ; ALU:inst|t[0]~2     ; yes                    ;
; ALU:inst|t[0]_247                                   ; ALU:inst|t[0]~2     ; yes                    ;
; ALU:inst|t[6]$latch                                 ; ALU:inst|t[0]~2     ; yes                    ;
; ALU:inst|t[5]$latch                                 ; ALU:inst|t[0]~2     ; yes                    ;
; ALU:inst|t[4]$latch                                 ; ALU:inst|t[0]~2     ; yes                    ;
; ALU:inst|t[3]$latch                                 ; ALU:inst|t[0]~2     ; yes                    ;
; ALU:inst|t[2]$latch                                 ; ALU:inst|t[0]~2     ; yes                    ;
; ALU:inst|t[1]$latch                                 ; ALU:inst|t[0]~2     ; yes                    ;
; ALU:inst|t[0]$latch                                 ; ALU:inst|t[0]~2     ; yes                    ;
; Number of user-specified and inferred latches = 53  ;                     ;                        ;
+-----------------------------------------------------+---------------------+------------------------+
Note: All latches listed above may not be present at the end of synthesis due to various synthesis optimizations.


+------------------------------------------------------+
; General Register Statistics                          ;
+----------------------------------------------+-------+
; Statistic                                    ; Value ;
+----------------------------------------------+-------+
; Total registers                              ; 41    ;
; Number of registers using Synchronous Clear  ; 0     ;
; Number of registers using Synchronous Load   ; 8     ;
; Number of registers using Asynchronous Clear ; 41    ;
; Number of registers using Asynchronous Load  ; 0     ;
; Number of registers using Clock Enable       ; 40    ;
; Number of registers using Preset             ; 0     ;
+----------------------------------------------+-------+


+--------------------------------------------------+
; Inverted Register Statistics                     ;
+----------------------------------------+---------+
; Inverted Register                      ; Fan out ;
+----------------------------------------+---------+
; gpr:inst10|a[7]                        ; 3       ;
; gpr:inst10|b[7]                        ; 3       ;
; gpr:inst10|a[0]                        ; 3       ;
; gpr:inst10|b[0]                        ; 3       ;
; Total number of inverted registers = 4 ;         ;
+----------------------------------------+---------+


+--------------------------------------------------------------------------------------------------------------------------------------------------+
; Multiplexer Restructuring Statistics (Restructuring Performed)                                                                                   ;
+--------------------+-----------+---------------+----------------------+------------------------+------------+------------------------------------+
; Multiplexer Inputs ; Bus Width ; Baseline Area ; Area if Restructured ; Saving if Restructured ; Registered ; Example Multiplexer Output         ;
+--------------------+-----------+---------------+----------------------+------------------------+------------+------------------------------------+
; 3:1                ; 8 bits    ; 16 LEs        ; 8 LEs                ; 8 LEs                  ; Yes        ; |cpu|pc:inst4|s[4]                 ;
; 3:1                ; 8 bits    ; 16 LEs        ; 16 LEs               ; 0 LEs                  ; No         ; |cpu|shift:inst5|w[1]~20           ;
; 3:1                ; 8 bits    ; 16 LEs        ; 16 LEs               ; 0 LEs                  ; No         ; |cpu|mux3_8:inst13|Mux0            ;
; 3:1                ; 8 bits    ; 16 LEs        ; 16 LEs               ; 0 LEs                  ; No         ; |cpu|gpr:inst10|a0~15              ;
; 4:1                ; 10 bits   ; 20 LEs        ; 10 LEs               ; 10 LEs                 ; No         ; |cpu|instruction_decoder:inst8|shl ;
; 3:1                ; 8 bits    ; 16 LEs        ; 16 LEs               ; 0 LEs                  ; No         ; |cpu|gpr:inst10|b0~14              ;
; 6:1                ; 7 bits    ; 28 LEs        ; 28 LEs               ; 0 LEs                  ; No         ; |cpu|ALU:inst|t[7]~49              ;
+--------------------+-----------+---------------+----------------------+------------------------+------------+------------------------------------+


+-------------------------------------------------------------------------------------------------------------------+
; Source assignments for ram:inst12|LPM_RAM_IO:inst|altram:sram|altsyncram:ram_block|altsyncram_4591:auto_generated ;
+---------------------------------+--------------------+------+-----------------------------------------------------+
; Assignment                      ; Value              ; From ; To                                                  ;
+---------------------------------+--------------------+------+-----------------------------------------------------+
; OPTIMIZE_POWER_DURING_SYNTHESIS ; NORMAL_COMPILATION ; -    ; -                                                   ;
+---------------------------------+--------------------+------+-----------------------------------------------------+


+-------------------------------------------------------------------------+
; Parameter Settings for User Entity Instance: ram:inst12|LPM_RAM_IO:inst ;
+------------------------+--------------+---------------------------------+
; Parameter Name         ; Value        ; Type                            ;
+------------------------+--------------+---------------------------------+
; LPM_WIDTH              ; 8            ; Signed Integer                  ;
; LPM_WIDTHAD            ; 8            ; Signed Integer                  ;
; LPM_NUMWORDS           ; 256          ; Signed Integer                  ;
; LPM_INDATA             ; REGISTERED   ; Untyped                         ;
; LPM_ADDRESS_CONTROL    ; REGISTERED   ; Untyped                         ;
; LPM_OUTDATA            ; UNREGISTERED ; Untyped                         ;
; LPM_FILE               ; ram.mif      ; Untyped                         ;
; USE_EAB                ; ON           ; Untyped                         ;
; DEVICE_FAMILY          ; Cyclone      ; Untyped                         ;
; AUTO_CARRY_CHAINS      ; ON           ; AUTO_CARRY                      ;
; IGNORE_CARRY_BUFFERS   ; OFF          ; IGNORE_CARRY                    ;
; AUTO_CASCADE_CHAINS    ; ON           ; AUTO_CASCADE                    ;
; IGNORE_CASCADE_BUFFERS ; OFF          ; IGNORE_CASCADE                  ;
+------------------------+--------------+---------------------------------+
Note: In order to hide this table in the UI and the text report file, please set the "Show Parameter Settings Tables in Synthesis Report" option in "Analysis and Synthesis Settings -> More Settings" to "Off".


+----------------------------------------------------------------------------------------------------------------+
; Port Connectivity Checks: "ALU:inst|ebsub:g1|fulladd:g7"                                                       ;
+------+--------+----------+-------------------------------------------------------------------------------------+
; Port ; Type   ; Severity ; Details                                                                             ;
+------+--------+----------+-------------------------------------------------------------------------------------+
; c    ; Output ; Info     ; Connected to dangling logic. Logic that only feeds a dangling port will be removed. ;
+------+--------+----------+-------------------------------------------------------------------------------------+


+----------------------------------------------------------+
; Port Connectivity Checks: "ALU:inst|ebsub:g1|fulladd:g0" ;
+------+-------+----------+--------------------------------+
; Port ; Type  ; Severity ; Details                        ;
+------+-------+----------+--------------------------------+
; z    ; Input ; Info     ; Stuck at VCC                   ;
+------+-------+----------+--------------------------------+


+----------------------------------------------------------+
; Port Connectivity Checks: "ALU:inst|ebaad:g0|fulladd:g0" ;
+------+-------+----------+--------------------------------+
; Port ; Type  ; Severity ; Details                        ;
+------+-------+----------+--------------------------------+
; z    ; Input ; Info     ; Stuck at GND                   ;
+------+-------+----------+--------------------------------+


+-------------------------------+
; Analysis & Synthesis Messages ;
+-------------------------------+
Info: *******************************************************************
Info: Running Quartus II Analysis & Synthesis
    Info: Version 9.0 Build 184 04/29/2009 Service Pack 1 SJ Web Edition
    Info: Processing started: Sat Dec 21 10:01:32 2019
Info: Command: quartus_map --read_settings_files=on --write_settings_files=off cpu -c cpu
Info: Found 2 design units, including 1 entities, in source file ../alu-other/fulladd.vhd
    Info: Found design unit 1: fulladd-re
    Info: Found entity 1: fulladd
Info: Found 2 design units, including 1 entities, in source file ../alu-other/ebaad.vhd
    Info: Found design unit 1: ebaad-re
    Info: Found entity 1: ebaad
Info: Found 2 design units, including 1 entities, in source file ../alu-other/ebnot.vhd
    Info: Found design unit 1: ebnot-re
    Info: Found entity 1: ebnot
Info: Found 2 design units, including 1 entities, in source file ../alu-other/ebor.vhd
    Info: Found design unit 1: ebor-re
    Info: Found entity 1: ebor
Info: Found 2 design units, including 1 entities, in source file ../alu-other/ebsub.vhd
    Info: Found design unit 1: ebsub-re
    Info: Found entity 1: ebsub
Info: Found 2 design units, including 1 entities, in source file ../register_cz/register_cz.vhd
    Info: Found design unit 1: Register_Cz-behavior
    Info: Found entity 1: Register_Cz
Info: Found 2 design units, including 1 entities, in source file ../IR/IR.vhd
    Info: Found design unit 1: IR-lyh
    Info: Found entity 1: IR
Info: Found 1 design units, including 1 entities, in source file ../ex4/ram/ram.bdf
    Info: Found entity 1: ram
Info: Found 2 design units, including 1 entities, in source file ../ex4/gpr/gpr.vhd
    Info: Found design unit 1: gpr-lyh
    Info: Found entity 1: gpr
Info: Found 2 design units, including 1 entities, in source file ../ex4/pc/pc.vhd
    Info: Found design unit 1: pc-lyh
    Info: Found entity 1: pc
Info: Found 2 design units, including 1 entities, in source file ../ex4/sm/sm.vhd
    Info: Found design unit 1: sm-lyh
    Info: Found entity 1: sm
Info: Found 2 design units, including 1 entities, in source file ../ex3/shift/shift.vhd
    Info: Found design unit 1: shift-lyh
    Info: Found entity 1: shift
Info: Found 2 design units, including 1 entities, in source file ../ex3/alu/alu.vhd
    Info: Found design unit 1: ALU-re
    Info: Found entity 1: ALU
Info: Found 2 design units, including 1 entities, in source file ../ex2/mux3_8/mux3_8.vhd
    Info: Found design unit 1: mux3_8-lyh
    Info: Found entity 1: mux3_8
Info: Found 2 design units, including 1 entities, in source file ../ex2/sigcon/sigcon.vhd
    Info: Found design unit 1: sigcon-lyh
    Info: Found entity 1: sigcon
Info: Found 2 design units, including 1 entities, in source file ../ex1/instruction_decoder/instruction_decoder.vhd
    Info: Found design unit 1: instruction_decoder-lyh
    Info: Found entity 1: instruction_decoder
Info: Found 1 design units, including 1 entities, in source file cpu.bdf
    Info: Found entity 1: cpu
Info: Elaborating entity "cpu" for the top level hierarchy
Info: Elaborating entity "sm" for hierarchy "sm:inst7"
Info: Elaborating entity "sigcon" for hierarchy "sigcon:inst6"
Warning (10812): VHDL warning at sigcon.vhd(14): sensitivity list already contains nota
Warning (10492): VHDL Process Statement warning at sigcon.vhd(55): signal "halt" is read inside the Process Statement but isn't in the Process Statement's sensitivity list
Info: Elaborating entity "instruction_decoder" for hierarchy "instruction_decoder:inst8"
Info: Elaborating entity "IR" for hierarchy "IR:inst2"
Info: Elaborating entity "shift" for hierarchy "shift:inst5"
Warning (10492): VHDL Process Statement warning at shift.vhd(16): signal "a" is read inside the Process Statement but isn't in the Process Statement's sensitivity list
Warning (10492): VHDL Process Statement warning at shift.vhd(18): signal "a" is read inside the Process Statement but isn't in the Process Statement's sensitivity list
Warning (10492): VHDL Process Statement warning at shift.vhd(20): signal "a" is read inside the Process Statement but isn't in the Process Statement's sensitivity list
Warning (10492): VHDL Process Statement warning at shift.vhd(22): signal "a" is read inside the Process Statement but isn't in the Process Statement's sensitivity list
Warning (10492): VHDL Process Statement warning at shift.vhd(24): signal "a" is read inside the Process Statement but isn't in the Process Statement's sensitivity list
Warning (10492): VHDL Process Statement warning at shift.vhd(26): signal "a" is read inside the Process Statement but isn't in the Process Statement's sensitivity list
Warning (10492): VHDL Process Statement warning at shift.vhd(28): signal "a" is read inside the Process Statement but isn't in the Process Statement's sensitivity list
Warning (10631): VHDL Process Statement warning at shift.vhd(12): inferring latch(es) for signal or variable "cf", which holds its previous value in one or more paths through the process
Info (10041): Inferred latch for "cf" at shift.vhd(12)
Info: Elaborating entity "ALU" for hierarchy "ALU:inst"
Warning (10492): VHDL Process Statement warning at alu.vhd(50): signal "t1" is read inside the Process Statement but isn't in the Process Statement's sensitivity list
Warning (10492): VHDL Process Statement warning at alu.vhd(50): signal "tcf" is read inside the Process Statement but isn't in the Process Statement's sensitivity list
Warning (10492): VHDL Process Statement warning at alu.vhd(52): signal "t2" is read inside the Process Statement but isn't in the Process Statement's sensitivity list
Warning (10492): VHDL Process Statement warning at alu.vhd(52): signal "tzf" is read inside the Process Statement but isn't in the Process Statement's sensitivity list
Warning (10492): VHDL Process Statement warning at alu.vhd(54): signal "t3" is read inside the Process Statement but isn't in the Process Statement's sensitivity list
Warning (10492): VHDL Process Statement warning at alu.vhd(56): signal "t4" is read inside the Process Statement but isn't in the Process Statement's sensitivity list
Warning (10631): VHDL Process Statement warning at alu.vhd(43): inferring latch(es) for signal or variable "t", which holds its previous value in one or more paths through the process
Warning (10631): VHDL Process Statement warning at alu.vhd(43): inferring latch(es) for signal or variable "cf", which holds its previous value in one or more paths through the process
Warning (10631): VHDL Process Statement warning at alu.vhd(43): inferring latch(es) for signal or variable "zf", which holds its previous value in one or more paths through the process
Info (10041): Inferred latch for "zf" at alu.vhd(43)
Info (10041): Inferred latch for "cf" at alu.vhd(43)
Info (10041): Inferred latch for "t[0]" at alu.vhd(43)
Info (10041): Inferred latch for "t[1]" at alu.vhd(43)
Info (10041): Inferred latch for "t[2]" at alu.vhd(43)
Info (10041): Inferred latch for "t[3]" at alu.vhd(43)
Info (10041): Inferred latch for "t[4]" at alu.vhd(43)
Info (10041): Inferred latch for "t[5]" at alu.vhd(43)
Info (10041): Inferred latch for "t[6]" at alu.vhd(43)
Info (10041): Inferred latch for "t[7]" at alu.vhd(43)
Info: Elaborating entity "ebaad" for hierarchy "ALU:inst|ebaad:g0"
Info: Elaborating entity "fulladd" for hierarchy "ALU:inst|ebaad:g0|fulladd:g0"
Info: Elaborating entity "ebsub" for hierarchy "ALU:inst|ebsub:g1"
Warning (10036): Verilog HDL or VHDL warning at ebsub.vhd(16): object "s8" assigned a value but never read
Info: Elaborating entity "ebor" for hierarchy "ALU:inst|ebor:g2"
Info: Elaborating entity "ebnot" for hierarchy "ALU:inst|ebnot:g3"
Info: Elaborating entity "gpr" for hierarchy "gpr:inst10"
Warning (10492): VHDL Process Statement warning at gpr.vhd(33): signal "a" is read inside the Process Statement but isn't in the Process Statement's sensitivity list
Warning (10492): VHDL Process Statement warning at gpr.vhd(34): signal "b" is read inside the Process Statement but isn't in the Process Statement's sensitivity list
Warning (10492): VHDL Process Statement warning at gpr.vhd(35): signal "c" is read inside the Process Statement but isn't in the Process Statement's sensitivity list
Warning (10492): VHDL Process Statement warning at gpr.vhd(36): signal "c" is read inside the Process Statement but isn't in the Process Statement's sensitivity list
Warning (10492): VHDL Process Statement warning at gpr.vhd(38): signal "a" is read inside the Process Statement but isn't in the Process Statement's sensitivity list
Warning (10492): VHDL Process Statement warning at gpr.vhd(39): signal "b" is read inside the Process Statement but isn't in the Process Statement's sensitivity list
Warning (10492): VHDL Process Statement warning at gpr.vhd(40): signal "c" is read inside the Process Statement but isn't in the Process Statement's sensitivity list
Warning (10492): VHDL Process Statement warning at gpr.vhd(41): signal "c" is read inside the Process Statement but isn't in the Process Statement's sensitivity list
Warning (10492): VHDL Process Statement warning at gpr.vhd(44): signal "a" is read inside the Process Statement but isn't in the Process Statement's sensitivity list
Warning (10492): VHDL Process Statement warning at gpr.vhd(45): signal "b" is read inside the Process Statement but isn't in the Process Statement's sensitivity list
Warning (10492): VHDL Process Statement warning at gpr.vhd(46): signal "c" is read inside the Process Statement but isn't in the Process Statement's sensitivity list
Warning (10631): VHDL Process Statement warning at gpr.vhd(16): inferring latch(es) for signal or variable "a0", which holds its previous value in one or more paths through the process
Warning (10631): VHDL Process Statement warning at gpr.vhd(16): inferring latch(es) for signal or variable "b0", which holds its previous value in one or more paths through the process
Warning (10631): VHDL Process Statement warning at gpr.vhd(16): inferring latch(es) for signal or variable "aa", which holds its previous value in one or more paths through the process
Warning (10631): VHDL Process Statement warning at gpr.vhd(16): inferring latch(es) for signal or variable "bb", which holds its previous value in one or more paths through the process
Warning (10631): VHDL Process Statement warning at gpr.vhd(16): inferring latch(es) for signal or variable "cc", which holds its previous value in one or more paths through the process
Info (10041): Inferred latch for "cc[0]" at gpr.vhd(16)
Info (10041): Inferred latch for "cc[1]" at gpr.vhd(16)
Info (10041): Inferred latch for "cc[2]" at gpr.vhd(16)
Info (10041): Inferred latch for "cc[3]" at gpr.vhd(16)
Info (10041): Inferred latch for "cc[4]" at gpr.vhd(16)
Info (10041): Inferred latch for "cc[5]" at gpr.vhd(16)
Info (10041): Inferred latch for "cc[6]" at gpr.vhd(16)
Info (10041): Inferred latch for "cc[7]" at gpr.vhd(16)
Info (10041): Inferred latch for "bb[0]" at gpr.vhd(16)
Info (10041): Inferred latch for "bb[1]" at gpr.vhd(16)
Info (10041): Inferred latch for "bb[2]" at gpr.vhd(16)
Info (10041): Inferred latch for "bb[3]" at gpr.vhd(16)
Info (10041): Inferred latch for "bb[4]" at gpr.vhd(16)
Info (10041): Inferred latch for "bb[5]" at gpr.vhd(16)
Info (10041): Inferred latch for "bb[6]" at gpr.vhd(16)
Info (10041): Inferred latch for "bb[7]" at gpr.vhd(16)
Info (10041): Inferred latch for "aa[0]" at gpr.vhd(16)
Info (10041): Inferred latch for "aa[1]" at gpr.vhd(16)
Info (10041): Inferred latch for "aa[2]" at gpr.vhd(16)
Info (10041): Inferred latch for "aa[3]" at gpr.vhd(16)
Info (10041): Inferred latch for "aa[4]" at gpr.vhd(16)
Info (10041): Inferred latch for "aa[5]" at gpr.vhd(16)
Info (10041): Inferred latch for "aa[6]" at gpr.vhd(16)
Info (10041): Inferred latch for "aa[7]" at gpr.vhd(16)
Info (10041): Inferred latch for "b0[0]" at gpr.vhd(16)
Info (10041): Inferred latch for "b0[1]" at gpr.vhd(16)
Info (10041): Inferred latch for "b0[2]" at gpr.vhd(16)
Info (10041): Inferred latch for "b0[3]" at gpr.vhd(16)
Info (10041): Inferred latch for "b0[4]" at gpr.vhd(16)
Info (10041): Inferred latch for "b0[5]" at gpr.vhd(16)
Info (10041): Inferred latch for "b0[6]" at gpr.vhd(16)
Info (10041): Inferred latch for "b0[7]" at gpr.vhd(16)
Info (10041): Inferred latch for "a0[0]" at gpr.vhd(16)
Info (10041): Inferred latch for "a0[1]" at gpr.vhd(16)
Info (10041): Inferred latch for "a0[2]" at gpr.vhd(16)
Info (10041): Inferred latch for "a0[3]" at gpr.vhd(16)
Info (10041): Inferred latch for "a0[4]" at gpr.vhd(16)
Info (10041): Inferred latch for "a0[5]" at gpr.vhd(16)
Info (10041): Inferred latch for "a0[6]" at gpr.vhd(16)
Info (10041): Inferred latch for "a0[7]" at gpr.vhd(16)
Info: Elaborating entity "ram" for hierarchy "ram:inst12"
Info: Elaborating entity "LPM_RAM_IO" for hierarchy "ram:inst12|LPM_RAM_IO:inst"
Info: Elaborated megafunction instantiation "ram:inst12|LPM_RAM_IO:inst"
Info: Instantiated megafunction "ram:inst12|LPM_RAM_IO:inst" with the following parameter:
    Info: Parameter "LPM_ADDRESS_CONTROL" = "REGISTERED"
    Info: Parameter "LPM_FILE" = "ram.mif"
    Info: Parameter "LPM_INDATA" = "REGISTERED"
    Info: Parameter "LPM_NUMWORDS" = "256"
    Info: Parameter "LPM_OUTDATA" = "UNREGISTERED"
    Info: Parameter "LPM_WIDTH" = "8"
    Info: Parameter "LPM_WIDTHAD" = "8"
Info: Elaborating entity "altram" for hierarchy "ram:inst12|LPM_RAM_IO:inst|altram:sram"
Warning: Assertion warning: altram does not support Cyclone device family -- attempting best-case memory conversions, but power-up states and read during write behavior will be different for Cyclone devices
Info: Elaborated megafunction instantiation "ram:inst12|LPM_RAM_IO:inst|altram:sram", which is child of megafunction instantiation "ram:inst12|LPM_RAM_IO:inst"
Info: Elaborating entity "altsyncram" for hierarchy "ram:inst12|LPM_RAM_IO:inst|altram:sram|altsyncram:ram_block"
Info: Elaborated megafunction instantiation "ram:inst12|LPM_RAM_IO:inst|altram:sram|altsyncram:ram_block", which is child of megafunction instantiation "ram:inst12|LPM_RAM_IO:inst"
Info: Found 1 design units, including 1 entities, in source file db/altsyncram_4591.tdf
    Info: Found entity 1: altsyncram_4591
Info: Elaborating entity "altsyncram_4591" for hierarchy "ram:inst12|LPM_RAM_IO:inst|altram:sram|altsyncram:ram_block|altsyncram_4591:auto_generated"
Info: Elaborating entity "mux3_8" for hierarchy "mux3_8:inst13"
Info: Elaborating entity "pc" for hierarchy "pc:inst4"
Warning (10492): VHDL Process Statement warning at pc.vhd(18): signal "inpc" is read inside the Process Statement but isn't in the Process Statement's sensitivity list
Warning (10492): VHDL Process Statement warning at pc.vhd(18): signal "ldpc" is read inside the Process Statement but isn't in the Process Statement's sensitivity list
Warning (10492): VHDL Process Statement warning at pc.vhd(20): signal "inpc" is read inside the Process Statement but isn't in the Process Statement's sensitivity list
Warning (10492): VHDL Process Statement warning at pc.vhd(20): signal "ldpc" is read inside the Process Statement but isn't in the Process Statement's sensitivity list
Warning (10492): VHDL Process Statement warning at pc.vhd(23): signal "s" is read inside the Process Statement but isn't in the Process Statement's sensitivity list
Info: Elaborating entity "Register_Cz" for hierarchy "Register_Cz:inst9"
Warning (10492): VHDL Process Statement warning at register_cz.vhd(19): signal "C_en" is read inside the Process Statement but isn't in the Process Statement's sensitivity list
Warning (10492): VHDL Process Statement warning at register_cz.vhd(20): signal "C_IN" is read inside the Process Statement but isn't in the Process Statement's sensitivity list
Warning (10492): VHDL Process Statement warning at register_cz.vhd(22): signal "z_en" is read inside the Process Statement but isn't in the Process Statement's sensitivity list
Warning (10492): VHDL Process Statement warning at register_cz.vhd(23): signal "z_IN" is read inside the Process Statement but isn't in the Process Statement's sensitivity list
Warning (10631): VHDL Process Statement warning at register_cz.vhd(13): inferring latch(es) for signal or variable "C_OUT", which holds its previous value in one or more paths through the process
Warning (10631): VHDL Process Statement warning at register_cz.vhd(13): inferring latch(es) for signal or variable "z_out", which holds its previous value in one or more paths through the process
Info (10041): Inferred latch for "z_out" at register_cz.vhd(13)
Info (10041): Inferred latch for "C_OUT" at register_cz.vhd(13)
Warning: Tri-state node(s) do not directly drive top-level pin(s)
    Warning: Converted the fan-out from the tri-state buffer "ALU:inst|t[7]" to the node "shift:inst5|w[1]" into an OR gate
    Warning: Converted the fan-out from the tri-state buffer "ALU:inst|t[6]" to the node "shift:inst5|w[0]" into an OR gate
    Warning: Converted the fan-out from the tri-state buffer "ALU:inst|t[5]" to the node "shift:inst5|w[1]" into an OR gate
    Warning: Converted the fan-out from the tri-state buffer "ALU:inst|t[4]" to the node "shift:inst5|w[2]" into an OR gate
    Warning: Converted the fan-out from the tri-state buffer "ALU:inst|t[3]" to the node "shift:inst5|w[3]" into an OR gate
    Warning: Converted the fan-out from the tri-state buffer "ALU:inst|t[2]" to the node "shift:inst5|w[4]" into an OR gate
    Warning: Converted the fan-out from the tri-state buffer "ALU:inst|t[1]" to the node "shift:inst5|w[5]" into an OR gate
    Warning: Converted the fan-out from the tri-state buffer "ALU:inst|t[0]" to the node "shift:inst5|w[0]" into an OR gate
Warning: Tri-state node(s) do not directly drive top-level pin(s)
    Warning: Converted the fan-out from the tri-state buffer "inst1[7]" to the node "ram:inst12|lpm_ram_io:inst|altram:sram|altsyncram:ram_block|altsyncram_4591:auto_generated|q_a[7]" into an OR gate
    Warning: Converted the fan-out from the tri-state buffer "inst1[6]" to the node "ram:inst12|lpm_ram_io:inst|altram:sram|altsyncram:ram_block|altsyncram_4591:auto_generated|q_a[6]" into an OR gate
    Warning: Converted the fan-out from the tri-state buffer "inst1[5]" to the node "ram:inst12|lpm_ram_io:inst|altram:sram|altsyncram:ram_block|altsyncram_4591:auto_generated|q_a[5]" into an OR gate
    Warning: Converted the fan-out from the tri-state buffer "inst1[4]" to the node "ram:inst12|lpm_ram_io:inst|altram:sram|altsyncram:ram_block|altsyncram_4591:auto_generated|q_a[4]" into an OR gate
    Warning: Converted the fan-out from the tri-state buffer "inst1[3]" to the node "ram:inst12|lpm_ram_io:inst|altram:sram|altsyncram:ram_block|altsyncram_4591:auto_generated|q_a[3]" into an OR gate
    Warning: Converted the fan-out from the tri-state buffer "inst1[2]" to the node "ram:inst12|lpm_ram_io:inst|altram:sram|altsyncram:ram_block|altsyncram_4591:auto_generated|q_a[2]" into an OR gate
    Warning: Converted the fan-out from the tri-state buffer "inst1[1]" to the node "ram:inst12|lpm_ram_io:inst|altram:sram|altsyncram:ram_block|altsyncram_4591:auto_generated|q_a[1]" into an OR gate
    Warning: Converted the fan-out from the tri-state buffer "inst1[0]" to the node "ram:inst12|lpm_ram_io:inst|altram:sram|altsyncram:ram_block|altsyncram_4591:auto_generated|q_a[0]" into an OR gate
Warning: Latch ALU:inst|zf has unsafe behavior
    Warning: Ports D and ENA on the latch are fed by the same signal IR:inst2|temp[7]
Warning: Latch ALU:inst|cf has unsafe behavior
    Warning: Ports D and ENA on the latch are fed by the same signal IR:inst2|temp[7]
Warning: Latch ALU:inst|t[7]$latch has unsafe behavior
    Warning: Ports D and ENA on the latch are fed by the same signal sigcon:inst6|m
Warning: Latch ALU:inst|t[0]_247 has unsafe behavior
    Warning: Ports D and ENA on the latch are fed by the same signal sigcon:inst6|m
Warning: Latch ALU:inst|t[6]$latch has unsafe behavior
    Warning: Ports D and ENA on the latch are fed by the same signal sigcon:inst6|m
Warning: Latch ALU:inst|t[5]$latch has unsafe behavior
    Warning: Ports D and ENA on the latch are fed by the same signal sigcon:inst6|m
Warning: Latch ALU:inst|t[4]$latch has unsafe behavior
    Warning: Ports D and ENA on the latch are fed by the same signal sigcon:inst6|m
Warning: Latch ALU:inst|t[3]$latch has unsafe behavior
    Warning: Ports D and ENA on the latch are fed by the same signal sigcon:inst6|m
Warning: Latch ALU:inst|t[2]$latch has unsafe behavior
    Warning: Ports D and ENA on the latch are fed by the same signal sigcon:inst6|m
Warning: Latch ALU:inst|t[1]$latch has unsafe behavior
    Warning: Ports D and ENA on the latch are fed by the same signal sigcon:inst6|m
Warning: Latch ALU:inst|t[0]$latch has unsafe behavior
    Warning: Ports D and ENA on the latch are fed by the same signal sigcon:inst6|m
Warning: TRI or OPNDRN buffers permanently enabled
    Warning: Node "ALU:inst|t[7]~synth"
    Warning: Node "ALU:inst|t[6]~synth"
    Warning: Node "ALU:inst|t[5]~synth"
    Warning: Node "ALU:inst|t[4]~synth"
    Warning: Node "ALU:inst|t[3]~synth"
    Warning: Node "ALU:inst|t[2]~synth"
    Warning: Node "ALU:inst|t[1]~synth"
    Warning: Node "ALU:inst|t[0]~synth"
Info: Registers with preset signals will power-up high
Info: Implemented 393 device resources after synthesis - the final resource count might be different
    Info: Implemented 10 input pins
    Info: Implemented 86 output pins
    Info: Implemented 289 logic cells
    Info: Implemented 8 RAM segments
Info: Quartus II Analysis & Synthesis was successful. 0 errors, 97 warnings
    Info: Peak virtual memory: 261 megabytes
    Info: Processing ended: Sat Dec 21 10:01:36 2019
    Info: Elapsed time: 00:00:04
    Info: Total CPU time (on all processors): 00:00:04


