Analysis & Synthesis report for cunchuqi
Mon Mar 16 22:38:02 2020
Quartus II Version 9.0 Build 184 04/29/2009 Service Pack 1 SJ Web Edition


---------------------
; Table of Contents ;
---------------------
  1. Legal Notice
  2. Analysis & Synthesis Summary
  3. Analysis & Synthesis Settings
  4. Analysis & Synthesis Source Files Read
  5. Analysis & Synthesis Resource Usage Summary
  6. Analysis & Synthesis Resource Utilization by Entity
  7. Analysis & Synthesis RAM Summary
  8. General Register Statistics
  9. Source assignments for cunchuqi:inst|lpm_counter:pc_rtl_0
 10. Parameter Settings for User Entity Instance: LPM_RAM_IO:inst13
 11. Parameter Settings for Inferred Entity Instance: cunchuqi:inst|lpm_counter:pc_rtl_0
 12. Analysis & Synthesis Messages



----------------
; Legal Notice ;
----------------
Copyright (C) 1991-2009 Altera Corporation
Your use of Altera Corporation's design tools, logic functions 
and other software and tools, and its AMPP partner logic 
functions, and any output files from any of the foregoing 
(including device programming or simulation files), and any 
associated documentation or information are expressly subject 
to the terms and conditions of the Altera Program License 
Subscription Agreement, Altera MegaCore Function License 
Agreement, or other applicable license agreement, including, 
without limitation, that your use is for the sole purpose of 
programming logic devices manufactured by Altera and sold by 
Altera or its authorized distributors.  Please refer to the 
applicable agreement for further details.



+----------------------------------------------------------------------------+
; Analysis & Synthesis Summary                                               ;
+-----------------------------+----------------------------------------------+
; Analysis & Synthesis Status ; Successful - Mon Mar 16 22:38:02 2020        ;
; Quartus II Version          ; 9.0 Build 184 04/29/2009 SP 1 SJ Web Edition ;
; Revision Name               ; cunchuqi                                     ;
; Top-level Entity Name       ; Block1                                       ;
; Family                      ; FLEX10K                                      ;
; Total logic elements        ; 52                                           ;
; Total pins                  ; 35                                           ;
; Total memory bits           ; 2,048                                        ;
+-----------------------------+----------------------------------------------+


+------------------------------------------------------------------------------------------------+
; Analysis & Synthesis Settings                                                                  ;
+--------------------------------------------------------------+-----------------+---------------+
; Option                                                       ; Setting         ; Default Value ;
+--------------------------------------------------------------+-----------------+---------------+
; Device                                                       ; EPF10K20TC144-4 ;               ;
; Top-level entity name                                        ; Block1          ; cunchuqi      ;
; Family name                                                  ; FLEX10K         ; Stratix II    ;
; Use Generated Physical Constraints File                      ; Off             ;               ;
; Use smart compilation                                        ; Off             ; Off           ;
; Create Debugging Nodes for IP Cores                          ; Off             ; Off           ;
; Preserve fewer node names                                    ; On              ; On            ;
; Disable OpenCore Plus hardware evaluation                    ; Off             ; Off           ;
; Verilog Version                                              ; Verilog_2001    ; Verilog_2001  ;
; VHDL Version                                                 ; VHDL93          ; VHDL93        ;
; State Machine Processing                                     ; Auto            ; Auto          ;
; Safe State Machine                                           ; Off             ; Off           ;
; Extract Verilog State Machines                               ; On              ; On            ;
; Extract VHDL State Machines                                  ; On              ; On            ;
; Ignore Verilog initial constructs                            ; Off             ; Off           ;
; Iteration limit for constant Verilog loops                   ; 5000            ; 5000          ;
; Iteration limit for non-constant Verilog loops               ; 250             ; 250           ;
; Add Pass-Through Logic to Inferred RAMs                      ; On              ; On            ;
; Parallel Synthesis                                           ; Off             ; Off           ;
; NOT Gate Push-Back                                           ; On              ; On            ;
; Power-Up Don't Care                                          ; On              ; On            ;
; Remove Redundant Logic Cells                                 ; Off             ; Off           ;
; Remove Duplicate Registers                                   ; On              ; On            ;
; Ignore CARRY Buffers                                         ; Off             ; Off           ;
; Ignore CASCADE Buffers                                       ; Off             ; Off           ;
; Ignore GLOBAL Buffers                                        ; Off             ; Off           ;
; Ignore ROW GLOBAL Buffers                                    ; Off             ; Off           ;
; Ignore LCELL Buffers                                         ; Off             ; Off           ;
; Ignore SOFT Buffers                                          ; On              ; On            ;
; Limit AHDL Integers to 32 Bits                               ; Off             ; Off           ;
; Auto Implement in ROM                                        ; Off             ; Off           ;
; Optimization Technique                                       ; Area            ; Area          ;
; Carry Chain Length                                           ; 32              ; 32            ;
; Cascade Chain Length                                         ; 2               ; 2             ;
; Auto Carry Chains                                            ; On              ; On            ;
; Auto Open-Drain Pins                                         ; On              ; On            ;
; Auto ROM Replacement                                         ; On              ; On            ;
; Auto RAM Replacement                                         ; On              ; On            ;
; Auto Clock Enable Replacement                                ; On              ; On            ;
; Strict RAM Replacement                                       ; Off             ; Off           ;
; Auto Resource Sharing                                        ; Off             ; Off           ;
; Allow Any RAM Size For Recognition                           ; Off             ; Off           ;
; Allow Any ROM Size For Recognition                           ; Off             ; Off           ;
; Use LogicLock Constraints during Resource Balancing          ; On              ; On            ;
; Ignore translate_off and synthesis_off directives            ; Off             ; Off           ;
; Show Parameter Settings Tables in Synthesis Report           ; On              ; On            ;
; HDL message level                                            ; Level2          ; Level2        ;
; Suppress Register Optimization Related Messages              ; Off             ; Off           ;
; Number of Removed Registers Reported in Synthesis Report     ; 100             ; 100           ;
; Number of Inverted Registers Reported in Synthesis Report    ; 100             ; 100           ;
; Block Design Naming                                          ; Auto            ; Auto          ;
; Synthesis Effort                                             ; Auto            ; Auto          ;
; Shift Register Replacement - Allow Asynchronous Clear Signal ; On              ; On            ;
; Analysis & Synthesis Message Level                           ; Medium          ; Medium        ;
+--------------------------------------------------------------+-----------------+---------------+


+-------------------------------------------------------------------------------------------------------------------------------------------------------------------+
; Analysis & Synthesis Source Files Read                                                                                                                            ;
+----------------------------------+-----------------+------------------------------------+-------------------------------------------------------------------------+
; File Name with User-Entered Path ; Used in Netlist ; File Type                          ; File Name with Absolute Path                                            ;
+----------------------------------+-----------------+------------------------------------+-------------------------------------------------------------------------+
; cunchuqi.vhd                     ; yes             ; User VHDL File                     ; D:/quartus/大二下/计算机系统基础实验/模型机2/3.存储器/代码/cunchuqi.vhd ;
; Block1.bdf                       ; yes             ; User Block Diagram/Schematic File  ; D:/quartus/大二下/计算机系统基础实验/模型机2/3.存储器/代码/Block1.bdf   ;
; LPM_RAM_IO.tdf                   ; yes             ; Megafunction                       ; d:/quartus/libraries/megafunctions/LPM_RAM_IO.tdf                       ;
; altram.inc                       ; yes             ; Megafunction                       ; d:/quartus/libraries/megafunctions/altram.inc                           ;
; lpm_mux.inc                      ; yes             ; Megafunction                       ; d:/quartus/libraries/megafunctions/lpm_mux.inc                          ;
; lpm_decode.inc                   ; yes             ; Megafunction                       ; d:/quartus/libraries/megafunctions/lpm_decode.inc                       ;
; aglobal90.inc                    ; yes             ; Megafunction                       ; d:/quartus/libraries/megafunctions/aglobal90.inc                        ;
; altram.tdf                       ; yes             ; Megafunction                       ; d:/quartus/libraries/megafunctions/altram.tdf                           ;
; memmodes.inc                     ; yes             ; Megafunction                       ; d:/quartus/libraries/others/maxplus2/memmodes.inc                       ;
; altsyncram.inc                   ; yes             ; Megafunction                       ; d:/quartus/libraries/megafunctions/altsyncram.inc                       ;
; altqpram.inc                     ; yes             ; Megafunction                       ; d:/quartus/libraries/megafunctions/altqpram.inc                         ;
; lpm_counter.tdf                  ; yes             ; Megafunction                       ; d:/quartus/libraries/megafunctions/lpm_counter.tdf                      ;
; lpm_constant.inc                 ; yes             ; Megafunction                       ; d:/quartus/libraries/megafunctions/lpm_constant.inc                     ;
; lpm_add_sub.inc                  ; yes             ; Megafunction                       ; d:/quartus/libraries/megafunctions/lpm_add_sub.inc                      ;
; cmpconst.inc                     ; yes             ; Megafunction                       ; d:/quartus/libraries/megafunctions/cmpconst.inc                         ;
; lpm_compare.inc                  ; yes             ; Megafunction                       ; d:/quartus/libraries/megafunctions/lpm_compare.inc                      ;
; lpm_counter.inc                  ; yes             ; Megafunction                       ; d:/quartus/libraries/megafunctions/lpm_counter.inc                      ;
; dffeea.inc                       ; yes             ; Megafunction                       ; d:/quartus/libraries/megafunctions/dffeea.inc                           ;
; alt_synch_counter.inc            ; yes             ; Megafunction                       ; d:/quartus/libraries/megafunctions/alt_synch_counter.inc                ;
; alt_synch_counter_f.inc          ; yes             ; Megafunction                       ; d:/quartus/libraries/megafunctions/alt_synch_counter_f.inc              ;
; alt_counter_f10ke.inc            ; yes             ; Megafunction                       ; d:/quartus/libraries/megafunctions/alt_counter_f10ke.inc                ;
; alt_counter_stratix.inc          ; yes             ; Megafunction                       ; d:/quartus/libraries/megafunctions/alt_counter_stratix.inc              ;
; alt_counter_f10ke.tdf            ; yes             ; Megafunction                       ; d:/quartus/libraries/megafunctions/alt_counter_f10ke.tdf                ;
; flex10ke_lcell.inc               ; yes             ; Megafunction                       ; d:/quartus/libraries/megafunctions/flex10ke_lcell.inc                   ;
+----------------------------------+-----------------+------------------------------------+-------------------------------------------------------------------------+


+---------------------------------------------+
; Analysis & Synthesis Resource Usage Summary ;
+-----------------------------------+---------+
; Resource                          ; Usage   ;
+-----------------------------------+---------+
; Total logic elements              ; 52      ;
; Total combinational functions     ; 44      ;
;     -- Total 4-input functions    ; 33      ;
;     -- Total 3-input functions    ; 1       ;
;     -- Total 2-input functions    ; 2       ;
;     -- Total 1-input functions    ; 8       ;
;     -- Total 0-input functions    ; 0       ;
; Total registers                   ; 16      ;
; Total logic cells in carry chains ; 8       ;
; I/O pins                          ; 35      ;
; Total memory bits                 ; 2048    ;
; Maximum fan-out node              ; sw_bus  ;
; Maximum fan-out                   ; 25      ;
; Total fan-out                     ; 322     ;
; Average fan-out                   ; 3.39    ;
+-----------------------------------+---------+


+-----------------------------------------------------------------------------------------------------------------------------------------------------------------------------------------------------------------------------------------------------------------------------+
; Analysis & Synthesis Resource Utilization by Entity                                                                                                                                                                                                                         ;
+-------------------------------------------+-------------+--------------+-------------+------+--------------+-------------------+------------------+-----------------+------------+---------------------------------------------------------------------------+--------------+
; Compilation Hierarchy Node                ; Logic Cells ; LC Registers ; Memory Bits ; Pins ; LUT-Only LCs ; Register-Only LCs ; LUT/Register LCs ; Carry Chain LCs ; Packed LCs ; Full Hierarchy Name                                                       ; Library Name ;
+-------------------------------------------+-------------+--------------+-------------+------+--------------+-------------------+------------------+-----------------+------------+---------------------------------------------------------------------------+--------------+
; |Block1                                   ; 52 (0)      ; 16           ; 2048        ; 35   ; 36 (0)       ; 8 (0)             ; 8 (0)            ; 8 (0)           ; 0 (0)      ; |Block1                                                                   ; work         ;
;    |cunchuqi:inst|                        ; 34 (26)     ; 16           ; 0           ; 0    ; 18 (18)      ; 8 (8)             ; 8 (0)            ; 8 (0)           ; 0 (0)      ; |Block1|cunchuqi:inst                                                     ; work         ;
;       |lpm_counter:pc_rtl_0|              ; 8 (0)       ; 8            ; 0           ; 0    ; 0 (0)        ; 0 (0)             ; 8 (0)            ; 8 (0)           ; 0 (0)      ; |Block1|cunchuqi:inst|lpm_counter:pc_rtl_0                                ; work         ;
;          |alt_counter_f10ke:wysi_counter| ; 8 (8)       ; 8            ; 0           ; 0    ; 0 (0)        ; 0 (0)             ; 8 (8)            ; 8 (8)           ; 0 (0)      ; |Block1|cunchuqi:inst|lpm_counter:pc_rtl_0|alt_counter_f10ke:wysi_counter ; work         ;
;    |lpm_ram_io:inst13|                    ; 18 (18)     ; 0            ; 2048        ; 0    ; 18 (18)      ; 0 (0)             ; 0 (0)            ; 0 (0)           ; 0 (0)      ; |Block1|lpm_ram_io:inst13                                                 ; work         ;
;       |altram:sram|                       ; 0 (0)       ; 0            ; 2048        ; 0    ; 0 (0)        ; 0 (0)             ; 0 (0)            ; 0 (0)           ; 0 (0)      ; |Block1|lpm_ram_io:inst13|altram:sram                                     ; work         ;
+-------------------------------------------+-------------+--------------+-------------+------+--------------+-------------------+------------------+-----------------+------------+---------------------------------------------------------------------------+--------------+
Note: For table entries with two numbers listed, the numbers in parentheses indicate the number of resources of the given type used by the specific entity alone. The numbers listed outside of parentheses indicate the total resources of the given type used by the specific entity and all of its sub-entities in the hierarchy.


+---------------------------------------------------------------------------------------------------------------------------------------+
; Analysis & Synthesis RAM Summary                                                                                                      ;
+---------------------------------------+-------------+--------------+--------------+--------------+--------------+------+--------------+
; Name                                  ; Mode        ; Port A Depth ; Port A Width ; Port B Depth ; Port B Width ; Size ; MIF          ;
+---------------------------------------+-------------+--------------+--------------+--------------+--------------+------+--------------+
; lpm_ram_io:inst13|altram:sram|content ; Single Port ; 256          ; 8            ; --           ; --           ; 2048 ; ./ram_in.mif ;
+---------------------------------------+-------------+--------------+--------------+--------------+--------------+------+--------------+


+------------------------------------------------------+
; General Register Statistics                          ;
+----------------------------------------------+-------+
; Statistic                                    ; Value ;
+----------------------------------------------+-------+
; Total registers                              ; 16    ;
; Number of registers using Synchronous Clear  ; 0     ;
; Number of registers using Synchronous Load   ; 8     ;
; Number of registers using Asynchronous Clear ; 8     ;
; Number of registers using Asynchronous Load  ; 0     ;
; Number of registers using Clock Enable       ; 8     ;
; Number of registers using Preset             ; 0     ;
+----------------------------------------------+-------+


+-----------------------------------------------------------+
; Source assignments for cunchuqi:inst|lpm_counter:pc_rtl_0 ;
+---------------------------+-------+------+----------------+
; Assignment                ; Value ; From ; To             ;
+---------------------------+-------+------+----------------+
; SUPPRESS_DA_RULE_INTERNAL ; a101  ; -    ; -              ;
; SUPPRESS_DA_RULE_INTERNAL ; s102  ; -    ; -              ;
; SUPPRESS_DA_RULE_INTERNAL ; s103  ; -    ; -              ;
+---------------------------+-------+------+----------------+


+----------------------------------------------------------------+
; Parameter Settings for User Entity Instance: LPM_RAM_IO:inst13 ;
+------------------------+--------------+------------------------+
; Parameter Name         ; Value        ; Type                   ;
+------------------------+--------------+------------------------+
; LPM_WIDTH              ; 8            ; Signed Integer         ;
; LPM_WIDTHAD            ; 8            ; Signed Integer         ;
; LPM_NUMWORDS           ; 256          ; Signed Integer         ;
; LPM_INDATA             ; REGISTERED   ; Untyped                ;
; LPM_ADDRESS_CONTROL    ; REGISTERED   ; Untyped                ;
; LPM_OUTDATA            ; UNREGISTERED ; Untyped                ;
; LPM_FILE               ; ./ram_in.mif ; Untyped                ;
; USE_EAB                ; ON           ; Untyped                ;
; DEVICE_FAMILY          ; FLEX10K      ; Untyped                ;
; AUTO_CARRY_CHAINS      ; ON           ; AUTO_CARRY             ;
; IGNORE_CARRY_BUFFERS   ; OFF          ; IGNORE_CARRY           ;
; AUTO_CASCADE_CHAINS    ; ON           ; AUTO_CASCADE           ;
; IGNORE_CASCADE_BUFFERS ; OFF          ; IGNORE_CASCADE         ;
+------------------------+--------------+------------------------+
Note: In order to hide this table in the UI and the text report file, please set the "Show Parameter Settings Tables in Synthesis Report" option in "Analysis and Synthesis Settings -> More Settings" to "Off".


+-------------------------------------------------------------------------------------+
; Parameter Settings for Inferred Entity Instance: cunchuqi:inst|lpm_counter:pc_rtl_0 ;
+------------------------+-------------------+----------------------------------------+
; Parameter Name         ; Value             ; Type                                   ;
+------------------------+-------------------+----------------------------------------+
; AUTO_CARRY_CHAINS      ; ON                ; AUTO_CARRY                             ;
; IGNORE_CARRY_BUFFERS   ; OFF               ; IGNORE_CARRY                           ;
; AUTO_CASCADE_CHAINS    ; ON                ; AUTO_CASCADE                           ;
; IGNORE_CASCADE_BUFFERS ; OFF               ; IGNORE_CASCADE                         ;
; LPM_WIDTH              ; 8                 ; Untyped                                ;
; LPM_DIRECTION          ; UP                ; Untyped                                ;
; LPM_MODULUS            ; 0                 ; Untyped                                ;
; LPM_AVALUE             ; UNUSED            ; Untyped                                ;
; LPM_SVALUE             ; UNUSED            ; Untyped                                ;
; LPM_PORT_UPDOWN        ; PORT_CONNECTIVITY ; Untyped                                ;
; DEVICE_FAMILY          ; FLEX10K           ; Untyped                                ;
; CARRY_CHAIN            ; MANUAL            ; Untyped                                ;
; CARRY_CHAIN_LENGTH     ; 48                ; CARRY_CHAIN_LENGTH                     ;
; NOT_GATE_PUSH_BACK     ; ON                ; NOT_GATE_PUSH_BACK                     ;
; CARRY_CNT_EN           ; SMART             ; Untyped                                ;
; LABWIDE_SCLR           ; ON                ; Untyped                                ;
; USE_NEW_VERSION        ; TRUE              ; Untyped                                ;
; CBXI_PARAMETER         ; NOTHING           ; Untyped                                ;
+------------------------+-------------------+----------------------------------------+
Note: In order to hide this table in the UI and the text report file, please set the "Show Parameter Settings Tables in Synthesis Report" option in "Analysis and Synthesis Settings -> More Settings" to "Off".


+-------------------------------+
; Analysis & Synthesis Messages ;
+-------------------------------+
Info: *******************************************************************
Info: Running Quartus II Analysis & Synthesis
    Info: Version 9.0 Build 184 04/29/2009 Service Pack 1 SJ Web Edition
    Info: Processing started: Mon Mar 16 22:38:01 2020
Info: Command: quartus_map --read_settings_files=on --write_settings_files=off cunchuqi -c cunchuqi
Info: Found 2 design units, including 1 entities, in source file cunchuqi.vhd
    Info: Found design unit 1: cunchuqi-rtl
    Info: Found entity 1: cunchuqi
Info: Found 1 design units, including 1 entities, in source file Block1.bdf
    Info: Found entity 1: Block1
Info: Elaborating entity "Block1" for the top level hierarchy
Info: Elaborating entity "cunchuqi" for hierarchy "cunchuqi:inst"
Info: Elaborating entity "LPM_RAM_IO" for hierarchy "LPM_RAM_IO:inst13"
Info: Elaborated megafunction instantiation "LPM_RAM_IO:inst13"
Info: Instantiated megafunction "LPM_RAM_IO:inst13" with the following parameter:
    Info: Parameter "LPM_ADDRESS_CONTROL" = "REGISTERED"
    Info: Parameter "LPM_FILE" = "./ram_in.mif"
    Info: Parameter "LPM_INDATA" = "REGISTERED"
    Info: Parameter "LPM_NUMWORDS" = "256"
    Info: Parameter "LPM_OUTDATA" = "UNREGISTERED"
    Info: Parameter "LPM_WIDTH" = "8"
    Info: Parameter "LPM_WIDTHAD" = "8"
Info: Elaborating entity "altram" for hierarchy "LPM_RAM_IO:inst13|altram:sram"
Info: Elaborated megafunction instantiation "LPM_RAM_IO:inst13|altram:sram", which is child of megafunction instantiation "LPM_RAM_IO:inst13"
Info: Inferred 1 megafunctions from design logic
    Info: Inferred lpm_counter megafunction (LPM_WIDTH=8) from the following logic: "cunchuqi:inst|pc[0]~16"
Info: Elaborated megafunction instantiation "cunchuqi:inst|lpm_counter:pc_rtl_0"
Info: Instantiated megafunction "cunchuqi:inst|lpm_counter:pc_rtl_0" with the following parameter:
    Info: Parameter "LPM_WIDTH" = "8"
    Info: Parameter "LPM_DIRECTION" = "UP"
    Info: Parameter "LPM_TYPE" = "LPM_COUNTER"
Info: Elaborated megafunction instantiation "cunchuqi:inst|lpm_counter:pc_rtl_0|alt_counter_f10ke:wysi_counter", which is child of megafunction instantiation "cunchuqi:inst|lpm_counter:pc_rtl_0"
Info: Implemented 95 device resources after synthesis - the final resource count might be different
    Info: Implemented 19 input pins
    Info: Implemented 8 output pins
    Info: Implemented 8 bidirectional pins
    Info: Implemented 52 logic cells
    Info: Implemented 8 RAM segments
Info: Quartus II Analysis & Synthesis was successful. 0 errors, 0 warnings
    Info: Peak virtual memory: 251 megabytes
    Info: Processing ended: Mon Mar 16 22:38:02 2020
    Info: Elapsed time: 00:00:01
    Info: Total CPU time (on all processors): 00:00:01


