Analysis & Synthesis report for weikong
Sun Mar 15 18:45:25 2020
Quartus II Version 9.0 Build 184 04/29/2009 Service Pack 1 SJ Web Edition


---------------------
; Table of Contents ;
---------------------
  1. Legal Notice
  2. Analysis & Synthesis Summary
  3. Analysis & Synthesis Settings
  4. Analysis & Synthesis Source Files Read
  5. Analysis & Synthesis Resource Usage Summary
  6. Analysis & Synthesis Resource Utilization by Entity
  7. State Machine - |weikong|shixu:inst|fstate
  8. Registers Removed During Synthesis
  9. General Register Statistics
 10. Analysis & Synthesis Messages



----------------
; Legal Notice ;
----------------
Copyright (C) 1991-2009 Altera Corporation
Your use of Altera Corporation's design tools, logic functions 
and other software and tools, and its AMPP partner logic 
functions, and any output files from any of the foregoing 
(including device programming or simulation files), and any 
associated documentation or information are expressly subject 
to the terms and conditions of the Altera Program License 
Subscription Agreement, Altera MegaCore Function License 
Agreement, or other applicable license agreement, including, 
without limitation, that your use is for the sole purpose of 
programming logic devices manufactured by Altera and sold by 
Altera or its authorized distributors.  Please refer to the 
applicable agreement for further details.



+----------------------------------------------------------------------------+
; Analysis & Synthesis Summary                                               ;
+-----------------------------+----------------------------------------------+
; Analysis & Synthesis Status ; Successful - Sun Mar 15 18:45:25 2020        ;
; Quartus II Version          ; 9.0 Build 184 04/29/2009 SP 1 SJ Web Edition ;
; Revision Name               ; weikong                                      ;
; Top-level Entity Name       ; weikong                                      ;
; Family                      ; FLEX10K                                      ;
; Total logic elements        ; 83                                           ;
; Total pins                  ; 42                                           ;
; Total memory bits           ; 0                                            ;
+-----------------------------+----------------------------------------------+


+------------------------------------------------------------------------------------------------+
; Analysis & Synthesis Settings                                                                  ;
+--------------------------------------------------------------+-----------------+---------------+
; Option                                                       ; Setting         ; Default Value ;
+--------------------------------------------------------------+-----------------+---------------+
; Device                                                       ; EPF10K20TC144-4 ;               ;
; Top-level entity name                                        ; weikong         ; weikong       ;
; Family name                                                  ; FLEX10K         ; Stratix II    ;
; Use Generated Physical Constraints File                      ; Off             ;               ;
; Use smart compilation                                        ; Off             ; Off           ;
; Create Debugging Nodes for IP Cores                          ; Off             ; Off           ;
; Preserve fewer node names                                    ; On              ; On            ;
; Disable OpenCore Plus hardware evaluation                    ; Off             ; Off           ;
; Verilog Version                                              ; Verilog_2001    ; Verilog_2001  ;
; VHDL Version                                                 ; VHDL93          ; VHDL93        ;
; State Machine Processing                                     ; Auto            ; Auto          ;
; Safe State Machine                                           ; Off             ; Off           ;
; Extract Verilog State Machines                               ; On              ; On            ;
; Extract VHDL State Machines                                  ; On              ; On            ;
; Ignore Verilog initial constructs                            ; Off             ; Off           ;
; Iteration limit for constant Verilog loops                   ; 5000            ; 5000          ;
; Iteration limit for non-constant Verilog loops               ; 250             ; 250           ;
; Add Pass-Through Logic to Inferred RAMs                      ; On              ; On            ;
; Parallel Synthesis                                           ; Off             ; Off           ;
; NOT Gate Push-Back                                           ; On              ; On            ;
; Power-Up Don't Care                                          ; On              ; On            ;
; Remove Redundant Logic Cells                                 ; Off             ; Off           ;
; Remove Duplicate Registers                                   ; On              ; On            ;
; Ignore CARRY Buffers                                         ; Off             ; Off           ;
; Ignore CASCADE Buffers                                       ; Off             ; Off           ;
; Ignore GLOBAL Buffers                                        ; Off             ; Off           ;
; Ignore ROW GLOBAL Buffers                                    ; Off             ; Off           ;
; Ignore LCELL Buffers                                         ; Off             ; Off           ;
; Ignore SOFT Buffers                                          ; On              ; On            ;
; Limit AHDL Integers to 32 Bits                               ; Off             ; Off           ;
; Auto Implement in ROM                                        ; Off             ; Off           ;
; Optimization Technique                                       ; Area            ; Area          ;
; Carry Chain Length                                           ; 32              ; 32            ;
; Cascade Chain Length                                         ; 2               ; 2             ;
; Auto Carry Chains                                            ; On              ; On            ;
; Auto Open-Drain Pins                                         ; On              ; On            ;
; Auto ROM Replacement                                         ; On              ; On            ;
; Auto RAM Replacement                                         ; On              ; On            ;
; Auto Clock Enable Replacement                                ; On              ; On            ;
; Strict RAM Replacement                                       ; Off             ; Off           ;
; Auto Resource Sharing                                        ; Off             ; Off           ;
; Allow Any RAM Size For Recognition                           ; Off             ; Off           ;
; Allow Any ROM Size For Recognition                           ; Off             ; Off           ;
; Use LogicLock Constraints during Resource Balancing          ; On              ; On            ;
; Ignore translate_off and synthesis_off directives            ; Off             ; Off           ;
; Show Parameter Settings Tables in Synthesis Report           ; On              ; On            ;
; HDL message level                                            ; Level2          ; Level2        ;
; Suppress Register Optimization Related Messages              ; Off             ; Off           ;
; Number of Removed Registers Reported in Synthesis Report     ; 100             ; 100           ;
; Number of Inverted Registers Reported in Synthesis Report    ; 100             ; 100           ;
; Block Design Naming                                          ; Auto            ; Auto          ;
; Synthesis Effort                                             ; Auto            ; Auto          ;
; Shift Register Replacement - Allow Asynchronous Clear Signal ; On              ; On            ;
; Analysis & Synthesis Message Level                           ; Medium          ; Medium        ;
+--------------------------------------------------------------+-----------------+---------------+


+----------------------------------------------------------------------------------------------------------------------------------------------------+
; Analysis & Synthesis Source Files Read                                                                                                             ;
+----------------------------------+-----------------+------------------------------------+----------------------------------------------------------+
; File Name with User-Entered Path ; Used in Netlist ; File Type                          ; File Name with Absolute Path                             ;
+----------------------------------+-----------------+------------------------------------+----------------------------------------------------------+
; ROM.vhd                          ; yes             ; User VHDL File                     ; D:/quartus/大二下/计算机系统基础实验/5.6微控/ROM.vhd     ;
; shixu.vhd                        ; yes             ; User VHDL File                     ; D:/quartus/大二下/计算机系统基础实验/5.6微控/shixu.vhd   ;
; weikong.bdf                      ; yes             ; User Block Diagram/Schematic File  ; D:/quartus/大二下/计算机系统基础实验/5.6微控/weikong.bdf ;
; 74273.bdf                        ; yes             ; Megafunction                       ; d:/quartus/libraries/others/maxplus2/74273.bdf           ;
; 74244.bdf                        ; yes             ; Megafunction                       ; d:/quartus/libraries/others/maxplus2/74244.bdf           ;
; 7474.bdf                         ; yes             ; Megafunction                       ; d:/quartus/libraries/others/maxplus2/7474.bdf            ;
+----------------------------------+-----------------+------------------------------------+----------------------------------------------------------+


+------------------------------------------------+
; Analysis & Synthesis Resource Usage Summary    ;
+--------------------------------+---------------+
; Resource                       ; Usage         ;
+--------------------------------+---------------+
; Total logic elements           ; 83            ;
; Total combinational functions  ; 78            ;
;     -- Total 4-input functions ; 40            ;
;     -- Total 3-input functions ; 20            ;
;     -- Total 2-input functions ; 15            ;
;     -- Total 1-input functions ; 1             ;
;     -- Total 0-input functions ; 2             ;
; Total registers                ; 36            ;
; I/O pins                       ; 42            ;
; Maximum fan-out node           ; 7474:inst19|9 ;
; Maximum fan-out                ; 32            ;
; Total fan-out                  ; 357           ;
; Average fan-out                ; 2.86          ;
+--------------------------------+---------------+


+----------------------------------------------------------------------------------------------------------------------------------------------------------------------------------------------------------+
; Analysis & Synthesis Resource Utilization by Entity                                                                                                                                                      ;
+----------------------------+-------------+--------------+-------------+------+--------------+-------------------+------------------+-----------------+------------+-----------------------+--------------+
; Compilation Hierarchy Node ; Logic Cells ; LC Registers ; Memory Bits ; Pins ; LUT-Only LCs ; Register-Only LCs ; LUT/Register LCs ; Carry Chain LCs ; Packed LCs ; Full Hierarchy Name   ; Library Name ;
+----------------------------+-------------+--------------+-------------+------+--------------+-------------------+------------------+-----------------+------------+-----------------------+--------------+
; |weikong                   ; 83 (4)      ; 36           ; 0           ; 42   ; 47 (4)       ; 5 (0)             ; 31 (0)           ; 0 (0)           ; 0 (0)      ; |weikong              ; work         ;
;    |74273:inst13|          ; 3 (3)       ; 3            ; 0           ; 0    ; 0 (0)        ; 3 (3)             ; 0 (0)            ; 0 (0)           ; 0 (0)      ; |weikong|74273:inst13 ; work         ;
;    |74273:inst3|           ; 6 (6)       ; 6            ; 0           ; 0    ; 0 (0)        ; 2 (2)             ; 4 (4)            ; 0 (0)           ; 0 (0)      ; |weikong|74273:inst3  ; work         ;
;    |74273:inst4|           ; 6 (6)       ; 6            ; 0           ; 0    ; 0 (0)        ; 0 (0)             ; 6 (6)            ; 0 (0)           ; 0 (0)      ; |weikong|74273:inst4  ; work         ;
;    |74273:inst5|           ; 8 (8)       ; 8            ; 0           ; 0    ; 0 (0)        ; 0 (0)             ; 8 (8)            ; 0 (0)           ; 0 (0)      ; |weikong|74273:inst5  ; work         ;
;    |7474:inst18|           ; 2 (2)       ; 2            ; 0           ; 0    ; 0 (0)        ; 0 (0)             ; 2 (2)            ; 0 (0)           ; 0 (0)      ; |weikong|7474:inst18  ; work         ;
;    |7474:inst19|           ; 2 (2)       ; 2            ; 0           ; 0    ; 0 (0)        ; 0 (0)             ; 2 (2)            ; 0 (0)           ; 0 (0)      ; |weikong|7474:inst19  ; work         ;
;    |7474:inst20|           ; 1 (1)       ; 1            ; 0           ; 0    ; 0 (0)        ; 0 (0)             ; 1 (1)            ; 0 (0)           ; 0 (0)      ; |weikong|7474:inst20  ; work         ;
;    |rom:inst1|             ; 36 (36)     ; 0            ; 0           ; 0    ; 36 (36)      ; 0 (0)             ; 0 (0)            ; 0 (0)           ; 0 (0)      ; |weikong|rom:inst1    ; work         ;
;    |shixu:inst|            ; 15 (15)     ; 8            ; 0           ; 0    ; 7 (7)        ; 0 (0)             ; 8 (8)            ; 0 (0)           ; 0 (0)      ; |weikong|shixu:inst   ; work         ;
+----------------------------+-------------+--------------+-------------+------+--------------+-------------------+------------------+-----------------+------------+-----------------------+--------------+
Note: For table entries with two numbers listed, the numbers in parentheses indicate the number of resources of the given type used by the specific entity alone. The numbers listed outside of parentheses indicate the total resources of the given type used by the specific entity and all of its sub-entities in the hierarchy.


Encoding Type:  One-Hot
+-----------------------------------------------------------------------------------------------------------------------------+
; State Machine - |weikong|shixu:inst|fstate                                                                                  ;
+--------------+--------------+--------------+------------+------------+------------+--------------+------------+-------------+
; Name         ; fstate.s_st3 ; fstate.s_st4 ; fstate.st3 ; fstate.st2 ; fstate.st4 ; fstate.s_st2 ; fstate.st1 ; fstate.idle ;
+--------------+--------------+--------------+------------+------------+------------+--------------+------------+-------------+
; fstate.idle  ; 0            ; 0            ; 0          ; 0          ; 0          ; 0            ; 0          ; 0           ;
; fstate.st1   ; 0            ; 0            ; 0          ; 0          ; 0          ; 0            ; 1          ; 1           ;
; fstate.s_st2 ; 0            ; 0            ; 0          ; 0          ; 0          ; 1            ; 0          ; 1           ;
; fstate.st4   ; 0            ; 0            ; 0          ; 0          ; 1          ; 0            ; 0          ; 1           ;
; fstate.st2   ; 0            ; 0            ; 0          ; 1          ; 0          ; 0            ; 0          ; 1           ;
; fstate.st3   ; 0            ; 0            ; 1          ; 0          ; 0          ; 0            ; 0          ; 1           ;
; fstate.s_st4 ; 0            ; 1            ; 0          ; 0          ; 0          ; 0            ; 0          ; 1           ;
; fstate.s_st3 ; 1            ; 0            ; 0          ; 0          ; 0          ; 0            ; 0          ; 1           ;
+--------------+--------------+--------------+------------+------------+------------+--------------+------------+-------------+


+--------------------------------------------------------------------------------+
; Registers Removed During Synthesis                                             ;
+---------------------------------------+----------------------------------------+
; Register name                         ; Reason for Removal                     ;
+---------------------------------------+----------------------------------------+
; 74273:inst4|18                        ; Stuck at GND due to stuck port data_in ;
; 74273:inst3|18                        ; Stuck at GND due to stuck port data_in ;
; 74273:inst4|14                        ; Merged with 74273:inst3|13             ;
; Total Number of Removed Registers = 3 ;                                        ;
+---------------------------------------+----------------------------------------+


+------------------------------------------------------+
; General Register Statistics                          ;
+----------------------------------------------+-------+
; Statistic                                    ; Value ;
+----------------------------------------------+-------+
; Total registers                              ; 36    ;
; Number of registers using Synchronous Clear  ; 0     ;
; Number of registers using Synchronous Load   ; 0     ;
; Number of registers using Asynchronous Clear ; 28    ;
; Number of registers using Asynchronous Load  ; 5     ;
; Number of registers using Clock Enable       ; 0     ;
; Number of registers using Preset             ; 0     ;
+----------------------------------------------+-------+


+-------------------------------+
; Analysis & Synthesis Messages ;
+-------------------------------+
Info: *******************************************************************
Info: Running Quartus II Analysis & Synthesis
    Info: Version 9.0 Build 184 04/29/2009 Service Pack 1 SJ Web Edition
    Info: Processing started: Sun Mar 15 18:45:23 2020
Info: Command: quartus_map --read_settings_files=on --write_settings_files=off weikong -c weikong
Info: Found 2 design units, including 1 entities, in source file ROM.vhd
    Info: Found design unit 1: rom-SYN
    Info: Found entity 1: rom
Info: Found 2 design units, including 1 entities, in source file shixu.vhd
    Info: Found design unit 1: shixu-BEHAVIOR
    Info: Found entity 1: shixu
Info: Found 1 design units, including 1 entities, in source file weikong.bdf
    Info: Found entity 1: weikong
Info: Elaborating entity "weikong" for the top level hierarchy
Info: Elaborating entity "shixu" for hierarchy "shixu:inst"
Info: Elaborating entity "74273" for hierarchy "74273:inst5"
Info: Elaborated megafunction instantiation "74273:inst5"
Info: Elaborating entity "rom" for hierarchy "rom:inst1"
Info: Elaborating entity "74244" for hierarchy "74244:inst21"
Info: Elaborated megafunction instantiation "74244:inst21"
Info: Elaborating entity "7474" for hierarchy "7474:inst19"
Info: Elaborated megafunction instantiation "7474:inst19"
Warning: Tri-state node(s) do not directly drive top-level pin(s)
    Warning: Converted the fan-out from the tri-state buffer "74244:inst21|36" to the node "rom:inst1|q[12]" into an OR gate
    Warning: Converted the fan-out from the tri-state buffer "74244:inst21|11" to the node "rom:inst1|sub_wire0" into an OR gate
    Warning: Converted the fan-out from the tri-state buffer "74244:inst21|10" to the node "rom:inst1|sub_wire0" into an OR gate
    Warning: Converted the fan-out from the tri-state buffer "74244:inst21|6" to the node "rom:inst1|sub_wire0" into an OR gate
    Warning: Converted the fan-out from the tri-state buffer "74244:inst21|1" to the node "rom:inst1|sub_wire0" into an OR gate
Warning: Output pins are stuck at VCC or GND
    Warning (13410): Pin "LDR4" is stuck at GND
    Warning (13410): Pin "S2" is stuck at GND
Info: Implemented 125 device resources after synthesis - the final resource count might be different
    Info: Implemented 10 input pins
    Info: Implemented 32 output pins
    Info: Implemented 83 logic cells
Info: Quartus II Analysis & Synthesis was successful. 0 errors, 9 warnings
    Info: Peak virtual memory: 246 megabytes
    Info: Processing ended: Sun Mar 15 18:45:25 2020
    Info: Elapsed time: 00:00:02
    Info: Total CPU time (on all processors): 00:00:01


