Classic Timing Analyzer report for shixu
Sun Mar 22 20:38:46 2020
Quartus II Version 9.0 Build 184 04/29/2009 Service Pack 1 SJ Web Edition


---------------------
; Table of Contents ;
---------------------
  1. Legal Notice
  2. Timing Analyzer Summary
  3. Timing Analyzer Settings
  4. Clock Settings Summary
  5. Parallel Compilation
  6. Clock Setup: 'clock'
  7. tsu
  8. tco
  9. tpd
 10. th
 11. Timing Analyzer Messages



----------------
; Legal Notice ;
----------------
Copyright (C) 1991-2009 Altera Corporation
Your use of Altera Corporation's design tools, logic functions 
and other software and tools, and its AMPP partner logic 
functions, and any output files from any of the foregoing 
(including device programming or simulation files), and any 
associated documentation or information are expressly subject 
to the terms and conditions of the Altera Program License 
Subscription Agreement, Altera MegaCore Function License 
Agreement, or other applicable license agreement, including, 
without limitation, that your use is for the sole purpose of 
programming logic devices manufactured by Altera and sold by 
Altera or its authorized distributors.  Please refer to the 
applicable agreement for further details.



+-------------------------------------------------------------------------------------------------------------------------------------------------------------+
; Timing Analyzer Summary                                                                                                                                     ;
+------------------------------+-------+---------------+----------------------------------+--------------+-------------+------------+----------+--------------+
; Type                         ; Slack ; Required Time ; Actual Time                      ; From         ; To          ; From Clock ; To Clock ; Failed Paths ;
+------------------------------+-------+---------------+----------------------------------+--------------+-------------+------------+----------+--------------+
; Worst-case tsu               ; N/A   ; None          ; 10.000 ns                        ; reset        ; fstate.st1  ; --         ; clock    ; 0            ;
; Worst-case tco               ; N/A   ; None          ; 18.500 ns                        ; fstate.s_st3 ; t3          ; clock      ; --       ; 0            ;
; Worst-case tpd               ; N/A   ; None          ; 14.300 ns                        ; reset        ; t3          ; --         ; --       ; 0            ;
; Worst-case th                ; N/A   ; None          ; 0.800 ns                         ; qd           ; fstate.idle ; --         ; clock    ; 0            ;
; Clock Setup: 'clock'         ; N/A   ; None          ; 82.64 MHz ( period = 12.100 ns ) ; fstate.idle  ; fstate.st1  ; clock      ; clock    ; 0            ;
; Total number of failed paths ;       ;               ;                                  ;              ;             ;            ;          ; 0            ;
+------------------------------+-------+---------------+----------------------------------+--------------+-------------+------------+----------+--------------+


+--------------------------------------------------------------------------------------------------------------------+
; Timing Analyzer Settings                                                                                           ;
+---------------------------------------------------------------------+--------------------+------+----+-------------+
; Option                                                              ; Setting            ; From ; To ; Entity Name ;
+---------------------------------------------------------------------+--------------------+------+----+-------------+
; Device Name                                                         ; EPF10K20TC144-4    ;      ;    ;             ;
; Timing Models                                                       ; Final              ;      ;    ;             ;
; Default hold multicycle                                             ; Same as Multicycle ;      ;    ;             ;
; Cut paths between unrelated clock domains                           ; On                 ;      ;    ;             ;
; Cut off read during write signal paths                              ; On                 ;      ;    ;             ;
; Cut off feedback from I/O pins                                      ; On                 ;      ;    ;             ;
; Report Combined Fast/Slow Timing                                    ; Off                ;      ;    ;             ;
; Ignore Clock Settings                                               ; Off                ;      ;    ;             ;
; Analyze latches as synchronous elements                             ; On                 ;      ;    ;             ;
; Enable Recovery/Removal analysis                                    ; Off                ;      ;    ;             ;
; Enable Clock Latency                                                ; Off                ;      ;    ;             ;
; Use TimeQuest Timing Analyzer                                       ; Off                ;      ;    ;             ;
; Minimum Core Junction Temperature                                   ; 0                  ;      ;    ;             ;
; Maximum Core Junction Temperature                                   ; 85                 ;      ;    ;             ;
; Number of source nodes to report per destination node               ; 10                 ;      ;    ;             ;
; Number of destination nodes to report                               ; 10                 ;      ;    ;             ;
; Number of paths to report                                           ; 200                ;      ;    ;             ;
; Report Minimum Timing Checks                                        ; Off                ;      ;    ;             ;
; Use Fast Timing Models                                              ; Off                ;      ;    ;             ;
; Report IO Paths Separately                                          ; Off                ;      ;    ;             ;
; Perform Multicorner Analysis                                        ; Off                ;      ;    ;             ;
; Reports the worst-case path for each clock domain and analysis      ; Off                ;      ;    ;             ;
; Removes common clock path pessimism (CCPP) during slack computation ; Off                ;      ;    ;             ;
; Output I/O Timing Endpoint                                          ; Near End           ;      ;    ;             ;
+---------------------------------------------------------------------+--------------------+------+----+-------------+


+------------------------------------------------------------------------------------------------------------------------------------------------------------------------------------+
; Clock Settings Summary                                                                                                                                                             ;
+-----------------+--------------------+----------+------------------+---------------+--------------+----------+-----------------------+---------------------+--------+--------------+
; Clock Node Name ; Clock Setting Name ; Type     ; Fmax Requirement ; Early Latency ; Late Latency ; Based on ; Multiply Base Fmax by ; Divide Base Fmax by ; Offset ; Phase offset ;
+-----------------+--------------------+----------+------------------+---------------+--------------+----------+-----------------------+---------------------+--------+--------------+
; clock           ;                    ; User Pin ; None             ; 0.000 ns      ; 0.000 ns     ; --       ; N/A                   ; N/A                 ; N/A    ;              ;
+-----------------+--------------------+----------+------------------+---------------+--------------+----------+-----------------------+---------------------+--------+--------------+


Parallel compilation was disabled, but you have multiple processors available. Enable parallel compilation to reduce compilation time.
+-------------------------------------+
; Parallel Compilation                ;
+----------------------------+--------+
; Processors                 ; Number ;
+----------------------------+--------+
; Number detected on machine ; 4      ;
; Maximum allowed            ; 1      ;
+----------------------------+--------+


+--------------------------------------------------------------------------------------------------------------------------------------------------------------------------------------------------+
; Clock Setup: 'clock'                                                                                                                                                                             ;
+-------+------------------------------------------------+--------------+--------------+------------+----------+-----------------------------+---------------------------+-------------------------+
; Slack ; Actual fmax (period)                           ; From         ; To           ; From Clock ; To Clock ; Required Setup Relationship ; Required Longest P2P Time ; Actual Longest P2P Time ;
+-------+------------------------------------------------+--------------+--------------+------------+----------+-----------------------------+---------------------------+-------------------------+
; N/A   ; 82.64 MHz ( period = 12.100 ns )               ; fstate.idle  ; fstate.st1   ; clock      ; clock    ; None                        ; None                      ; 8.500 ns                ;
; N/A   ; 86.21 MHz ( period = 11.600 ns )               ; fstate.st1   ; fstate.st1   ; clock      ; clock    ; None                        ; None                      ; 8.000 ns                ;
; N/A   ; 100.00 MHz ( period = 10.000 ns )              ; fstate.st3   ; fstate.st4   ; clock      ; clock    ; None                        ; None                      ; 6.400 ns                ;
; N/A   ; 100.00 MHz ( period = 10.000 ns )              ; fstate.st3   ; fstate.s_st4 ; clock      ; clock    ; None                        ; None                      ; 6.400 ns                ;
; N/A   ; 101.01 MHz ( period = 9.900 ns )               ; fstate.st4   ; fstate.st1   ; clock      ; clock    ; None                        ; None                      ; 6.300 ns                ;
; N/A   ; 101.01 MHz ( period = 9.900 ns )               ; fstate.st1   ; fstate.st2   ; clock      ; clock    ; None                        ; None                      ; 6.300 ns                ;
; N/A   ; 101.01 MHz ( period = 9.900 ns )               ; fstate.st4   ; fstate.idle  ; clock      ; clock    ; None                        ; None                      ; 6.300 ns                ;
; N/A   ; 106.38 MHz ( period = 9.400 ns )               ; fstate.s_st2 ; fstate.s_st3 ; clock      ; clock    ; None                        ; None                      ; 5.800 ns                ;
; N/A   ; 106.38 MHz ( period = 9.400 ns )               ; fstate.s_st4 ; fstate.idle  ; clock      ; clock    ; None                        ; None                      ; 5.800 ns                ;
; N/A   ; 108.70 MHz ( period = 9.200 ns )               ; fstate.st2   ; fstate.st3   ; clock      ; clock    ; None                        ; None                      ; 5.600 ns                ;
; N/A   ; 108.70 MHz ( period = 9.200 ns )               ; fstate.st4   ; fstate.st4   ; clock      ; clock    ; None                        ; None                      ; 5.600 ns                ;
; N/A   ; 120.48 MHz ( period = 8.300 ns )               ; fstate.st1   ; fstate.s_st2 ; clock      ; clock    ; None                        ; None                      ; 4.700 ns                ;
; N/A   ; 120.48 MHz ( period = 8.300 ns )               ; fstate.st3   ; fstate.st3   ; clock      ; clock    ; None                        ; None                      ; 4.700 ns                ;
; N/A   ; 120.48 MHz ( period = 8.300 ns )               ; fstate.st2   ; fstate.s_st3 ; clock      ; clock    ; None                        ; None                      ; 4.700 ns                ;
; N/A   ; Restricted to 125.00 MHz ( period = 8.000 ns ) ; fstate.st2   ; fstate.st2   ; clock      ; clock    ; None                        ; None                      ; 4.200 ns                ;
; N/A   ; Restricted to 125.00 MHz ( period = 8.000 ns ) ; fstate.s_st4 ; fstate.s_st4 ; clock      ; clock    ; None                        ; None                      ; 4.200 ns                ;
; N/A   ; Restricted to 125.00 MHz ( period = 8.000 ns ) ; fstate.s_st3 ; fstate.s_st4 ; clock      ; clock    ; None                        ; None                      ; 4.000 ns                ;
; N/A   ; Restricted to 125.00 MHz ( period = 8.000 ns ) ; fstate.s_st2 ; fstate.s_st2 ; clock      ; clock    ; None                        ; None                      ; 2.300 ns                ;
; N/A   ; Restricted to 125.00 MHz ( period = 8.000 ns ) ; fstate.s_st3 ; fstate.s_st3 ; clock      ; clock    ; None                        ; None                      ; 2.300 ns                ;
; N/A   ; Restricted to 125.00 MHz ( period = 8.000 ns ) ; fstate.idle  ; fstate.idle  ; clock      ; clock    ; None                        ; None                      ; 2.300 ns                ;
+-------+------------------------------------------------+--------------+--------------+------------+----------+-----------------------------+---------------------------+-------------------------+


+---------------------------------------------------------------------+
; tsu                                                                 ;
+-------+--------------+------------+-------+--------------+----------+
; Slack ; Required tsu ; Actual tsu ; From  ; To           ; To Clock ;
+-------+--------------+------------+-------+--------------+----------+
; N/A   ; None         ; 10.000 ns  ; reset ; fstate.st1   ; clock    ;
; N/A   ; None         ; 9.500 ns   ; qd    ; fstate.st1   ; clock    ;
; N/A   ; None         ; 8.300 ns   ; reset ; fstate.st2   ; clock    ;
; N/A   ; None         ; 7.700 ns   ; dp    ; fstate.idle  ; clock    ;
; N/A   ; None         ; 7.700 ns   ; tj    ; fstate.idle  ; clock    ;
; N/A   ; None         ; 7.000 ns   ; dp    ; fstate.st4   ; clock    ;
; N/A   ; None         ; 7.000 ns   ; tj    ; fstate.st1   ; clock    ;
; N/A   ; None         ; 7.000 ns   ; tj    ; fstate.st4   ; clock    ;
; N/A   ; None         ; 6.900 ns   ; dp    ; fstate.st3   ; clock    ;
; N/A   ; None         ; 6.900 ns   ; tj    ; fstate.st3   ; clock    ;
; N/A   ; None         ; 6.600 ns   ; reset ; fstate.st4   ; clock    ;
; N/A   ; None         ; 6.500 ns   ; dp    ; fstate.st1   ; clock    ;
; N/A   ; None         ; 6.500 ns   ; reset ; fstate.st3   ; clock    ;
; N/A   ; None         ; 6.200 ns   ; reset ; fstate.s_st2 ; clock    ;
; N/A   ; None         ; 6.100 ns   ; dp    ; fstate.s_st4 ; clock    ;
; N/A   ; None         ; 6.100 ns   ; tj    ; fstate.s_st2 ; clock    ;
; N/A   ; None         ; 6.100 ns   ; tj    ; fstate.s_st4 ; clock    ;
; N/A   ; None         ; 6.000 ns   ; dp    ; fstate.st2   ; clock    ;
; N/A   ; None         ; 6.000 ns   ; dp    ; fstate.s_st3 ; clock    ;
; N/A   ; None         ; 6.000 ns   ; tj    ; fstate.st2   ; clock    ;
; N/A   ; None         ; 6.000 ns   ; tj    ; fstate.s_st3 ; clock    ;
; N/A   ; None         ; 5.600 ns   ; dp    ; fstate.s_st2 ; clock    ;
; N/A   ; None         ; 3.800 ns   ; reset ; fstate.s_st4 ; clock    ;
; N/A   ; None         ; 3.800 ns   ; reset ; fstate.idle  ; clock    ;
; N/A   ; None         ; 3.700 ns   ; reset ; fstate.s_st3 ; clock    ;
; N/A   ; None         ; 3.300 ns   ; qd    ; fstate.idle  ; clock    ;
+-------+--------------+------------+-------+--------------+----------+


+--------------------------------------------------------------------+
; tco                                                                ;
+-------+--------------+------------+--------------+----+------------+
; Slack ; Required tco ; Actual tco ; From         ; To ; From Clock ;
+-------+--------------+------------+--------------+----+------------+
; N/A   ; None         ; 18.500 ns  ; fstate.s_st3 ; t3 ; clock      ;
; N/A   ; None         ; 18.000 ns  ; fstate.st3   ; t3 ; clock      ;
; N/A   ; None         ; 17.100 ns  ; fstate.s_st2 ; t2 ; clock      ;
; N/A   ; None         ; 16.000 ns  ; fstate.s_st4 ; t4 ; clock      ;
; N/A   ; None         ; 16.000 ns  ; fstate.st2   ; t2 ; clock      ;
; N/A   ; None         ; 15.500 ns  ; fstate.st4   ; t4 ; clock      ;
; N/A   ; None         ; 14.900 ns  ; fstate.st1   ; t1 ; clock      ;
+-------+--------------+------------+--------------+----+------------+


+----------------------------------------------------------+
; tpd                                                      ;
+-------+-------------------+-----------------+-------+----+
; Slack ; Required P2P Time ; Actual P2P Time ; From  ; To ;
+-------+-------------------+-----------------+-------+----+
; N/A   ; None              ; 14.300 ns       ; reset ; t3 ;
; N/A   ; None              ; 13.900 ns       ; reset ; t4 ;
; N/A   ; None              ; 13.800 ns       ; reset ; t2 ;
; N/A   ; None              ; 13.300 ns       ; reset ; t1 ;
+-------+-------------------+-----------------+-------+----+


+---------------------------------------------------------------------------+
; th                                                                        ;
+---------------+-------------+-----------+-------+--------------+----------+
; Minimum Slack ; Required th ; Actual th ; From  ; To           ; To Clock ;
+---------------+-------------+-----------+-------+--------------+----------+
; N/A           ; None        ; 0.800 ns  ; qd    ; fstate.idle  ; clock    ;
; N/A           ; None        ; 0.500 ns  ; dp    ; fstate.st2   ; clock    ;
; N/A           ; None        ; 0.500 ns  ; tj    ; fstate.st2   ; clock    ;
; N/A           ; None        ; 0.500 ns  ; tj    ; fstate.s_st3 ; clock    ;
; N/A           ; None        ; 0.400 ns  ; tj    ; fstate.s_st2 ; clock    ;
; N/A           ; None        ; 0.400 ns  ; tj    ; fstate.s_st4 ; clock    ;
; N/A           ; None        ; 0.400 ns  ; reset ; fstate.s_st3 ; clock    ;
; N/A           ; None        ; 0.300 ns  ; reset ; fstate.s_st2 ; clock    ;
; N/A           ; None        ; 0.300 ns  ; reset ; fstate.s_st4 ; clock    ;
; N/A           ; None        ; 0.300 ns  ; reset ; fstate.idle  ; clock    ;
; N/A           ; None        ; -1.500 ns ; dp    ; fstate.s_st2 ; clock    ;
; N/A           ; None        ; -1.500 ns ; reset ; fstate.st3   ; clock    ;
; N/A           ; None        ; -1.600 ns ; reset ; fstate.st1   ; clock    ;
; N/A           ; None        ; -1.600 ns ; reset ; fstate.st4   ; clock    ;
; N/A           ; None        ; -1.900 ns ; dp    ; fstate.st3   ; clock    ;
; N/A           ; None        ; -1.900 ns ; dp    ; fstate.s_st3 ; clock    ;
; N/A           ; None        ; -1.900 ns ; tj    ; fstate.st3   ; clock    ;
; N/A           ; None        ; -2.000 ns ; dp    ; fstate.st1   ; clock    ;
; N/A           ; None        ; -2.000 ns ; dp    ; fstate.st4   ; clock    ;
; N/A           ; None        ; -2.000 ns ; dp    ; fstate.s_st4 ; clock    ;
; N/A           ; None        ; -2.000 ns ; tj    ; fstate.st1   ; clock    ;
; N/A           ; None        ; -2.000 ns ; tj    ; fstate.st4   ; clock    ;
; N/A           ; None        ; -2.000 ns ; reset ; fstate.st2   ; clock    ;
; N/A           ; None        ; -3.600 ns ; dp    ; fstate.idle  ; clock    ;
; N/A           ; None        ; -3.600 ns ; tj    ; fstate.idle  ; clock    ;
; N/A           ; None        ; -5.400 ns ; qd    ; fstate.st1   ; clock    ;
+---------------+-------------+-----------+-------+--------------+----------+


+--------------------------+
; Timing Analyzer Messages ;
+--------------------------+
Info: *******************************************************************
Info: Running Quartus II Classic Timing Analyzer
    Info: Version 9.0 Build 184 04/29/2009 Service Pack 1 SJ Web Edition
    Info: Processing started: Sun Mar 22 20:38:46 2020
Info: Command: quartus_tan --read_settings_files=off --write_settings_files=off shixu -c shixu
Info: Started post-fitting delay annotation
Info: Delay annotation completed successfully
Warning: Found pins functioning as undefined clocks and/or memory enables
    Info: Assuming node "clock" is an undefined clock
Info: Clock "clock" has Internal fmax of 82.64 MHz between source register "fstate.idle" and destination register "fstate.st1" (period= 12.1 ns)
    Info: + Longest register to register delay is 8.500 ns
        Info: 1: + IC(0.000 ns) + CELL(0.000 ns) = 0.000 ns; Loc. = LC5_B7; Fanout = 2; REG Node = 'fstate.idle'
        Info: 2: + IC(0.600 ns) + CELL(2.300 ns) = 2.900 ns; Loc. = LC8_B7; Fanout = 1; COMB Node = 'reg_fstate.st1~4'
        Info: 3: + IC(0.600 ns) + CELL(1.700 ns) = 5.200 ns; Loc. = LC1_B7; Fanout = 1; COMB Node = 'reg_fstate.st1~11'
        Info: 4: + IC(0.000 ns) + CELL(1.500 ns) = 6.700 ns; Loc. = LC2_B7; Fanout = 1; COMB Node = 'reg_fstate.st1~7'
        Info: 5: + IC(0.600 ns) + CELL(1.200 ns) = 8.500 ns; Loc. = LC3_B7; Fanout = 2; REG Node = 'fstate.st1'
        Info: Total cell delay = 6.700 ns ( 78.82 % )
        Info: Total interconnect delay = 1.800 ns ( 21.18 % )
    Info: - Smallest clock skew is 0.000 ns
        Info: + Shortest clock path from clock "clock" to destination register is 5.300 ns
            Info: 1: + IC(0.000 ns) + CELL(2.800 ns) = 2.800 ns; Loc. = PIN_55; Fanout = 8; CLK Node = 'clock'
            Info: 2: + IC(2.500 ns) + CELL(0.000 ns) = 5.300 ns; Loc. = LC3_B7; Fanout = 2; REG Node = 'fstate.st1'
            Info: Total cell delay = 2.800 ns ( 52.83 % )
            Info: Total interconnect delay = 2.500 ns ( 47.17 % )
        Info: - Longest clock path from clock "clock" to source register is 5.300 ns
            Info: 1: + IC(0.000 ns) + CELL(2.800 ns) = 2.800 ns; Loc. = PIN_55; Fanout = 8; CLK Node = 'clock'
            Info: 2: + IC(2.500 ns) + CELL(0.000 ns) = 5.300 ns; Loc. = LC5_B7; Fanout = 2; REG Node = 'fstate.idle'
            Info: Total cell delay = 2.800 ns ( 52.83 % )
            Info: Total interconnect delay = 2.500 ns ( 47.17 % )
    Info: + Micro clock to output delay of source is 1.100 ns
    Info: + Micro setup delay of destination is 2.500 ns
Info: tsu for register "fstate.st1" (data pin = "reset", clock pin = "clock") is 10.000 ns
    Info: + Longest pin to register delay is 12.800 ns
        Info: 1: + IC(0.000 ns) + CELL(2.800 ns) = 2.800 ns; Loc. = PIN_126; Fanout = 16; PIN Node = 'reset'
        Info: 2: + IC(2.100 ns) + CELL(2.300 ns) = 7.200 ns; Loc. = LC6_B7; Fanout = 3; COMB Node = 't1~3'
        Info: 3: + IC(0.600 ns) + CELL(1.700 ns) = 9.500 ns; Loc. = LC1_B7; Fanout = 1; COMB Node = 'reg_fstate.st1~11'
        Info: 4: + IC(0.000 ns) + CELL(1.500 ns) = 11.000 ns; Loc. = LC2_B7; Fanout = 1; COMB Node = 'reg_fstate.st1~7'
        Info: 5: + IC(0.600 ns) + CELL(1.200 ns) = 12.800 ns; Loc. = LC3_B7; Fanout = 2; REG Node = 'fstate.st1'
        Info: Total cell delay = 9.500 ns ( 74.22 % )
        Info: Total interconnect delay = 3.300 ns ( 25.78 % )
    Info: + Micro setup delay of destination is 2.500 ns
    Info: - Shortest clock path from clock "clock" to destination register is 5.300 ns
        Info: 1: + IC(0.000 ns) + CELL(2.800 ns) = 2.800 ns; Loc. = PIN_55; Fanout = 8; CLK Node = 'clock'
        Info: 2: + IC(2.500 ns) + CELL(0.000 ns) = 5.300 ns; Loc. = LC3_B7; Fanout = 2; REG Node = 'fstate.st1'
        Info: Total cell delay = 2.800 ns ( 52.83 % )
        Info: Total interconnect delay = 2.500 ns ( 47.17 % )
Info: tco from clock "clock" to destination pin "t3" through register "fstate.s_st3" is 18.500 ns
    Info: + Longest clock path from clock "clock" to source register is 5.300 ns
        Info: 1: + IC(0.000 ns) + CELL(2.800 ns) = 2.800 ns; Loc. = PIN_55; Fanout = 8; CLK Node = 'clock'
        Info: 2: + IC(2.500 ns) + CELL(0.000 ns) = 5.300 ns; Loc. = LC7_B6; Fanout = 3; REG Node = 'fstate.s_st3'
        Info: Total cell delay = 2.800 ns ( 52.83 % )
        Info: Total interconnect delay = 2.500 ns ( 47.17 % )
    Info: + Micro clock to output delay of source is 1.100 ns
    Info: + Longest register to pin delay is 12.100 ns
        Info: 1: + IC(0.000 ns) + CELL(0.000 ns) = 0.000 ns; Loc. = LC7_B6; Fanout = 3; REG Node = 'fstate.s_st3'
        Info: 2: + IC(2.300 ns) + CELL(2.300 ns) = 4.600 ns; Loc. = LC6_B1; Fanout = 1; COMB Node = 't3~6'
        Info: 3: + IC(2.400 ns) + CELL(5.100 ns) = 12.100 ns; Loc. = PIN_96; Fanout = 0; PIN Node = 't3'
        Info: Total cell delay = 7.400 ns ( 61.16 % )
        Info: Total interconnect delay = 4.700 ns ( 38.84 % )
Info: Longest tpd from source pin "reset" to destination pin "t3" is 14.300 ns
    Info: 1: + IC(0.000 ns) + CELL(2.800 ns) = 2.800 ns; Loc. = PIN_126; Fanout = 16; PIN Node = 'reset'
    Info: 2: + IC(1.700 ns) + CELL(2.300 ns) = 6.800 ns; Loc. = LC6_B1; Fanout = 1; COMB Node = 't3~6'
    Info: 3: + IC(2.400 ns) + CELL(5.100 ns) = 14.300 ns; Loc. = PIN_96; Fanout = 0; PIN Node = 't3'
    Info: Total cell delay = 10.200 ns ( 71.33 % )
    Info: Total interconnect delay = 4.100 ns ( 28.67 % )
Info: th for register "fstate.idle" (data pin = "qd", clock pin = "clock") is 0.800 ns
    Info: + Longest clock path from clock "clock" to destination register is 5.300 ns
        Info: 1: + IC(0.000 ns) + CELL(2.800 ns) = 2.800 ns; Loc. = PIN_55; Fanout = 8; CLK Node = 'clock'
        Info: 2: + IC(2.500 ns) + CELL(0.000 ns) = 5.300 ns; Loc. = LC5_B7; Fanout = 2; REG Node = 'fstate.idle'
        Info: Total cell delay = 2.800 ns ( 52.83 % )
        Info: Total interconnect delay = 2.500 ns ( 47.17 % )
    Info: + Micro hold delay of destination is 1.600 ns
    Info: - Shortest pin to register delay is 6.100 ns
        Info: 1: + IC(0.000 ns) + CELL(2.800 ns) = 2.800 ns; Loc. = PIN_56; Fanout = 2; PIN Node = 'qd'
        Info: 2: + IC(1.600 ns) + CELL(1.700 ns) = 6.100 ns; Loc. = LC5_B7; Fanout = 2; REG Node = 'fstate.idle'
        Info: Total cell delay = 4.500 ns ( 73.77 % )
        Info: Total interconnect delay = 1.600 ns ( 26.23 % )
Info: Quartus II Classic Timing Analyzer was successful. 0 errors, 1 warning
    Info: Peak virtual memory: 193 megabytes
    Info: Processing ended: Sun Mar 22 20:38:46 2020
    Info: Elapsed time: 00:00:00
    Info: Total CPU time (on all processors): 00:00:00


