Fitter report for ram
Mon Mar 02 23:29:56 2020
Quartus II Version 9.0 Build 184 04/29/2009 Service Pack 1 SJ Web Edition


---------------------
; Table of Contents ;
---------------------
  1. Legal Notice
  2. Fitter Summary
  3. Fitter Settings
  4. Parallel Compilation
  5. Fitter Device Options
  6. Input Pins
  7. Bidir Pins
  8. All Package Pins
  9. Control Signals
 10. Global & Other Fast Signals
 11. Embedded Cells
 12. Non-Global High Fan-Out Signals
 13. Peripheral Signals
 14. LAB
 15. LAB External Interconnect
 16. Row Interconnect
 17. LAB Column Interconnect
 18. LAB Column Interconnect
 19. Fitter Resource Usage Summary
 20. Fitter Resource Utilization by Entity
 21. Delay Chain Summary
 22. Fitter RAM Summary
 23. Pin-Out File
 24. Fitter Messages



----------------
; Legal Notice ;
----------------
Copyright (C) 1991-2009 Altera Corporation
Your use of Altera Corporation's design tools, logic functions 
and other software and tools, and its AMPP partner logic 
functions, and any output files from any of the foregoing 
(including device programming or simulation files), and any 
associated documentation or information are expressly subject 
to the terms and conditions of the Altera Program License 
Subscription Agreement, Altera MegaCore Function License 
Agreement, or other applicable license agreement, including, 
without limitation, that your use is for the sole purpose of 
programming logic devices manufactured by Altera and sold by 
Altera or its authorized distributors.  Please refer to the 
applicable agreement for further details.



+----------------------------------------------------------------------+
; Fitter Summary                                                       ;
+-----------------------+----------------------------------------------+
; Fitter Status         ; Successful - Mon Mar 02 23:29:56 2020        ;
; Quartus II Version    ; 9.0 Build 184 04/29/2009 SP 1 SJ Web Edition ;
; Revision Name         ; ram                                          ;
; Top-level Entity Name ; ram                                          ;
; Family                ; FLEX10K                                      ;
; Device                ; EPF10K20TC144-4                              ;
; Timing Models         ; Final                                        ;
; Total logic elements  ; 2 / 1,152 ( < 1 % )                          ;
; Total pins            ; 20 / 102 ( 20 % )                            ;
; Total memory bits     ; 2,048 / 12,288 ( 17 % )                      ;
+-----------------------+----------------------------------------------+


+------------------------------------------------------------------------------------------------------+
; Fitter Settings                                                                                      ;
+------------------------------------------------------------+--------------------+--------------------+
; Option                                                     ; Setting            ; Default Value      ;
+------------------------------------------------------------+--------------------+--------------------+
; Device                                                     ; EPF10K20TC144-4    ;                    ;
; Use smart compilation                                      ; Off                ; Off                ;
; Use TimeQuest Timing Analyzer                              ; Off                ; Off                ;
; Router Timing Optimization Level                           ; Normal             ; Normal             ;
; Placement Effort Multiplier                                ; 1.0                ; 1.0                ;
; Router Effort Multiplier                                   ; 1.0                ; 1.0                ;
; Optimize Timing                                            ; Normal compilation ; Normal compilation ;
; Optimize Timing for ECOs                                   ; Off                ; Off                ;
; Regenerate full fit report during ECO compiles             ; Off                ; Off                ;
; Optimize IOC Register Placement for Timing                 ; On                 ; On                 ;
; Limit to One Fitting Attempt                               ; Off                ; Off                ;
; Final Placement Optimizations                              ; Automatically      ; Automatically      ;
; Fitter Aggressive Routability Optimizations                ; Automatically      ; Automatically      ;
; Fitter Initial Placement Seed                              ; 1                  ; 1                  ;
; Slow Slew Rate                                             ; Off                ; Off                ;
; Auto Global Memory Control Signals                         ; Off                ; Off                ;
; Logic Cell Insertion - Individual Logic Cells              ; On                 ; On                 ;
; Logic Cell Insertion - I/Os Fed By Carry or Cascade Chains ; On                 ; On                 ;
; Fitter Effort                                              ; Auto Fit           ; Auto Fit           ;
; Auto Global Clock                                          ; On                 ; On                 ;
; Auto Global Output Enable                                  ; On                 ; On                 ;
; Auto Global Register Control Signals                       ; On                 ; On                 ;
; Force Fitter to Avoid Periphery Placement Warnings         ; Off                ; Off                ;
+------------------------------------------------------------+--------------------+--------------------+


Parallel compilation was disabled, but you have multiple processors available. Enable parallel compilation to reduce compilation time.
+-------------------------------------+
; Parallel Compilation                ;
+----------------------------+--------+
; Processors                 ; Number ;
+----------------------------+--------+
; Number detected on machine ; 4      ;
; Maximum allowed            ; 1      ;
+----------------------------+--------+


+-------------------------------------------------------------------------+
; Fitter Device Options                                                   ;
+----------------------------------------------+--------------------------+
; Option                                       ; Setting                  ;
+----------------------------------------------+--------------------------+
; Enable user-supplied start-up clock (CLKUSR) ; Off                      ;
; Enable device-wide reset (DEV_CLRn)          ; Off                      ;
; Enable device-wide output enable (DEV_OE)    ; Off                      ;
; Enable INIT_DONE output                      ; Off                      ;
; Configuration scheme                         ; Passive Serial           ;
; nWS, nRS, nCS, CS                            ; Unreserved               ;
; RDYnBUSY                                     ; Unreserved               ;
; Data[7..1]                                   ; Unreserved               ;
; Reserve all unused pins                      ; As output driving ground ;
; Base pin-out file on sameframe device        ; Off                      ;
+----------------------------------------------+--------------------------+


+-----------------------------------------------------------------------------------------------------------------------------------------+
; Input Pins                                                                                                                              ;
+---------+-------+-----+------+---------+--------+--------------+-------------------------+---------------+---------------+--------------+
; Name    ; Pin # ; Row ; Col. ; Fan-Out ; Global ; I/O Register ; Use Local Routing Input ; Power Up High ; Single-Pin CE ; I/O Standard ;
+---------+-------+-----+------+---------+--------+--------------+-------------------------+---------------+---------------+--------------+
; rd      ; 125   ; --  ; --   ; 2       ; no     ; no           ; no                      ; no            ; no            ; TTL          ;
; mem     ; 98    ;  B  ; --   ; 2       ; no     ; no           ; no                      ; no            ; no            ; TTL          ;
; CLK     ; 55    ; --  ; --   ; 8       ; yes    ; no           ; no                      ; no            ; no            ; TTL          ;
; we      ; 97    ;  B  ; --   ; 1       ; no     ; no           ; no                      ; no            ; no            ; TTL          ;
; addr[0] ; 126   ; --  ; --   ; 8       ; no     ; no           ; no                      ; no            ; no            ; TTL          ;
; addr[1] ; 124   ; --  ; --   ; 8       ; no     ; no           ; no                      ; no            ; no            ; TTL          ;
; addr[2] ; 54    ; --  ; --   ; 8       ; no     ; no           ; no                      ; no            ; no            ; TTL          ;
; addr[3] ; 56    ; --  ; --   ; 8       ; no     ; no           ; no                      ; no            ; no            ; TTL          ;
; addr[4] ; 83    ;  E  ; --   ; 8       ; no     ; no           ; no                      ; no            ; no            ; TTL          ;
; addr[5] ; 70    ; --  ; 5    ; 8       ; no     ; no           ; no                      ; no            ; no            ; TTL          ;
; addr[6] ; 65    ; --  ; 9    ; 8       ; no     ; no           ; no                      ; no            ; no            ; TTL          ;
; addr[7] ; 119   ; --  ; 7    ; 8       ; no     ; no           ; no                      ; no            ; no            ; TTL          ;
+---------+-------+-----+------+---------+--------+--------------+-------------------------+---------------+---------------+--------------+


+-------------------------------------------------------------------------------------------------------------------------------------------------------------------------------------------------------------------------------+
; Bidir Pins                                                                                                                                                                                                                    ;
+------+-------+-----+------+---------+--------+--------------+-------------------------+--------------------------+---------------+----------------+---------------+---------------+---------------+------------+--------------+
; Name ; Pin # ; Row ; Col. ; Fan-Out ; Global ; I/O Register ; Use Local Routing Input ; Use Local Routing Output ; Power Up High ; Slow Slew Rate ; Single-Pin OE ; Single-Pin CE ; Single-Pin OE ; Open Drain ; I/O Standard ;
+------+-------+-----+------+---------+--------+--------------+-------------------------+--------------------------+---------------+----------------+---------------+---------------+---------------+------------+--------------+
; d[7] ; 82    ;  E  ; --   ; 1       ; no     ; no           ; no                      ; no                       ; no            ; no             ; no            ; no            ; no            ; no         ; TTL          ;
; d[1] ; 27    ;  E  ; --   ; 1       ; no     ; no           ; no                      ; no                       ; no            ; no             ; no            ; no            ; no            ; no         ; TTL          ;
; d[5] ; 28    ;  E  ; --   ; 1       ; no     ; no           ; no                      ; no                       ; no            ; no             ; no            ; no            ; no            ; no         ; TTL          ;
; d[4] ; 29    ;  E  ; --   ; 1       ; no     ; no           ; no                      ; no                       ; no            ; no             ; no            ; no            ; no            ; no         ; TTL          ;
; d[3] ; 86    ;  E  ; --   ; 1       ; no     ; no           ; no                      ; no                       ; no            ; no             ; no            ; no            ; no            ; no         ; TTL          ;
; d[6] ; 87    ;  E  ; --   ; 1       ; no     ; no           ; no                      ; no                       ; no            ; no             ; no            ; no            ; no            ; no         ; TTL          ;
; d[2] ; 144   ;  A  ; --   ; 1       ; no     ; no           ; no                      ; no                       ; no            ; no             ; no            ; no            ; no            ; no         ; TTL          ;
; d[0] ; 9     ;  B  ; --   ; 1       ; no     ; no           ; no                      ; no                       ; no            ; no             ; no            ; no            ; no            ; no         ; TTL          ;
+------+-------+-----+------+---------+--------+--------------+-------------------------+--------------------------+---------------+----------------+---------------+---------------+---------------+------------+--------------+


+-----------------------------------+
; All Package Pins                  ;
+-------+------------+--------------+
; Pin # ; Usage      ; I/O Standard ;
+-------+------------+--------------+
; 1     ; #TCK       ;              ;
; 2     ; ^CONF_DONE ;              ;
; 3     ; ^nCEO      ;              ;
; 4     ; #TDO       ;              ;
; 5     ; VCC_IO     ;              ;
; 6     ; VCC_INT    ;              ;
; 7     ; GND*       ;              ;
; 8     ; GND*       ;              ;
; 9     ; d[0]       ; TTL          ;
; 10    ; GND*       ;              ;
; 11    ; GND*       ;              ;
; 12    ; GND*       ;              ;
; 13    ; GND*       ;              ;
; 14    ; GND*       ;              ;
; 15    ; GND_IO     ;              ;
; 16    ; GND_INT    ;              ;
; 17    ; GND*       ;              ;
; 18    ; GND*       ;              ;
; 19    ; GND*       ;              ;
; 20    ; GND*       ;              ;
; 21    ; GND*       ;              ;
; 22    ; GND*       ;              ;
; 23    ; GND*       ;              ;
; 24    ; VCC_IO     ;              ;
; 25    ; VCC_INT    ;              ;
; 26    ; GND*       ;              ;
; 27    ; d[1]       ; TTL          ;
; 28    ; d[5]       ; TTL          ;
; 29    ; d[4]       ; TTL          ;
; 30    ; GND*       ;              ;
; 31    ; GND*       ;              ;
; 32    ; GND*       ;              ;
; 33    ; GND*       ;              ;
; 34    ; #TMS       ;              ;
; 35    ; ^nSTATUS   ;              ;
; 36    ; GND*       ;              ;
; 37    ; GND*       ;              ;
; 38    ; GND*       ;              ;
; 39    ; GND*       ;              ;
; 40    ; GND_IO     ;              ;
; 41    ; GND*       ;              ;
; 42    ; GND*       ;              ;
; 43    ; GND*       ;              ;
; 44    ; GND*       ;              ;
; 45    ; VCC_IO     ;              ;
; 46    ; GND*       ;              ;
; 47    ; GND*       ;              ;
; 48    ; GND*       ;              ;
; 49    ; GND*       ;              ;
; 50    ; GND_IO     ;              ;
; 51    ; GND*       ;              ;
; 52    ; VCC_INT    ;              ;
; 53    ; VCC_INT    ;              ;
; 54    ; addr[2]    ; TTL          ;
; 55    ; CLK        ; TTL          ;
; 56    ; addr[3]    ; TTL          ;
; 57    ; GND_INT    ;              ;
; 58    ; GND_INT    ;              ;
; 59    ; GND*       ;              ;
; 60    ; GND*       ;              ;
; 61    ; VCC_IO     ;              ;
; 62    ; GND*       ;              ;
; 63    ; GND*       ;              ;
; 64    ; GND*       ;              ;
; 65    ; addr[6]    ; TTL          ;
; 66    ; GND_IO     ;              ;
; 67    ; GND*       ;              ;
; 68    ; GND*       ;              ;
; 69    ; GND*       ;              ;
; 70    ; addr[5]    ; TTL          ;
; 71    ; VCC_IO     ;              ;
; 72    ; GND*       ;              ;
; 73    ; GND*       ;              ;
; 74    ; ^nCONFIG   ;              ;
; 75    ; VCC_INT    ;              ;
; 76    ; ^MSEL1     ;              ;
; 77    ; ^MSEL0     ;              ;
; 78    ; GND*       ;              ;
; 79    ; GND*       ;              ;
; 80    ; GND*       ;              ;
; 81    ; GND*       ;              ;
; 82    ; d[7]       ; TTL          ;
; 83    ; addr[4]    ; TTL          ;
; 84    ; GND_INT    ;              ;
; 85    ; GND_IO     ;              ;
; 86    ; d[3]       ; TTL          ;
; 87    ; d[6]       ; TTL          ;
; 88    ; GND*       ;              ;
; 89    ; GND*       ;              ;
; 90    ; GND*       ;              ;
; 91    ; GND*       ;              ;
; 92    ; GND*       ;              ;
; 93    ; VCC_INT    ;              ;
; 94    ; VCC_IO     ;              ;
; 95    ; GND*       ;              ;
; 96    ; GND*       ;              ;
; 97    ; we         ; TTL          ;
; 98    ; mem        ; TTL          ;
; 99    ; GND*       ;              ;
; 100   ; GND*       ;              ;
; 101   ; GND*       ;              ;
; 102   ; GND*       ;              ;
; 103   ; GND_INT    ;              ;
; 104   ; GND_IO     ;              ;
; 105   ; #TDI       ;              ;
; 106   ; ^nCE       ;              ;
; 107   ; ^DCLK      ;              ;
; 108   ; ^DATA0     ;              ;
; 109   ; GND*       ;              ;
; 110   ; GND*       ;              ;
; 111   ; GND*       ;              ;
; 112   ; GND*       ;              ;
; 113   ; GND*       ;              ;
; 114   ; GND*       ;              ;
; 115   ; VCC_IO     ;              ;
; 116   ; GND*       ;              ;
; 117   ; GND*       ;              ;
; 118   ; GND*       ;              ;
; 119   ; addr[7]    ; TTL          ;
; 120   ; GND*       ;              ;
; 121   ; GND*       ;              ;
; 122   ; GND*       ;              ;
; 123   ; VCC_INT    ;              ;
; 124   ; addr[1]    ; TTL          ;
; 125   ; rd         ; TTL          ;
; 126   ; addr[0]    ; TTL          ;
; 127   ; GND_INT    ;              ;
; 128   ; GND*       ;              ;
; 129   ; GND_IO     ;              ;
; 130   ; GND*       ;              ;
; 131   ; GND*       ;              ;
; 132   ; GND*       ;              ;
; 133   ; GND*       ;              ;
; 134   ; VCC_IO     ;              ;
; 135   ; GND*       ;              ;
; 136   ; GND*       ;              ;
; 137   ; GND*       ;              ;
; 138   ; GND*       ;              ;
; 139   ; GND_IO     ;              ;
; 140   ; GND*       ;              ;
; 141   ; GND*       ;              ;
; 142   ; GND*       ;              ;
; 143   ; GND*       ;              ;
; 144   ; d[2]       ; TTL          ;
+-------+------------+--------------+


+--------------------------------------------------------------------------------+
; Control Signals                                                                ;
+------------------------------+--------+---------+---------------+--------------+
; Name                         ; Pin #  ; Fan-Out ; Usage         ; Global Usage ;
+------------------------------+--------+---------+---------------+--------------+
; lpm_ram_io:inst|datatri[7]~0 ; LC1_B4 ; 8       ; Output enable ; Non-global   ;
; lpm_ram_io:inst|_~3          ; LC4_B4 ; 8       ; Write enable  ; Non-global   ;
; CLK                          ; 55     ; 8       ; Clock         ; Pin          ;
+------------------------------+--------+---------+---------------+--------------+


+------------------------------------+
; Global & Other Fast Signals        ;
+---------+-------+---------+--------+
; Name    ; Pin # ; Fan-Out ; Global ;
+---------+-------+---------+--------+
; rd      ; 125   ; 2       ; no     ;
; CLK     ; 55    ; 8       ; yes    ;
; addr[0] ; 126   ; 8       ; no     ;
; addr[1] ; 124   ; 8       ; no     ;
; addr[2] ; 54    ; 8       ; no     ;
; addr[3] ; 56    ; 8       ; no     ;
+---------+-------+---------+--------+


+----------------------------------------------------------+
; Embedded Cells                                           ;
+--------+----------------------------------+------+-------+
; Cell # ; Name                             ; Mode ; Turbo ;
+--------+----------------------------------+------+-------+
; EC7_E  ; lpm_ram_io:inst|altram:sram|q[7] ; RAM  ; Off   ;
; EC5_E  ; lpm_ram_io:inst|altram:sram|q[6] ; RAM  ; Off   ;
; EC2_E  ; lpm_ram_io:inst|altram:sram|q[5] ; RAM  ; Off   ;
; EC4_E  ; lpm_ram_io:inst|altram:sram|q[4] ; RAM  ; Off   ;
; EC8_E  ; lpm_ram_io:inst|altram:sram|q[3] ; RAM  ; Off   ;
; EC1_E  ; lpm_ram_io:inst|altram:sram|q[2] ; RAM  ; Off   ;
; EC6_E  ; lpm_ram_io:inst|altram:sram|q[1] ; RAM  ; Off   ;
; EC3_E  ; lpm_ram_io:inst|altram:sram|q[0] ; RAM  ; Off   ;
+--------+----------------------------------+------+-------+


+--------------------------------------------+
; Non-Global High Fan-Out Signals            ;
+----------------------------------+---------+
; Name                             ; Fan-Out ;
+----------------------------------+---------+
; lpm_ram_io:inst|datatri[7]~1     ; 8       ;
; addr[2]                          ; 8       ;
; addr[6]                          ; 8       ;
; addr[7]                          ; 8       ;
; addr[3]                          ; 8       ;
; addr[4]                          ; 8       ;
; addr[5]                          ; 8       ;
; lpm_ram_io:inst|_~4              ; 8       ;
; addr[0]                          ; 8       ;
; addr[1]                          ; 8       ;
; mem                              ; 2       ;
; rd                               ; 2       ;
; lpm_ram_io:inst|altram:sram|q[2] ; 1       ;
; d[3]                             ; 1       ;
; lpm_ram_io:inst|altram:sram|q[5] ; 1       ;
; d[2]                             ; 1       ;
; lpm_ram_io:inst|altram:sram|q[0] ; 1       ;
; lpm_ram_io:inst|altram:sram|q[3] ; 1       ;
; lpm_ram_io:inst|altram:sram|q[1] ; 1       ;
; d[4]                             ; 1       ;
; d[7]                             ; 1       ;
; d[0]                             ; 1       ;
; d[5]                             ; 1       ;
; d[1]                             ; 1       ;
; lpm_ram_io:inst|altram:sram|q[4] ; 1       ;
; d[6]                             ; 1       ;
; we                               ; 1       ;
; lpm_ram_io:inst|altram:sram|q[6] ; 1       ;
; lpm_ram_io:inst|altram:sram|q[7] ; 1       ;
+----------------------------------+---------+


+----------------------------------------------------------------------------------------------------------------+
; Peripheral Signals                                                                                             ;
+------------------------------+--------+---------------+-----------------+---------------------------+----------+
; Peripheral Signal            ; Source ; Usage         ; Dedicated Clock ; Peripheral Control Signal ; Polarity ;
+------------------------------+--------+---------------+-----------------+---------------------------+----------+
; lpm_ram_io:inst|datatri[7]~0 ; LC1_B4 ; Output enable ; no              ; yes                       ; +ve      ;
+------------------------------+--------+---------------+-----------------+---------------------------+----------+


+-------------------------------------------+
; LAB                                       ;
+--------------------------+----------------+
; Number of Logic Elements ; Number of LABs ;
+--------------------------+----------------+
; 0                        ; 143            ;
; 1                        ; 0              ;
; 2                        ; 1              ;
+--------------------------+----------------+


+---------------------------------------------+
; LAB External Interconnect                   ;
+----------------------------+----------------+
; LAB External Interconnects ; Number of LABs ;
+----------------------------+----------------+
; 0                          ; 143            ;
; 1                          ; 0              ;
; 2                          ; 0              ;
; 3                          ; 1              ;
+----------------------------+----------------+


+----------------------------------------------------------------------------------------+
; Row Interconnect                                                                       ;
+-------+-------------------+-----------------------------+------------------------------+
; Row   ; Interconnect Used ; Left Half Interconnect Used ; Right Half Interconnect Used ;
+-------+-------------------+-----------------------------+------------------------------+
;  A    ;  2 / 96 ( 2 % )   ;  0 / 48 ( 0 % )             ;  0 / 48 ( 0 % )              ;
;  B    ;  4 / 96 ( 4 % )   ;  0 / 48 ( 0 % )             ;  0 / 48 ( 0 % )              ;
;  C    ;  0 / 96 ( 0 % )   ;  0 / 48 ( 0 % )             ;  0 / 48 ( 0 % )              ;
;  D    ;  0 / 96 ( 0 % )   ;  0 / 48 ( 0 % )             ;  0 / 48 ( 0 % )              ;
;  E    ;  16 / 96 ( 17 % ) ;  4 / 48 ( 8 % )             ;  0 / 48 ( 0 % )              ;
;  F    ;  0 / 96 ( 0 % )   ;  0 / 48 ( 0 % )             ;  0 / 48 ( 0 % )              ;
; Total ;  22 / 576 ( 4 % ) ;  4 / 288 ( 1 % )            ;  0 / 288 ( 0 % )             ;
+-------+-------------------+-----------------------------+------------------------------+


+---------------------------+
; LAB Column Interconnect   ;
+-------+-------------------+
; Col.  ; Interconnect Used ;
+-------+-------------------+
; 1     ;  0 / 24 ( 0 % )   ;
; 2     ;  0 / 24 ( 0 % )   ;
; 3     ;  0 / 24 ( 0 % )   ;
; 4     ;  2 / 24 ( 8 % )   ;
; 5     ;  1 / 24 ( 4 % )   ;
; 6     ;  0 / 24 ( 0 % )   ;
; 7     ;  1 / 24 ( 4 % )   ;
; 8     ;  0 / 24 ( 0 % )   ;
; 9     ;  1 / 24 ( 4 % )   ;
; 10    ;  0 / 24 ( 0 % )   ;
; 11    ;  0 / 24 ( 0 % )   ;
; 12    ;  0 / 24 ( 0 % )   ;
; 13    ;  0 / 24 ( 0 % )   ;
; 14    ;  0 / 24 ( 0 % )   ;
; 15    ;  0 / 24 ( 0 % )   ;
; 16    ;  0 / 24 ( 0 % )   ;
; 17    ;  0 / 24 ( 0 % )   ;
; 18    ;  0 / 24 ( 0 % )   ;
; 19    ;  0 / 24 ( 0 % )   ;
; 20    ;  0 / 24 ( 0 % )   ;
; 21    ;  0 / 24 ( 0 % )   ;
; 22    ;  1 / 24 ( 4 % )   ;
; 23    ;  0 / 24 ( 0 % )   ;
; 24    ;  1 / 24 ( 4 % )   ;
; Total ;  7 / 576 ( 1 % )  ;
+-------+-------------------+


+---------------------------+
; LAB Column Interconnect   ;
+-------+-------------------+
; Col.  ; Interconnect Used ;
+-------+-------------------+
; 1     ;  2 / 24 ( 8 % )   ;
; Total ;  2 / 24 ( 8 % )   ;
+-------+-------------------+


+-------------------------------------------------------------+
; Fitter Resource Usage Summary                               ;
+-----------------------------------+-------------------------+
; Resource                          ; Usage                   ;
+-----------------------------------+-------------------------+
; Total logic elements              ; 2 / 1,152 ( < 1 % )     ;
; Registers                         ; 0 / 1,152 ( 0 % )       ;
; Logic elements in carry chains    ; 0                       ;
; User inserted logic elements      ; 0                       ;
; I/O pins                          ; 20 / 102 ( 20 % )       ;
;     -- Clock pins                 ; 2 / 2 ( 100 % )         ;
;     -- Dedicated input pins       ; 5 / 4 ( 125 % )         ;
; Global signals                    ; 1                       ;
; EABs                              ; 1 / 6 ( 17 % )          ;
; Total memory bits                 ; 2,048 / 12,288 ( 17 % ) ;
; Total RAM block bits              ; 2,048 / 12,288 ( 17 % ) ;
; Maximum fan-out node              ; addr[0]                 ;
; Maximum fan-out                   ; 16                      ;
; Highest non-global fan-out signal ; addr[0]                 ;
; Highest non-global fan-out        ; 16                      ;
; Total fan-out                     ; 109                     ;
; Average fan-out                   ; 3.63                    ;
+-----------------------------------+-------------------------+


+---------------------------------------------------------------------------------------------------------------------------------------------------------------------------------------------------------------------+
; Fitter Resource Utilization by Entity                                                                                                                                                                               ;
+----------------------------+-------------+--------------+-------------+------+--------------+-------------------+------------------+-----------------+------------+----------------------------------+--------------+
; Compilation Hierarchy Node ; Logic Cells ; LC Registers ; Memory Bits ; Pins ; LUT-Only LCs ; Register-Only LCs ; LUT/Register LCs ; Carry Chain LCs ; Packed LCs ; Full Hierarchy Name              ; Library Name ;
+----------------------------+-------------+--------------+-------------+------+--------------+-------------------+------------------+-----------------+------------+----------------------------------+--------------+
; |ram                       ; 2 (0)       ; 0            ; 2048        ; 20   ; 2 (0)        ; 0 (0)             ; 0 (0)            ; 0 (0)           ; 0 (0)      ; |ram                             ; work         ;
;    |lpm_ram_io:inst|       ; 2 (2)       ; 0            ; 2048        ; 0    ; 2 (2)        ; 0 (0)             ; 0 (0)            ; 0 (0)           ; 0 (0)      ; |ram|lpm_ram_io:inst             ; work         ;
;       |altram:sram|        ; 0 (0)       ; 0            ; 2048        ; 0    ; 0 (0)        ; 0 (0)             ; 0 (0)            ; 0 (0)           ; 0 (0)      ; |ram|lpm_ram_io:inst|altram:sram ; work         ;
+----------------------------+-------------+--------------+-------------+------+--------------+-------------------+------------------+-----------------+------------+----------------------------------+--------------+
Note: For table entries with two numbers listed, the numbers in parentheses indicate the number of resources of the given type used by the specific entity alone. The numbers listed outside of parentheses indicate the total resources of the given type used by the specific entity and all of its sub-entities in the hierarchy.


+----------------------------------+
; Delay Chain Summary              ;
+---------+----------+-------------+
; Name    ; Pin Type ; Pad to Core ;
+---------+----------+-------------+
; rd      ; Input    ; OFF         ;
; mem     ; Input    ; OFF         ;
; CLK     ; Input    ; OFF         ;
; we      ; Input    ; OFF         ;
; addr[0] ; Input    ; OFF         ;
; addr[1] ; Input    ; OFF         ;
; addr[2] ; Input    ; OFF         ;
; addr[3] ; Input    ; OFF         ;
; addr[4] ; Input    ; OFF         ;
; addr[5] ; Input    ; OFF         ;
; addr[6] ; Input    ; OFF         ;
; addr[7] ; Input    ; OFF         ;
; d[7]    ; Bidir    ; OFF         ;
; d[6]    ; Bidir    ; OFF         ;
; d[5]    ; Bidir    ; OFF         ;
; d[4]    ; Bidir    ; OFF         ;
; d[3]    ; Bidir    ; OFF         ;
; d[2]    ; Bidir    ; OFF         ;
; d[1]    ; Bidir    ; OFF         ;
; d[0]    ; Bidir    ; OFF         ;
+---------+----------+-------------+


+-------------------------------------------------------------------------------------------------------------------------------------------------------------------------------------------------------------------------------------------------------------+
; Fitter RAM Summary                                                                                                                                                                                                                                          ;
+-------------------------------------+-------------+--------------+--------------+--------------+--------------+------------------------+-------------------------+------------------------+-------------------------+------+------+--------------+----------+
; Name                                ; Mode        ; Port A Depth ; Port A Width ; Port B Depth ; Port B Width ; Port A Input Registers ; Port A Output Registers ; Port B Input Registers ; Port B Output Registers ; Size ; EABs ; MIF          ; Location ;
+-------------------------------------+-------------+--------------+--------------+--------------+--------------+------------------------+-------------------------+------------------------+-------------------------+------+------+--------------+----------+
; lpm_ram_io:inst|altram:sram|content ; Single Port ; 256          ; 8            ; --           ; --           ; yes                    ; no                      ; --                     ; --                      ; 2048 ; 1    ; ./ram_in.mif ; ESB_E    ;
+-------------------------------------+-------------+--------------+--------------+--------------+--------------+------------------------+-------------------------+------------------------+-------------------------+------+------+--------------+----------+
Note: Fitter may spread logical memories into multiple blocks to improve timing. The actual required RAM blocks can be found in the Fitter Resource Usage section.


+--------------+
; Pin-Out File ;
+--------------+
The pin-out file can be found in D:/quartus/大二下/计算机系统基础实验/3.存储器/图/ram.pin.


+-----------------+
; Fitter Messages ;
+-----------------+
Info: *******************************************************************
Info: Running Quartus II Fitter
    Info: Version 9.0 Build 184 04/29/2009 Service Pack 1 SJ Web Edition
    Info: Processing started: Mon Mar 02 23:29:56 2020
Info: Command: quartus_fit --read_settings_files=off --write_settings_files=off ram -c ram
Info: Selected device EPF10K20TC144-4 for design "ram"
Info: Fitter is using the Classic Timing Analyzer
Info: Timing requirements not specified -- optimizing circuit to achieve the following default global requirements
    Info: Assuming a global fmax requirement of 1000 MHz
    Info: Not setting a global tsu requirement
    Info: Not setting a global tco requirement
    Info: Not setting a global tpd requirement
Info: Inserted 0 logic cells in first fitting attempt
Info: Started fitting attempt 1 on Mon Mar 02 2020 at 23:29:56
Info: Fitter placement preparation operations beginning
Info: Fitter placement preparation operations ending: elapsed time is 00:00:00
Info: Fitter placement operations beginning
Info: Fitter placement operations ending: elapsed time is 00:00:00
Info: Fitter routing operations beginning
Info: Fitter routing operations ending: elapsed time is 00:00:00
Info: Quartus II Fitter was successful. 0 errors, 0 warnings
    Info: Peak virtual memory: 249 megabytes
    Info: Processing ended: Mon Mar 02 23:29:56 2020
    Info: Elapsed time: 00:00:00
    Info: Total CPU time (on all processors): 00:00:00


