Flow report for cunchuqi
Mon Mar 16 22:38:05 2020
Quartus II Version 9.0 Build 184 04/29/2009 Service Pack 1 SJ Web Edition


---------------------
; Table of Contents ;
---------------------
  1. Legal Notice
  2. Flow Summary
  3. Flow Settings
  4. Flow Non-Default Global Settings
  5. Flow Elapsed Time
  6. Flow OS Summary
  7. Flow Log



----------------
; Legal Notice ;
----------------
Copyright (C) 1991-2009 Altera Corporation
Your use of Altera Corporation's design tools, logic functions 
and other software and tools, and its AMPP partner logic 
functions, and any output files from any of the foregoing 
(including device programming or simulation files), and any 
associated documentation or information are expressly subject 
to the terms and conditions of the Altera Program License 
Subscription Agreement, Altera MegaCore Function License 
Agreement, or other applicable license agreement, including, 
without limitation, that your use is for the sole purpose of 
programming logic devices manufactured by Altera and sold by 
Altera or its authorized distributors.  Please refer to the 
applicable agreement for further details.



+------------------------------------------------------------------------+
; Flow Summary                                                           ;
+-------------------------+----------------------------------------------+
; Flow Status             ; Successful - Mon Mar 16 22:38:05 2020        ;
; Quartus II Version      ; 9.0 Build 184 04/29/2009 SP 1 SJ Web Edition ;
; Revision Name           ; cunchuqi                                     ;
; Top-level Entity Name   ; Block1                                       ;
; Family                  ; FLEX10K                                      ;
; Device                  ; EPF10K20TC144-4                              ;
; Timing Models           ; Final                                        ;
; Met timing requirements ; Yes                                          ;
; Total logic elements    ; 52 / 1,152 ( 5 % )                           ;
; Total pins              ; 35 / 102 ( 34 % )                            ;
; Total memory bits       ; 2,048 / 12,288 ( 17 % )                      ;
+-------------------------+----------------------------------------------+


+-----------------------------------------+
; Flow Settings                           ;
+-------------------+---------------------+
; Option            ; Setting             ;
+-------------------+---------------------+
; Start date & time ; 03/16/2020 22:38:01 ;
; Main task         ; Compilation         ;
; Revision Name     ; cunchuqi            ;
+-------------------+---------------------+


+---------------------------------------------------------------------------------------------------------------------+
; Flow Non-Default Global Settings                                                                                    ;
+------------------------------------+---------------------------------+---------------+-------------+----------------+
; Assignment Name                    ; Value                           ; Default Value ; Entity Name ; Section Id     ;
+------------------------------------+---------------------------------+---------------+-------------+----------------+
; COMPILER_SIGNATURE_ID              ; 128531077692893.158436948113848 ; --            ; --          ; --             ;
; MAX_CORE_JUNCTION_TEMP             ; 85                              ; --            ; --          ; --             ;
; MIN_CORE_JUNCTION_TEMP             ; 0                               ; --            ; --          ; --             ;
; TOP_LEVEL_ENTITY                   ; Block1                          ; cunchuqi      ; --          ; --             ;
; USE_GENERATED_PHYSICAL_CONSTRAINTS ; Off                             ; --            ; --          ; eda_blast_fpga ;
+------------------------------------+---------------------------------+---------------+-------------+----------------+


+-----------------------------------------------------------------------------------------------------------------------------+
; Flow Elapsed Time                                                                                                           ;
+-------------------------+--------------+-------------------------+---------------------+------------------------------------+
; Module Name             ; Elapsed Time ; Average Processors Used ; Peak Virtual Memory ; Total CPU Time (on all processors) ;
+-------------------------+--------------+-------------------------+---------------------+------------------------------------+
; Analysis & Synthesis    ; 00:00:01     ; 1.0                     ; 251 MB              ; 00:00:01                           ;
; Fitter                  ; 00:00:01     ; 1.0                     ; 225 MB              ; 00:00:01                           ;
; Assembler               ; 00:00:00     ; 1.0                     ; 210 MB              ; 00:00:00                           ;
; Classic Timing Analyzer ; 00:00:00     ; 1.0                     ; 180 MB              ; 00:00:00                           ;
; Total                   ; 00:00:02     ; --                      ; --                  ; 00:00:02                           ;
+-------------------------+--------------+-------------------------+---------------------+------------------------------------+


+------------------------------------------------------------------------------------------+
; Flow OS Summary                                                                          ;
+-------------------------+------------------+---------------+------------+----------------+
; Module Name             ; Machine Hostname ; OS Name       ; OS Version ; Processor type ;
+-------------------------+------------------+---------------+------------+----------------+
; Analysis & Synthesis    ; DESKTOP-T97STK7  ; Windows Vista ; 6.2        ; x86_64         ;
; Fitter                  ; DESKTOP-T97STK7  ; Windows Vista ; 6.2        ; x86_64         ;
; Assembler               ; DESKTOP-T97STK7  ; Windows Vista ; 6.2        ; x86_64         ;
; Classic Timing Analyzer ; DESKTOP-T97STK7  ; Windows Vista ; 6.2        ; x86_64         ;
+-------------------------+------------------+---------------+------------+----------------+


------------
; Flow Log ;
------------
quartus_map --read_settings_files=on --write_settings_files=off cunchuqi -c cunchuqi
quartus_fit --read_settings_files=off --write_settings_files=off cunchuqi -c cunchuqi
quartus_asm --read_settings_files=off --write_settings_files=off cunchuqi -c cunchuqi
quartus_tan --read_settings_files=off --write_settings_files=off cunchuqi -c cunchuqi



