Classic Timing Analyzer report for cunchuqi
Mon Mar 16 22:38:05 2020
Quartus II Version 9.0 Build 184 04/29/2009 Service Pack 1 SJ Web Edition


---------------------
; Table of Contents ;
---------------------
  1. Legal Notice
  2. Timing Analyzer Summary
  3. Timing Analyzer Settings
  4. Clock Settings Summary
  5. Parallel Compilation
  6. Clock Setup: 't3'
  7. tsu
  8. tco
  9. tpd
 10. th
 11. Timing Analyzer Messages



----------------
; Legal Notice ;
----------------
Copyright (C) 1991-2009 Altera Corporation
Your use of Altera Corporation's design tools, logic functions 
and other software and tools, and its AMPP partner logic 
functions, and any output files from any of the foregoing 
(including device programming or simulation files), and any 
associated documentation or information are expressly subject 
to the terms and conditions of the Altera Program License 
Subscription Agreement, Altera MegaCore Function License 
Agreement, or other applicable license agreement, including, 
without limitation, that your use is for the sole purpose of 
programming logic devices manufactured by Altera and sold by 
Altera or its authorized distributors.  Please refer to the 
applicable agreement for further details.



+--------------------------------------------------------------------------------------------------------------------------------------------------------------------------------------------------------------------------------------------------------------------------------------------------------+
; Timing Analyzer Summary                                                                                                                                                                                                                                                                                ;
+------------------------------+-------+---------------+----------------------------------+-----------------------------------------------------------------------------------+-----------------------------------------------------------------------------------+------------+----------+--------------+
; Type                         ; Slack ; Required Time ; Actual Time                      ; From                                                                              ; To                                                                                ; From Clock ; To Clock ; Failed Paths ;
+------------------------------+-------+---------------+----------------------------------+-----------------------------------------------------------------------------------+-----------------------------------------------------------------------------------+------------+----------+--------------+
; Worst-case tsu               ; N/A   ; None          ; 15.900 ns                        ; we                                                                                ; lpm_ram_io:inst13|altram:sram|q[0]~reg_we0                                        ; --         ; t2       ; 0            ;
; Worst-case tco               ; N/A   ; None          ; 31.600 ns                        ; lpm_ram_io:inst13|altram:sram|q[2]~reg_wa7                                        ; d[2]                                                                              ; t2         ; --       ; 0            ;
; Worst-case tpd               ; N/A   ; None          ; 22.800 ns                        ; d[1]                                                                              ; d[1]                                                                              ; --         ; --       ; 0            ;
; Worst-case th                ; N/A   ; None          ; -1.900 ns                        ; sw_bus                                                                            ; cunchuqi:inst|ar[4]                                                               ; --         ; t3       ; 0            ;
; Clock Setup: 't3'            ; N/A   ; None          ; 68.49 MHz ( period = 14.600 ns ) ; cunchuqi:inst|lpm_counter:pc_rtl_0|alt_counter_f10ke:wysi_counter|counter_cell[4] ; cunchuqi:inst|lpm_counter:pc_rtl_0|alt_counter_f10ke:wysi_counter|counter_cell[4] ; t3         ; t3       ; 0            ;
; Total number of failed paths ;       ;               ;                                  ;                                                                                   ;                                                                                   ;            ;          ; 0            ;
+------------------------------+-------+---------------+----------------------------------+-----------------------------------------------------------------------------------+-----------------------------------------------------------------------------------+------------+----------+--------------+


+--------------------------------------------------------------------------------------------------------------------+
; Timing Analyzer Settings                                                                                           ;
+---------------------------------------------------------------------+--------------------+------+----+-------------+
; Option                                                              ; Setting            ; From ; To ; Entity Name ;
+---------------------------------------------------------------------+--------------------+------+----+-------------+
; Device Name                                                         ; EPF10K20TC144-4    ;      ;    ;             ;
; Timing Models                                                       ; Final              ;      ;    ;             ;
; Default hold multicycle                                             ; Same as Multicycle ;      ;    ;             ;
; Cut paths between unrelated clock domains                           ; On                 ;      ;    ;             ;
; Cut off read during write signal paths                              ; On                 ;      ;    ;             ;
; Cut off feedback from I/O pins                                      ; On                 ;      ;    ;             ;
; Report Combined Fast/Slow Timing                                    ; Off                ;      ;    ;             ;
; Ignore Clock Settings                                               ; Off                ;      ;    ;             ;
; Analyze latches as synchronous elements                             ; On                 ;      ;    ;             ;
; Enable Recovery/Removal analysis                                    ; Off                ;      ;    ;             ;
; Enable Clock Latency                                                ; Off                ;      ;    ;             ;
; Use TimeQuest Timing Analyzer                                       ; Off                ;      ;    ;             ;
; Minimum Core Junction Temperature                                   ; 0                  ;      ;    ;             ;
; Maximum Core Junction Temperature                                   ; 85                 ;      ;    ;             ;
; Number of source nodes to report per destination node               ; 10                 ;      ;    ;             ;
; Number of destination nodes to report                               ; 10                 ;      ;    ;             ;
; Number of paths to report                                           ; 200                ;      ;    ;             ;
; Report Minimum Timing Checks                                        ; Off                ;      ;    ;             ;
; Use Fast Timing Models                                              ; Off                ;      ;    ;             ;
; Report IO Paths Separately                                          ; Off                ;      ;    ;             ;
; Perform Multicorner Analysis                                        ; Off                ;      ;    ;             ;
; Reports the worst-case path for each clock domain and analysis      ; Off                ;      ;    ;             ;
; Removes common clock path pessimism (CCPP) during slack computation ; Off                ;      ;    ;             ;
; Output I/O Timing Endpoint                                          ; Near End           ;      ;    ;             ;
+---------------------------------------------------------------------+--------------------+------+----+-------------+


+------------------------------------------------------------------------------------------------------------------------------------------------------------------------------------+
; Clock Settings Summary                                                                                                                                                             ;
+-----------------+--------------------+----------+------------------+---------------+--------------+----------+-----------------------+---------------------+--------+--------------+
; Clock Node Name ; Clock Setting Name ; Type     ; Fmax Requirement ; Early Latency ; Late Latency ; Based on ; Multiply Base Fmax by ; Divide Base Fmax by ; Offset ; Phase offset ;
+-----------------+--------------------+----------+------------------+---------------+--------------+----------+-----------------------+---------------------+--------+--------------+
; t3              ;                    ; User Pin ; None             ; 0.000 ns      ; 0.000 ns     ; --       ; N/A                   ; N/A                 ; N/A    ;              ;
; t2              ;                    ; User Pin ; None             ; 0.000 ns      ; 0.000 ns     ; --       ; N/A                   ; N/A                 ; N/A    ;              ;
+-----------------+--------------------+----------+------------------+---------------+--------------+----------+-----------------------+---------------------+--------+--------------+


Parallel compilation was disabled, but you have multiple processors available. Enable parallel compilation to reduce compilation time.
+-------------------------------------+
; Parallel Compilation                ;
+----------------------------+--------+
; Processors                 ; Number ;
+----------------------------+--------+
; Number detected on machine ; 4      ;
; Maximum allowed            ; 1      ;
+----------------------------+--------+


+--------------------------------------------------------------------------------------------------------------------------------------------------------------------------------------------------------------------------------------------------------------------------------------------------------------------------------------------+
; Clock Setup: 't3'                                                                                                                                                                                                                                                                                                                          ;
+-------+------------------------------------------------+-----------------------------------------------------------------------------------+-----------------------------------------------------------------------------------+------------+----------+-----------------------------+---------------------------+-------------------------+
; Slack ; Actual fmax (period)                           ; From                                                                              ; To                                                                                ; From Clock ; To Clock ; Required Setup Relationship ; Required Longest P2P Time ; Actual Longest P2P Time ;
+-------+------------------------------------------------+-----------------------------------------------------------------------------------+-----------------------------------------------------------------------------------+------------+----------+-----------------------------+---------------------------+-------------------------+
; N/A   ; 68.49 MHz ( period = 14.600 ns )               ; cunchuqi:inst|lpm_counter:pc_rtl_0|alt_counter_f10ke:wysi_counter|counter_cell[4] ; cunchuqi:inst|lpm_counter:pc_rtl_0|alt_counter_f10ke:wysi_counter|counter_cell[4] ; t3         ; t3       ; None                        ; None                      ; 11.000 ns               ;
; N/A   ; 68.97 MHz ( period = 14.500 ns )               ; cunchuqi:inst|lpm_counter:pc_rtl_0|alt_counter_f10ke:wysi_counter|counter_cell[5] ; cunchuqi:inst|lpm_counter:pc_rtl_0|alt_counter_f10ke:wysi_counter|counter_cell[5] ; t3         ; t3       ; None                        ; None                      ; 10.900 ns               ;
; N/A   ; 68.97 MHz ( period = 14.500 ns )               ; cunchuqi:inst|lpm_counter:pc_rtl_0|alt_counter_f10ke:wysi_counter|counter_cell[3] ; cunchuqi:inst|lpm_counter:pc_rtl_0|alt_counter_f10ke:wysi_counter|counter_cell[3] ; t3         ; t3       ; None                        ; None                      ; 10.900 ns               ;
; N/A   ; 69.44 MHz ( period = 14.400 ns )               ; cunchuqi:inst|lpm_counter:pc_rtl_0|alt_counter_f10ke:wysi_counter|counter_cell[7] ; cunchuqi:inst|lpm_counter:pc_rtl_0|alt_counter_f10ke:wysi_counter|counter_cell[7] ; t3         ; t3       ; None                        ; None                      ; 10.800 ns               ;
; N/A   ; 69.44 MHz ( period = 14.400 ns )               ; cunchuqi:inst|lpm_counter:pc_rtl_0|alt_counter_f10ke:wysi_counter|counter_cell[6] ; cunchuqi:inst|lpm_counter:pc_rtl_0|alt_counter_f10ke:wysi_counter|counter_cell[6] ; t3         ; t3       ; None                        ; None                      ; 10.800 ns               ;
; N/A   ; 69.44 MHz ( period = 14.400 ns )               ; cunchuqi:inst|lpm_counter:pc_rtl_0|alt_counter_f10ke:wysi_counter|counter_cell[2] ; cunchuqi:inst|lpm_counter:pc_rtl_0|alt_counter_f10ke:wysi_counter|counter_cell[2] ; t3         ; t3       ; None                        ; None                      ; 10.800 ns               ;
; N/A   ; 69.44 MHz ( period = 14.400 ns )               ; cunchuqi:inst|lpm_counter:pc_rtl_0|alt_counter_f10ke:wysi_counter|counter_cell[1] ; cunchuqi:inst|lpm_counter:pc_rtl_0|alt_counter_f10ke:wysi_counter|counter_cell[1] ; t3         ; t3       ; None                        ; None                      ; 10.800 ns               ;
; N/A   ; 69.44 MHz ( period = 14.400 ns )               ; cunchuqi:inst|lpm_counter:pc_rtl_0|alt_counter_f10ke:wysi_counter|counter_cell[0] ; cunchuqi:inst|lpm_counter:pc_rtl_0|alt_counter_f10ke:wysi_counter|counter_cell[0] ; t3         ; t3       ; None                        ; None                      ; 10.800 ns               ;
; N/A   ; 71.43 MHz ( period = 14.000 ns )               ; cunchuqi:inst|lpm_counter:pc_rtl_0|alt_counter_f10ke:wysi_counter|counter_cell[5] ; cunchuqi:inst|ar[5]                                                               ; t3         ; t3       ; None                        ; None                      ; 10.400 ns               ;
; N/A   ; 71.43 MHz ( period = 14.000 ns )               ; cunchuqi:inst|lpm_counter:pc_rtl_0|alt_counter_f10ke:wysi_counter|counter_cell[3] ; cunchuqi:inst|ar[3]                                                               ; t3         ; t3       ; None                        ; None                      ; 10.400 ns               ;
; N/A   ; 80.65 MHz ( period = 12.400 ns )               ; cunchuqi:inst|lpm_counter:pc_rtl_0|alt_counter_f10ke:wysi_counter|counter_cell[4] ; cunchuqi:inst|ar[4]                                                               ; t3         ; t3       ; None                        ; None                      ; 8.800 ns                ;
; N/A   ; 81.30 MHz ( period = 12.300 ns )               ; cunchuqi:inst|lpm_counter:pc_rtl_0|alt_counter_f10ke:wysi_counter|counter_cell[7] ; cunchuqi:inst|ar[7]                                                               ; t3         ; t3       ; None                        ; None                      ; 8.700 ns                ;
; N/A   ; 81.30 MHz ( period = 12.300 ns )               ; cunchuqi:inst|lpm_counter:pc_rtl_0|alt_counter_f10ke:wysi_counter|counter_cell[6] ; cunchuqi:inst|ar[6]                                                               ; t3         ; t3       ; None                        ; None                      ; 8.700 ns                ;
; N/A   ; 81.30 MHz ( period = 12.300 ns )               ; cunchuqi:inst|lpm_counter:pc_rtl_0|alt_counter_f10ke:wysi_counter|counter_cell[2] ; cunchuqi:inst|ar[2]                                                               ; t3         ; t3       ; None                        ; None                      ; 8.700 ns                ;
; N/A   ; 81.30 MHz ( period = 12.300 ns )               ; cunchuqi:inst|lpm_counter:pc_rtl_0|alt_counter_f10ke:wysi_counter|counter_cell[1] ; cunchuqi:inst|ar[1]                                                               ; t3         ; t3       ; None                        ; None                      ; 8.700 ns                ;
; N/A   ; 81.30 MHz ( period = 12.300 ns )               ; cunchuqi:inst|lpm_counter:pc_rtl_0|alt_counter_f10ke:wysi_counter|counter_cell[0] ; cunchuqi:inst|ar[0]                                                               ; t3         ; t3       ; None                        ; None                      ; 8.700 ns                ;
; N/A   ; Restricted to 125.00 MHz ( period = 8.000 ns ) ; cunchuqi:inst|lpm_counter:pc_rtl_0|alt_counter_f10ke:wysi_counter|counter_cell[0] ; cunchuqi:inst|lpm_counter:pc_rtl_0|alt_counter_f10ke:wysi_counter|counter_cell[7] ; t3         ; t3       ; None                        ; None                      ; 3.700 ns                ;
; N/A   ; Restricted to 125.00 MHz ( period = 8.000 ns ) ; cunchuqi:inst|lpm_counter:pc_rtl_0|alt_counter_f10ke:wysi_counter|counter_cell[1] ; cunchuqi:inst|lpm_counter:pc_rtl_0|alt_counter_f10ke:wysi_counter|counter_cell[7] ; t3         ; t3       ; None                        ; None                      ; 3.400 ns                ;
; N/A   ; Restricted to 125.00 MHz ( period = 8.000 ns ) ; cunchuqi:inst|lpm_counter:pc_rtl_0|alt_counter_f10ke:wysi_counter|counter_cell[0] ; cunchuqi:inst|lpm_counter:pc_rtl_0|alt_counter_f10ke:wysi_counter|counter_cell[6] ; t3         ; t3       ; None                        ; None                      ; 3.400 ns                ;
; N/A   ; Restricted to 125.00 MHz ( period = 8.000 ns ) ; cunchuqi:inst|lpm_counter:pc_rtl_0|alt_counter_f10ke:wysi_counter|counter_cell[2] ; cunchuqi:inst|lpm_counter:pc_rtl_0|alt_counter_f10ke:wysi_counter|counter_cell[7] ; t3         ; t3       ; None                        ; None                      ; 3.100 ns                ;
; N/A   ; Restricted to 125.00 MHz ( period = 8.000 ns ) ; cunchuqi:inst|lpm_counter:pc_rtl_0|alt_counter_f10ke:wysi_counter|counter_cell[1] ; cunchuqi:inst|lpm_counter:pc_rtl_0|alt_counter_f10ke:wysi_counter|counter_cell[6] ; t3         ; t3       ; None                        ; None                      ; 3.100 ns                ;
; N/A   ; Restricted to 125.00 MHz ( period = 8.000 ns ) ; cunchuqi:inst|lpm_counter:pc_rtl_0|alt_counter_f10ke:wysi_counter|counter_cell[0] ; cunchuqi:inst|lpm_counter:pc_rtl_0|alt_counter_f10ke:wysi_counter|counter_cell[5] ; t3         ; t3       ; None                        ; None                      ; 3.100 ns                ;
; N/A   ; Restricted to 125.00 MHz ( period = 8.000 ns ) ; cunchuqi:inst|lpm_counter:pc_rtl_0|alt_counter_f10ke:wysi_counter|counter_cell[3] ; cunchuqi:inst|lpm_counter:pc_rtl_0|alt_counter_f10ke:wysi_counter|counter_cell[7] ; t3         ; t3       ; None                        ; None                      ; 2.800 ns                ;
; N/A   ; Restricted to 125.00 MHz ( period = 8.000 ns ) ; cunchuqi:inst|lpm_counter:pc_rtl_0|alt_counter_f10ke:wysi_counter|counter_cell[2] ; cunchuqi:inst|lpm_counter:pc_rtl_0|alt_counter_f10ke:wysi_counter|counter_cell[6] ; t3         ; t3       ; None                        ; None                      ; 2.800 ns                ;
; N/A   ; Restricted to 125.00 MHz ( period = 8.000 ns ) ; cunchuqi:inst|lpm_counter:pc_rtl_0|alt_counter_f10ke:wysi_counter|counter_cell[1] ; cunchuqi:inst|lpm_counter:pc_rtl_0|alt_counter_f10ke:wysi_counter|counter_cell[5] ; t3         ; t3       ; None                        ; None                      ; 2.800 ns                ;
; N/A   ; Restricted to 125.00 MHz ( period = 8.000 ns ) ; cunchuqi:inst|lpm_counter:pc_rtl_0|alt_counter_f10ke:wysi_counter|counter_cell[0] ; cunchuqi:inst|lpm_counter:pc_rtl_0|alt_counter_f10ke:wysi_counter|counter_cell[4] ; t3         ; t3       ; None                        ; None                      ; 2.800 ns                ;
; N/A   ; Restricted to 125.00 MHz ( period = 8.000 ns ) ; cunchuqi:inst|lpm_counter:pc_rtl_0|alt_counter_f10ke:wysi_counter|counter_cell[4] ; cunchuqi:inst|lpm_counter:pc_rtl_0|alt_counter_f10ke:wysi_counter|counter_cell[7] ; t3         ; t3       ; None                        ; None                      ; 2.500 ns                ;
; N/A   ; Restricted to 125.00 MHz ( period = 8.000 ns ) ; cunchuqi:inst|lpm_counter:pc_rtl_0|alt_counter_f10ke:wysi_counter|counter_cell[3] ; cunchuqi:inst|lpm_counter:pc_rtl_0|alt_counter_f10ke:wysi_counter|counter_cell[6] ; t3         ; t3       ; None                        ; None                      ; 2.500 ns                ;
; N/A   ; Restricted to 125.00 MHz ( period = 8.000 ns ) ; cunchuqi:inst|lpm_counter:pc_rtl_0|alt_counter_f10ke:wysi_counter|counter_cell[2] ; cunchuqi:inst|lpm_counter:pc_rtl_0|alt_counter_f10ke:wysi_counter|counter_cell[5] ; t3         ; t3       ; None                        ; None                      ; 2.500 ns                ;
; N/A   ; Restricted to 125.00 MHz ( period = 8.000 ns ) ; cunchuqi:inst|lpm_counter:pc_rtl_0|alt_counter_f10ke:wysi_counter|counter_cell[1] ; cunchuqi:inst|lpm_counter:pc_rtl_0|alt_counter_f10ke:wysi_counter|counter_cell[4] ; t3         ; t3       ; None                        ; None                      ; 2.500 ns                ;
; N/A   ; Restricted to 125.00 MHz ( period = 8.000 ns ) ; cunchuqi:inst|lpm_counter:pc_rtl_0|alt_counter_f10ke:wysi_counter|counter_cell[0] ; cunchuqi:inst|lpm_counter:pc_rtl_0|alt_counter_f10ke:wysi_counter|counter_cell[3] ; t3         ; t3       ; None                        ; None                      ; 2.500 ns                ;
; N/A   ; Restricted to 125.00 MHz ( period = 8.000 ns ) ; cunchuqi:inst|lpm_counter:pc_rtl_0|alt_counter_f10ke:wysi_counter|counter_cell[5] ; cunchuqi:inst|lpm_counter:pc_rtl_0|alt_counter_f10ke:wysi_counter|counter_cell[7] ; t3         ; t3       ; None                        ; None                      ; 2.200 ns                ;
; N/A   ; Restricted to 125.00 MHz ( period = 8.000 ns ) ; cunchuqi:inst|lpm_counter:pc_rtl_0|alt_counter_f10ke:wysi_counter|counter_cell[4] ; cunchuqi:inst|lpm_counter:pc_rtl_0|alt_counter_f10ke:wysi_counter|counter_cell[6] ; t3         ; t3       ; None                        ; None                      ; 2.200 ns                ;
; N/A   ; Restricted to 125.00 MHz ( period = 8.000 ns ) ; cunchuqi:inst|lpm_counter:pc_rtl_0|alt_counter_f10ke:wysi_counter|counter_cell[3] ; cunchuqi:inst|lpm_counter:pc_rtl_0|alt_counter_f10ke:wysi_counter|counter_cell[5] ; t3         ; t3       ; None                        ; None                      ; 2.200 ns                ;
; N/A   ; Restricted to 125.00 MHz ( period = 8.000 ns ) ; cunchuqi:inst|lpm_counter:pc_rtl_0|alt_counter_f10ke:wysi_counter|counter_cell[2] ; cunchuqi:inst|lpm_counter:pc_rtl_0|alt_counter_f10ke:wysi_counter|counter_cell[4] ; t3         ; t3       ; None                        ; None                      ; 2.200 ns                ;
; N/A   ; Restricted to 125.00 MHz ( period = 8.000 ns ) ; cunchuqi:inst|lpm_counter:pc_rtl_0|alt_counter_f10ke:wysi_counter|counter_cell[1] ; cunchuqi:inst|lpm_counter:pc_rtl_0|alt_counter_f10ke:wysi_counter|counter_cell[3] ; t3         ; t3       ; None                        ; None                      ; 2.200 ns                ;
; N/A   ; Restricted to 125.00 MHz ( period = 8.000 ns ) ; cunchuqi:inst|lpm_counter:pc_rtl_0|alt_counter_f10ke:wysi_counter|counter_cell[0] ; cunchuqi:inst|lpm_counter:pc_rtl_0|alt_counter_f10ke:wysi_counter|counter_cell[2] ; t3         ; t3       ; None                        ; None                      ; 2.200 ns                ;
; N/A   ; Restricted to 125.00 MHz ( period = 8.000 ns ) ; cunchuqi:inst|lpm_counter:pc_rtl_0|alt_counter_f10ke:wysi_counter|counter_cell[6] ; cunchuqi:inst|lpm_counter:pc_rtl_0|alt_counter_f10ke:wysi_counter|counter_cell[7] ; t3         ; t3       ; None                        ; None                      ; 1.900 ns                ;
; N/A   ; Restricted to 125.00 MHz ( period = 8.000 ns ) ; cunchuqi:inst|lpm_counter:pc_rtl_0|alt_counter_f10ke:wysi_counter|counter_cell[5] ; cunchuqi:inst|lpm_counter:pc_rtl_0|alt_counter_f10ke:wysi_counter|counter_cell[6] ; t3         ; t3       ; None                        ; None                      ; 1.900 ns                ;
; N/A   ; Restricted to 125.00 MHz ( period = 8.000 ns ) ; cunchuqi:inst|lpm_counter:pc_rtl_0|alt_counter_f10ke:wysi_counter|counter_cell[4] ; cunchuqi:inst|lpm_counter:pc_rtl_0|alt_counter_f10ke:wysi_counter|counter_cell[5] ; t3         ; t3       ; None                        ; None                      ; 1.900 ns                ;
; N/A   ; Restricted to 125.00 MHz ( period = 8.000 ns ) ; cunchuqi:inst|lpm_counter:pc_rtl_0|alt_counter_f10ke:wysi_counter|counter_cell[3] ; cunchuqi:inst|lpm_counter:pc_rtl_0|alt_counter_f10ke:wysi_counter|counter_cell[4] ; t3         ; t3       ; None                        ; None                      ; 1.900 ns                ;
; N/A   ; Restricted to 125.00 MHz ( period = 8.000 ns ) ; cunchuqi:inst|lpm_counter:pc_rtl_0|alt_counter_f10ke:wysi_counter|counter_cell[2] ; cunchuqi:inst|lpm_counter:pc_rtl_0|alt_counter_f10ke:wysi_counter|counter_cell[3] ; t3         ; t3       ; None                        ; None                      ; 1.900 ns                ;
; N/A   ; Restricted to 125.00 MHz ( period = 8.000 ns ) ; cunchuqi:inst|lpm_counter:pc_rtl_0|alt_counter_f10ke:wysi_counter|counter_cell[1] ; cunchuqi:inst|lpm_counter:pc_rtl_0|alt_counter_f10ke:wysi_counter|counter_cell[2] ; t3         ; t3       ; None                        ; None                      ; 1.900 ns                ;
; N/A   ; Restricted to 125.00 MHz ( period = 8.000 ns ) ; cunchuqi:inst|lpm_counter:pc_rtl_0|alt_counter_f10ke:wysi_counter|counter_cell[0] ; cunchuqi:inst|lpm_counter:pc_rtl_0|alt_counter_f10ke:wysi_counter|counter_cell[1] ; t3         ; t3       ; None                        ; None                      ; 1.900 ns                ;
+-------+------------------------------------------------+-----------------------------------------------------------------------------------+-----------------------------------------------------------------------------------+------------+----------+-----------------------------+---------------------------+-------------------------+


+-----------------------------------------------------------------------------------------------------------------------------------------------+
; tsu                                                                                                                                           ;
+-------+--------------+------------+------------+-----------------------------------------------------------------------------------+----------+
; Slack ; Required tsu ; Actual tsu ; From       ; To                                                                                ; To Clock ;
+-------+--------------+------------+------------+-----------------------------------------------------------------------------------+----------+
; N/A   ; None         ; 15.900 ns  ; we         ; lpm_ram_io:inst13|altram:sram|q[7]~reg_we0                                        ; t2       ;
; N/A   ; None         ; 15.900 ns  ; we         ; lpm_ram_io:inst13|altram:sram|q[6]~reg_we0                                        ; t2       ;
; N/A   ; None         ; 15.900 ns  ; we         ; lpm_ram_io:inst13|altram:sram|q[5]~reg_we0                                        ; t2       ;
; N/A   ; None         ; 15.900 ns  ; we         ; lpm_ram_io:inst13|altram:sram|q[4]~reg_we0                                        ; t2       ;
; N/A   ; None         ; 15.900 ns  ; we         ; lpm_ram_io:inst13|altram:sram|q[3]~reg_we0                                        ; t2       ;
; N/A   ; None         ; 15.900 ns  ; we         ; lpm_ram_io:inst13|altram:sram|q[2]~reg_we0                                        ; t2       ;
; N/A   ; None         ; 15.900 ns  ; we         ; lpm_ram_io:inst13|altram:sram|q[1]~reg_we0                                        ; t2       ;
; N/A   ; None         ; 15.900 ns  ; we         ; lpm_ram_io:inst13|altram:sram|q[0]~reg_we0                                        ; t2       ;
; N/A   ; None         ; 14.200 ns  ; memenab    ; lpm_ram_io:inst13|altram:sram|q[7]~reg_we0                                        ; t2       ;
; N/A   ; None         ; 14.200 ns  ; memenab    ; lpm_ram_io:inst13|altram:sram|q[6]~reg_we0                                        ; t2       ;
; N/A   ; None         ; 14.200 ns  ; memenab    ; lpm_ram_io:inst13|altram:sram|q[5]~reg_we0                                        ; t2       ;
; N/A   ; None         ; 14.200 ns  ; memenab    ; lpm_ram_io:inst13|altram:sram|q[4]~reg_we0                                        ; t2       ;
; N/A   ; None         ; 14.200 ns  ; memenab    ; lpm_ram_io:inst13|altram:sram|q[3]~reg_we0                                        ; t2       ;
; N/A   ; None         ; 14.200 ns  ; memenab    ; lpm_ram_io:inst13|altram:sram|q[2]~reg_we0                                        ; t2       ;
; N/A   ; None         ; 14.200 ns  ; memenab    ; lpm_ram_io:inst13|altram:sram|q[1]~reg_we0                                        ; t2       ;
; N/A   ; None         ; 14.200 ns  ; memenab    ; lpm_ram_io:inst13|altram:sram|q[0]~reg_we0                                        ; t2       ;
; N/A   ; None         ; 12.200 ns  ; rd         ; lpm_ram_io:inst13|altram:sram|q[7]~reg_we0                                        ; t2       ;
; N/A   ; None         ; 12.200 ns  ; rd         ; lpm_ram_io:inst13|altram:sram|q[6]~reg_we0                                        ; t2       ;
; N/A   ; None         ; 12.200 ns  ; rd         ; lpm_ram_io:inst13|altram:sram|q[5]~reg_we0                                        ; t2       ;
; N/A   ; None         ; 12.200 ns  ; rd         ; lpm_ram_io:inst13|altram:sram|q[4]~reg_we0                                        ; t2       ;
; N/A   ; None         ; 12.200 ns  ; rd         ; lpm_ram_io:inst13|altram:sram|q[3]~reg_we0                                        ; t2       ;
; N/A   ; None         ; 12.200 ns  ; rd         ; lpm_ram_io:inst13|altram:sram|q[2]~reg_we0                                        ; t2       ;
; N/A   ; None         ; 12.200 ns  ; rd         ; lpm_ram_io:inst13|altram:sram|q[1]~reg_we0                                        ; t2       ;
; N/A   ; None         ; 12.200 ns  ; rd         ; lpm_ram_io:inst13|altram:sram|q[0]~reg_we0                                        ; t2       ;
; N/A   ; None         ; 12.000 ns  ; d[3]       ; cunchuqi:inst|lpm_counter:pc_rtl_0|alt_counter_f10ke:wysi_counter|counter_cell[3] ; t3       ;
; N/A   ; None         ; 12.000 ns  ; d[5]       ; cunchuqi:inst|lpm_counter:pc_rtl_0|alt_counter_f10ke:wysi_counter|counter_cell[5] ; t3       ;
; N/A   ; None         ; 11.900 ns  ; d[1]       ; cunchuqi:inst|lpm_counter:pc_rtl_0|alt_counter_f10ke:wysi_counter|counter_cell[1] ; t3       ;
; N/A   ; None         ; 11.900 ns  ; d[2]       ; cunchuqi:inst|lpm_counter:pc_rtl_0|alt_counter_f10ke:wysi_counter|counter_cell[2] ; t3       ;
; N/A   ; None         ; 11.700 ns  ; d[7]       ; cunchuqi:inst|lpm_counter:pc_rtl_0|alt_counter_f10ke:wysi_counter|counter_cell[7] ; t3       ;
; N/A   ; None         ; 11.600 ns  ; d[0]       ; cunchuqi:inst|lpm_counter:pc_rtl_0|alt_counter_f10ke:wysi_counter|counter_cell[0] ; t3       ;
; N/A   ; None         ; 11.600 ns  ; d[6]       ; cunchuqi:inst|lpm_counter:pc_rtl_0|alt_counter_f10ke:wysi_counter|counter_cell[6] ; t3       ;
; N/A   ; None         ; 11.500 ns  ; d[3]       ; cunchuqi:inst|ar[3]                                                               ; t3       ;
; N/A   ; None         ; 11.500 ns  ; d[4]       ; cunchuqi:inst|lpm_counter:pc_rtl_0|alt_counter_f10ke:wysi_counter|counter_cell[4] ; t3       ;
; N/A   ; None         ; 11.500 ns  ; d[5]       ; cunchuqi:inst|ar[5]                                                               ; t3       ;
; N/A   ; None         ; 11.400 ns  ; intputd[2] ; cunchuqi:inst|lpm_counter:pc_rtl_0|alt_counter_f10ke:wysi_counter|counter_cell[2] ; t3       ;
; N/A   ; None         ; 11.300 ns  ; pc_bus     ; cunchuqi:inst|lpm_counter:pc_rtl_0|alt_counter_f10ke:wysi_counter|counter_cell[5] ; t3       ;
; N/A   ; None         ; 11.300 ns  ; pc_bus     ; cunchuqi:inst|lpm_counter:pc_rtl_0|alt_counter_f10ke:wysi_counter|counter_cell[3] ; t3       ;
; N/A   ; None         ; 11.300 ns  ; sw_bus     ; cunchuqi:inst|lpm_counter:pc_rtl_0|alt_counter_f10ke:wysi_counter|counter_cell[5] ; t3       ;
; N/A   ; None         ; 11.300 ns  ; sw_bus     ; cunchuqi:inst|lpm_counter:pc_rtl_0|alt_counter_f10ke:wysi_counter|counter_cell[3] ; t3       ;
; N/A   ; None         ; 11.200 ns  ; intputd[5] ; cunchuqi:inst|lpm_counter:pc_rtl_0|alt_counter_f10ke:wysi_counter|counter_cell[5] ; t3       ;
; N/A   ; None         ; 11.200 ns  ; pc_bus     ; cunchuqi:inst|lpm_counter:pc_rtl_0|alt_counter_f10ke:wysi_counter|counter_cell[1] ; t3       ;
; N/A   ; None         ; 11.200 ns  ; sw_bus     ; cunchuqi:inst|lpm_counter:pc_rtl_0|alt_counter_f10ke:wysi_counter|counter_cell[1] ; t3       ;
; N/A   ; None         ; 11.100 ns  ; intputd[3] ; cunchuqi:inst|lpm_counter:pc_rtl_0|alt_counter_f10ke:wysi_counter|counter_cell[3] ; t3       ;
; N/A   ; None         ; 11.100 ns  ; pc_bus     ; cunchuqi:inst|lpm_counter:pc_rtl_0|alt_counter_f10ke:wysi_counter|counter_cell[7] ; t3       ;
; N/A   ; None         ; 11.100 ns  ; pc_bus     ; cunchuqi:inst|lpm_counter:pc_rtl_0|alt_counter_f10ke:wysi_counter|counter_cell[6] ; t3       ;
; N/A   ; None         ; 11.100 ns  ; pc_bus     ; cunchuqi:inst|lpm_counter:pc_rtl_0|alt_counter_f10ke:wysi_counter|counter_cell[2] ; t3       ;
; N/A   ; None         ; 11.100 ns  ; pc_bus     ; cunchuqi:inst|lpm_counter:pc_rtl_0|alt_counter_f10ke:wysi_counter|counter_cell[0] ; t3       ;
; N/A   ; None         ; 11.100 ns  ; sw_bus     ; cunchuqi:inst|lpm_counter:pc_rtl_0|alt_counter_f10ke:wysi_counter|counter_cell[7] ; t3       ;
; N/A   ; None         ; 11.100 ns  ; sw_bus     ; cunchuqi:inst|lpm_counter:pc_rtl_0|alt_counter_f10ke:wysi_counter|counter_cell[6] ; t3       ;
; N/A   ; None         ; 11.100 ns  ; sw_bus     ; cunchuqi:inst|lpm_counter:pc_rtl_0|alt_counter_f10ke:wysi_counter|counter_cell[2] ; t3       ;
; N/A   ; None         ; 11.100 ns  ; sw_bus     ; cunchuqi:inst|lpm_counter:pc_rtl_0|alt_counter_f10ke:wysi_counter|counter_cell[0] ; t3       ;
; N/A   ; None         ; 11.000 ns  ; pcen       ; cunchuqi:inst|lpm_counter:pc_rtl_0|alt_counter_f10ke:wysi_counter|counter_cell[7] ; t3       ;
; N/A   ; None         ; 11.000 ns  ; pcen       ; cunchuqi:inst|lpm_counter:pc_rtl_0|alt_counter_f10ke:wysi_counter|counter_cell[6] ; t3       ;
; N/A   ; None         ; 11.000 ns  ; pcen       ; cunchuqi:inst|lpm_counter:pc_rtl_0|alt_counter_f10ke:wysi_counter|counter_cell[5] ; t3       ;
; N/A   ; None         ; 11.000 ns  ; pcen       ; cunchuqi:inst|lpm_counter:pc_rtl_0|alt_counter_f10ke:wysi_counter|counter_cell[4] ; t3       ;
; N/A   ; None         ; 11.000 ns  ; pcen       ; cunchuqi:inst|lpm_counter:pc_rtl_0|alt_counter_f10ke:wysi_counter|counter_cell[3] ; t3       ;
; N/A   ; None         ; 11.000 ns  ; pcen       ; cunchuqi:inst|lpm_counter:pc_rtl_0|alt_counter_f10ke:wysi_counter|counter_cell[2] ; t3       ;
; N/A   ; None         ; 11.000 ns  ; pcen       ; cunchuqi:inst|lpm_counter:pc_rtl_0|alt_counter_f10ke:wysi_counter|counter_cell[1] ; t3       ;
; N/A   ; None         ; 11.000 ns  ; pcen       ; cunchuqi:inst|lpm_counter:pc_rtl_0|alt_counter_f10ke:wysi_counter|counter_cell[0] ; t3       ;
; N/A   ; None         ; 11.000 ns  ; intputd[7] ; cunchuqi:inst|lpm_counter:pc_rtl_0|alt_counter_f10ke:wysi_counter|counter_cell[7] ; t3       ;
; N/A   ; None         ; 10.800 ns  ; pc_bus     ; cunchuqi:inst|ar[5]                                                               ; t3       ;
; N/A   ; None         ; 10.800 ns  ; pc_bus     ; cunchuqi:inst|ar[3]                                                               ; t3       ;
; N/A   ; None         ; 10.800 ns  ; sw_bus     ; cunchuqi:inst|ar[5]                                                               ; t3       ;
; N/A   ; None         ; 10.800 ns  ; sw_bus     ; cunchuqi:inst|ar[3]                                                               ; t3       ;
; N/A   ; None         ; 10.700 ns  ; intputd[5] ; cunchuqi:inst|ar[5]                                                               ; t3       ;
; N/A   ; None         ; 10.600 ns  ; intputd[3] ; cunchuqi:inst|ar[3]                                                               ; t3       ;
; N/A   ; None         ; 10.600 ns  ; pc_bus     ; cunchuqi:inst|lpm_counter:pc_rtl_0|alt_counter_f10ke:wysi_counter|counter_cell[4] ; t3       ;
; N/A   ; None         ; 10.600 ns  ; sw_bus     ; cunchuqi:inst|lpm_counter:pc_rtl_0|alt_counter_f10ke:wysi_counter|counter_cell[4] ; t3       ;
; N/A   ; None         ; 10.300 ns  ; intputd[4] ; cunchuqi:inst|lpm_counter:pc_rtl_0|alt_counter_f10ke:wysi_counter|counter_cell[4] ; t3       ;
; N/A   ; None         ; 10.300 ns  ; intputd[6] ; cunchuqi:inst|lpm_counter:pc_rtl_0|alt_counter_f10ke:wysi_counter|counter_cell[6] ; t3       ;
; N/A   ; None         ; 10.200 ns  ; intputd[1] ; cunchuqi:inst|lpm_counter:pc_rtl_0|alt_counter_f10ke:wysi_counter|counter_cell[1] ; t3       ;
; N/A   ; None         ; 10.200 ns  ; intputd[0] ; cunchuqi:inst|lpm_counter:pc_rtl_0|alt_counter_f10ke:wysi_counter|counter_cell[0] ; t3       ;
; N/A   ; None         ; 9.800 ns   ; d[1]       ; cunchuqi:inst|ar[1]                                                               ; t3       ;
; N/A   ; None         ; 9.800 ns   ; d[2]       ; cunchuqi:inst|ar[2]                                                               ; t3       ;
; N/A   ; None         ; 9.700 ns   ; pcld       ; cunchuqi:inst|lpm_counter:pc_rtl_0|alt_counter_f10ke:wysi_counter|counter_cell[7] ; t3       ;
; N/A   ; None         ; 9.700 ns   ; pcld       ; cunchuqi:inst|lpm_counter:pc_rtl_0|alt_counter_f10ke:wysi_counter|counter_cell[6] ; t3       ;
; N/A   ; None         ; 9.700 ns   ; pcld       ; cunchuqi:inst|lpm_counter:pc_rtl_0|alt_counter_f10ke:wysi_counter|counter_cell[5] ; t3       ;
; N/A   ; None         ; 9.700 ns   ; pcld       ; cunchuqi:inst|lpm_counter:pc_rtl_0|alt_counter_f10ke:wysi_counter|counter_cell[4] ; t3       ;
; N/A   ; None         ; 9.700 ns   ; pcld       ; cunchuqi:inst|lpm_counter:pc_rtl_0|alt_counter_f10ke:wysi_counter|counter_cell[3] ; t3       ;
; N/A   ; None         ; 9.700 ns   ; pcld       ; cunchuqi:inst|lpm_counter:pc_rtl_0|alt_counter_f10ke:wysi_counter|counter_cell[2] ; t3       ;
; N/A   ; None         ; 9.700 ns   ; pcld       ; cunchuqi:inst|lpm_counter:pc_rtl_0|alt_counter_f10ke:wysi_counter|counter_cell[1] ; t3       ;
; N/A   ; None         ; 9.700 ns   ; pcld       ; cunchuqi:inst|lpm_counter:pc_rtl_0|alt_counter_f10ke:wysi_counter|counter_cell[0] ; t3       ;
; N/A   ; None         ; 9.600 ns   ; d[7]       ; cunchuqi:inst|ar[7]                                                               ; t3       ;
; N/A   ; None         ; 9.500 ns   ; d[0]       ; cunchuqi:inst|ar[0]                                                               ; t3       ;
; N/A   ; None         ; 9.500 ns   ; d[6]       ; cunchuqi:inst|ar[6]                                                               ; t3       ;
; N/A   ; None         ; 9.300 ns   ; d[4]       ; cunchuqi:inst|ar[4]                                                               ; t3       ;
; N/A   ; None         ; 9.300 ns   ; intputd[2] ; cunchuqi:inst|ar[2]                                                               ; t3       ;
; N/A   ; None         ; 9.100 ns   ; pc_bus     ; cunchuqi:inst|ar[1]                                                               ; t3       ;
; N/A   ; None         ; 9.100 ns   ; sw_bus     ; cunchuqi:inst|ar[1]                                                               ; t3       ;
; N/A   ; None         ; 9.000 ns   ; d[0]       ; lpm_ram_io:inst13|altram:sram|q[0]~reg_in                                         ; t2       ;
; N/A   ; None         ; 9.000 ns   ; d[1]       ; lpm_ram_io:inst13|altram:sram|q[1]~reg_in                                         ; t2       ;
; N/A   ; None         ; 9.000 ns   ; d[2]       ; lpm_ram_io:inst13|altram:sram|q[2]~reg_in                                         ; t2       ;
; N/A   ; None         ; 9.000 ns   ; d[3]       ; lpm_ram_io:inst13|altram:sram|q[3]~reg_in                                         ; t2       ;
; N/A   ; None         ; 9.000 ns   ; d[5]       ; lpm_ram_io:inst13|altram:sram|q[5]~reg_in                                         ; t2       ;
; N/A   ; None         ; 9.000 ns   ; d[6]       ; lpm_ram_io:inst13|altram:sram|q[6]~reg_in                                         ; t2       ;
; N/A   ; None         ; 9.000 ns   ; d[7]       ; lpm_ram_io:inst13|altram:sram|q[7]~reg_in                                         ; t2       ;
; N/A   ; None         ; 9.000 ns   ; pc_bus     ; cunchuqi:inst|ar[7]                                                               ; t3       ;
; N/A   ; None         ; 9.000 ns   ; pc_bus     ; cunchuqi:inst|ar[6]                                                               ; t3       ;
; N/A   ; None         ; 9.000 ns   ; pc_bus     ; cunchuqi:inst|ar[2]                                                               ; t3       ;
; N/A   ; None         ; 9.000 ns   ; pc_bus     ; cunchuqi:inst|ar[0]                                                               ; t3       ;
; N/A   ; None         ; 9.000 ns   ; sw_bus     ; cunchuqi:inst|ar[7]                                                               ; t3       ;
; N/A   ; None         ; 9.000 ns   ; sw_bus     ; cunchuqi:inst|ar[6]                                                               ; t3       ;
; N/A   ; None         ; 9.000 ns   ; sw_bus     ; cunchuqi:inst|ar[2]                                                               ; t3       ;
; N/A   ; None         ; 9.000 ns   ; sw_bus     ; cunchuqi:inst|ar[0]                                                               ; t3       ;
; N/A   ; None         ; 8.900 ns   ; d[4]       ; lpm_ram_io:inst13|altram:sram|q[4]~reg_in                                         ; t2       ;
; N/A   ; None         ; 8.900 ns   ; intputd[7] ; cunchuqi:inst|ar[7]                                                               ; t3       ;
; N/A   ; None         ; 8.400 ns   ; pc_bus     ; cunchuqi:inst|ar[4]                                                               ; t3       ;
; N/A   ; None         ; 8.400 ns   ; sw_bus     ; cunchuqi:inst|ar[4]                                                               ; t3       ;
; N/A   ; None         ; 8.200 ns   ; intputd[6] ; cunchuqi:inst|ar[6]                                                               ; t3       ;
; N/A   ; None         ; 8.100 ns   ; intputd[4] ; cunchuqi:inst|ar[4]                                                               ; t3       ;
; N/A   ; None         ; 8.100 ns   ; intputd[1] ; cunchuqi:inst|ar[1]                                                               ; t3       ;
; N/A   ; None         ; 8.100 ns   ; intputd[0] ; cunchuqi:inst|ar[0]                                                               ; t3       ;
; N/A   ; None         ; 6.400 ns   ; ldar       ; cunchuqi:inst|ar[4]                                                               ; t3       ;
; N/A   ; None         ; 6.300 ns   ; ldar       ; cunchuqi:inst|ar[7]                                                               ; t3       ;
; N/A   ; None         ; 6.300 ns   ; ldar       ; cunchuqi:inst|ar[6]                                                               ; t3       ;
; N/A   ; None         ; 6.300 ns   ; ldar       ; cunchuqi:inst|ar[5]                                                               ; t3       ;
; N/A   ; None         ; 6.300 ns   ; ldar       ; cunchuqi:inst|ar[3]                                                               ; t3       ;
; N/A   ; None         ; 6.300 ns   ; ldar       ; cunchuqi:inst|ar[2]                                                               ; t3       ;
; N/A   ; None         ; 6.300 ns   ; ldar       ; cunchuqi:inst|ar[1]                                                               ; t3       ;
; N/A   ; None         ; 6.300 ns   ; ldar       ; cunchuqi:inst|ar[0]                                                               ; t3       ;
+-------+--------------+------------+------------+-----------------------------------------------------------------------------------+----------+


+-----------------------------------------------------------------------------------------------------------------------------------------------+
; tco                                                                                                                                           ;
+-------+--------------+------------+-----------------------------------------------------------------------------------+----------+------------+
; Slack ; Required tco ; Actual tco ; From                                                                              ; To       ; From Clock ;
+-------+--------------+------------+-----------------------------------------------------------------------------------+----------+------------+
; N/A   ; None         ; 31.600 ns  ; lpm_ram_io:inst13|altram:sram|q[1]~reg_ra0                                        ; d[1]     ; t2         ;
; N/A   ; None         ; 31.600 ns  ; lpm_ram_io:inst13|altram:sram|q[1]~reg_ra1                                        ; d[1]     ; t2         ;
; N/A   ; None         ; 31.600 ns  ; lpm_ram_io:inst13|altram:sram|q[1]~reg_ra2                                        ; d[1]     ; t2         ;
; N/A   ; None         ; 31.600 ns  ; lpm_ram_io:inst13|altram:sram|q[1]~reg_ra3                                        ; d[1]     ; t2         ;
; N/A   ; None         ; 31.600 ns  ; lpm_ram_io:inst13|altram:sram|q[1]~reg_ra4                                        ; d[1]     ; t2         ;
; N/A   ; None         ; 31.600 ns  ; lpm_ram_io:inst13|altram:sram|q[1]~reg_ra5                                        ; d[1]     ; t2         ;
; N/A   ; None         ; 31.600 ns  ; lpm_ram_io:inst13|altram:sram|q[1]~reg_ra6                                        ; d[1]     ; t2         ;
; N/A   ; None         ; 31.600 ns  ; lpm_ram_io:inst13|altram:sram|q[1]~reg_ra7                                        ; d[1]     ; t2         ;
; N/A   ; None         ; 31.600 ns  ; lpm_ram_io:inst13|altram:sram|q[1]~reg_wa0                                        ; d[1]     ; t2         ;
; N/A   ; None         ; 31.600 ns  ; lpm_ram_io:inst13|altram:sram|q[1]~reg_wa1                                        ; d[1]     ; t2         ;
; N/A   ; None         ; 31.600 ns  ; lpm_ram_io:inst13|altram:sram|q[1]~reg_wa2                                        ; d[1]     ; t2         ;
; N/A   ; None         ; 31.600 ns  ; lpm_ram_io:inst13|altram:sram|q[1]~reg_wa3                                        ; d[1]     ; t2         ;
; N/A   ; None         ; 31.600 ns  ; lpm_ram_io:inst13|altram:sram|q[1]~reg_wa4                                        ; d[1]     ; t2         ;
; N/A   ; None         ; 31.600 ns  ; lpm_ram_io:inst13|altram:sram|q[1]~reg_wa5                                        ; d[1]     ; t2         ;
; N/A   ; None         ; 31.600 ns  ; lpm_ram_io:inst13|altram:sram|q[1]~reg_wa6                                        ; d[1]     ; t2         ;
; N/A   ; None         ; 31.600 ns  ; lpm_ram_io:inst13|altram:sram|q[1]~reg_wa7                                        ; d[1]     ; t2         ;
; N/A   ; None         ; 31.600 ns  ; lpm_ram_io:inst13|altram:sram|q[2]~reg_ra0                                        ; d[2]     ; t2         ;
; N/A   ; None         ; 31.600 ns  ; lpm_ram_io:inst13|altram:sram|q[2]~reg_ra1                                        ; d[2]     ; t2         ;
; N/A   ; None         ; 31.600 ns  ; lpm_ram_io:inst13|altram:sram|q[2]~reg_ra2                                        ; d[2]     ; t2         ;
; N/A   ; None         ; 31.600 ns  ; lpm_ram_io:inst13|altram:sram|q[2]~reg_ra3                                        ; d[2]     ; t2         ;
; N/A   ; None         ; 31.600 ns  ; lpm_ram_io:inst13|altram:sram|q[2]~reg_ra4                                        ; d[2]     ; t2         ;
; N/A   ; None         ; 31.600 ns  ; lpm_ram_io:inst13|altram:sram|q[2]~reg_ra5                                        ; d[2]     ; t2         ;
; N/A   ; None         ; 31.600 ns  ; lpm_ram_io:inst13|altram:sram|q[2]~reg_ra6                                        ; d[2]     ; t2         ;
; N/A   ; None         ; 31.600 ns  ; lpm_ram_io:inst13|altram:sram|q[2]~reg_ra7                                        ; d[2]     ; t2         ;
; N/A   ; None         ; 31.600 ns  ; lpm_ram_io:inst13|altram:sram|q[2]~reg_wa0                                        ; d[2]     ; t2         ;
; N/A   ; None         ; 31.600 ns  ; lpm_ram_io:inst13|altram:sram|q[2]~reg_wa1                                        ; d[2]     ; t2         ;
; N/A   ; None         ; 31.600 ns  ; lpm_ram_io:inst13|altram:sram|q[2]~reg_wa2                                        ; d[2]     ; t2         ;
; N/A   ; None         ; 31.600 ns  ; lpm_ram_io:inst13|altram:sram|q[2]~reg_wa3                                        ; d[2]     ; t2         ;
; N/A   ; None         ; 31.600 ns  ; lpm_ram_io:inst13|altram:sram|q[2]~reg_wa4                                        ; d[2]     ; t2         ;
; N/A   ; None         ; 31.600 ns  ; lpm_ram_io:inst13|altram:sram|q[2]~reg_wa5                                        ; d[2]     ; t2         ;
; N/A   ; None         ; 31.600 ns  ; lpm_ram_io:inst13|altram:sram|q[2]~reg_wa6                                        ; d[2]     ; t2         ;
; N/A   ; None         ; 31.600 ns  ; lpm_ram_io:inst13|altram:sram|q[2]~reg_wa7                                        ; d[2]     ; t2         ;
; N/A   ; None         ; 31.500 ns  ; lpm_ram_io:inst13|altram:sram|q[0]~reg_ra0                                        ; d[0]     ; t2         ;
; N/A   ; None         ; 31.500 ns  ; lpm_ram_io:inst13|altram:sram|q[0]~reg_ra1                                        ; d[0]     ; t2         ;
; N/A   ; None         ; 31.500 ns  ; lpm_ram_io:inst13|altram:sram|q[0]~reg_ra2                                        ; d[0]     ; t2         ;
; N/A   ; None         ; 31.500 ns  ; lpm_ram_io:inst13|altram:sram|q[0]~reg_ra3                                        ; d[0]     ; t2         ;
; N/A   ; None         ; 31.500 ns  ; lpm_ram_io:inst13|altram:sram|q[0]~reg_ra4                                        ; d[0]     ; t2         ;
; N/A   ; None         ; 31.500 ns  ; lpm_ram_io:inst13|altram:sram|q[0]~reg_ra5                                        ; d[0]     ; t2         ;
; N/A   ; None         ; 31.500 ns  ; lpm_ram_io:inst13|altram:sram|q[0]~reg_ra6                                        ; d[0]     ; t2         ;
; N/A   ; None         ; 31.500 ns  ; lpm_ram_io:inst13|altram:sram|q[0]~reg_ra7                                        ; d[0]     ; t2         ;
; N/A   ; None         ; 31.500 ns  ; lpm_ram_io:inst13|altram:sram|q[0]~reg_wa0                                        ; d[0]     ; t2         ;
; N/A   ; None         ; 31.500 ns  ; lpm_ram_io:inst13|altram:sram|q[0]~reg_wa1                                        ; d[0]     ; t2         ;
; N/A   ; None         ; 31.500 ns  ; lpm_ram_io:inst13|altram:sram|q[0]~reg_wa2                                        ; d[0]     ; t2         ;
; N/A   ; None         ; 31.500 ns  ; lpm_ram_io:inst13|altram:sram|q[0]~reg_wa3                                        ; d[0]     ; t2         ;
; N/A   ; None         ; 31.500 ns  ; lpm_ram_io:inst13|altram:sram|q[0]~reg_wa4                                        ; d[0]     ; t2         ;
; N/A   ; None         ; 31.500 ns  ; lpm_ram_io:inst13|altram:sram|q[0]~reg_wa5                                        ; d[0]     ; t2         ;
; N/A   ; None         ; 31.500 ns  ; lpm_ram_io:inst13|altram:sram|q[0]~reg_wa6                                        ; d[0]     ; t2         ;
; N/A   ; None         ; 31.500 ns  ; lpm_ram_io:inst13|altram:sram|q[0]~reg_wa7                                        ; d[0]     ; t2         ;
; N/A   ; None         ; 31.500 ns  ; lpm_ram_io:inst13|altram:sram|q[7]~reg_ra0                                        ; d[7]     ; t2         ;
; N/A   ; None         ; 31.500 ns  ; lpm_ram_io:inst13|altram:sram|q[7]~reg_ra1                                        ; d[7]     ; t2         ;
; N/A   ; None         ; 31.500 ns  ; lpm_ram_io:inst13|altram:sram|q[7]~reg_ra2                                        ; d[7]     ; t2         ;
; N/A   ; None         ; 31.500 ns  ; lpm_ram_io:inst13|altram:sram|q[7]~reg_ra3                                        ; d[7]     ; t2         ;
; N/A   ; None         ; 31.500 ns  ; lpm_ram_io:inst13|altram:sram|q[7]~reg_ra4                                        ; d[7]     ; t2         ;
; N/A   ; None         ; 31.500 ns  ; lpm_ram_io:inst13|altram:sram|q[7]~reg_ra5                                        ; d[7]     ; t2         ;
; N/A   ; None         ; 31.500 ns  ; lpm_ram_io:inst13|altram:sram|q[7]~reg_ra6                                        ; d[7]     ; t2         ;
; N/A   ; None         ; 31.500 ns  ; lpm_ram_io:inst13|altram:sram|q[7]~reg_ra7                                        ; d[7]     ; t2         ;
; N/A   ; None         ; 31.500 ns  ; lpm_ram_io:inst13|altram:sram|q[7]~reg_wa0                                        ; d[7]     ; t2         ;
; N/A   ; None         ; 31.500 ns  ; lpm_ram_io:inst13|altram:sram|q[7]~reg_wa1                                        ; d[7]     ; t2         ;
; N/A   ; None         ; 31.500 ns  ; lpm_ram_io:inst13|altram:sram|q[7]~reg_wa2                                        ; d[7]     ; t2         ;
; N/A   ; None         ; 31.500 ns  ; lpm_ram_io:inst13|altram:sram|q[7]~reg_wa3                                        ; d[7]     ; t2         ;
; N/A   ; None         ; 31.500 ns  ; lpm_ram_io:inst13|altram:sram|q[7]~reg_wa4                                        ; d[7]     ; t2         ;
; N/A   ; None         ; 31.500 ns  ; lpm_ram_io:inst13|altram:sram|q[7]~reg_wa5                                        ; d[7]     ; t2         ;
; N/A   ; None         ; 31.500 ns  ; lpm_ram_io:inst13|altram:sram|q[7]~reg_wa6                                        ; d[7]     ; t2         ;
; N/A   ; None         ; 31.500 ns  ; lpm_ram_io:inst13|altram:sram|q[7]~reg_wa7                                        ; d[7]     ; t2         ;
; N/A   ; None         ; 31.400 ns  ; lpm_ram_io:inst13|altram:sram|q[3]~reg_ra0                                        ; d[3]     ; t2         ;
; N/A   ; None         ; 31.400 ns  ; lpm_ram_io:inst13|altram:sram|q[3]~reg_ra1                                        ; d[3]     ; t2         ;
; N/A   ; None         ; 31.400 ns  ; lpm_ram_io:inst13|altram:sram|q[3]~reg_ra2                                        ; d[3]     ; t2         ;
; N/A   ; None         ; 31.400 ns  ; lpm_ram_io:inst13|altram:sram|q[3]~reg_ra3                                        ; d[3]     ; t2         ;
; N/A   ; None         ; 31.400 ns  ; lpm_ram_io:inst13|altram:sram|q[3]~reg_ra4                                        ; d[3]     ; t2         ;
; N/A   ; None         ; 31.400 ns  ; lpm_ram_io:inst13|altram:sram|q[3]~reg_ra5                                        ; d[3]     ; t2         ;
; N/A   ; None         ; 31.400 ns  ; lpm_ram_io:inst13|altram:sram|q[3]~reg_ra6                                        ; d[3]     ; t2         ;
; N/A   ; None         ; 31.400 ns  ; lpm_ram_io:inst13|altram:sram|q[3]~reg_ra7                                        ; d[3]     ; t2         ;
; N/A   ; None         ; 31.400 ns  ; lpm_ram_io:inst13|altram:sram|q[3]~reg_wa0                                        ; d[3]     ; t2         ;
; N/A   ; None         ; 31.400 ns  ; lpm_ram_io:inst13|altram:sram|q[3]~reg_wa1                                        ; d[3]     ; t2         ;
; N/A   ; None         ; 31.400 ns  ; lpm_ram_io:inst13|altram:sram|q[3]~reg_wa2                                        ; d[3]     ; t2         ;
; N/A   ; None         ; 31.400 ns  ; lpm_ram_io:inst13|altram:sram|q[3]~reg_wa3                                        ; d[3]     ; t2         ;
; N/A   ; None         ; 31.400 ns  ; lpm_ram_io:inst13|altram:sram|q[3]~reg_wa4                                        ; d[3]     ; t2         ;
; N/A   ; None         ; 31.400 ns  ; lpm_ram_io:inst13|altram:sram|q[3]~reg_wa5                                        ; d[3]     ; t2         ;
; N/A   ; None         ; 31.400 ns  ; lpm_ram_io:inst13|altram:sram|q[3]~reg_wa6                                        ; d[3]     ; t2         ;
; N/A   ; None         ; 31.400 ns  ; lpm_ram_io:inst13|altram:sram|q[3]~reg_wa7                                        ; d[3]     ; t2         ;
; N/A   ; None         ; 31.400 ns  ; lpm_ram_io:inst13|altram:sram|q[5]~reg_ra0                                        ; d[5]     ; t2         ;
; N/A   ; None         ; 31.400 ns  ; lpm_ram_io:inst13|altram:sram|q[5]~reg_ra1                                        ; d[5]     ; t2         ;
; N/A   ; None         ; 31.400 ns  ; lpm_ram_io:inst13|altram:sram|q[5]~reg_ra2                                        ; d[5]     ; t2         ;
; N/A   ; None         ; 31.400 ns  ; lpm_ram_io:inst13|altram:sram|q[5]~reg_ra3                                        ; d[5]     ; t2         ;
; N/A   ; None         ; 31.400 ns  ; lpm_ram_io:inst13|altram:sram|q[5]~reg_ra4                                        ; d[5]     ; t2         ;
; N/A   ; None         ; 31.400 ns  ; lpm_ram_io:inst13|altram:sram|q[5]~reg_ra5                                        ; d[5]     ; t2         ;
; N/A   ; None         ; 31.400 ns  ; lpm_ram_io:inst13|altram:sram|q[5]~reg_ra6                                        ; d[5]     ; t2         ;
; N/A   ; None         ; 31.400 ns  ; lpm_ram_io:inst13|altram:sram|q[5]~reg_ra7                                        ; d[5]     ; t2         ;
; N/A   ; None         ; 31.400 ns  ; lpm_ram_io:inst13|altram:sram|q[5]~reg_wa0                                        ; d[5]     ; t2         ;
; N/A   ; None         ; 31.400 ns  ; lpm_ram_io:inst13|altram:sram|q[5]~reg_wa1                                        ; d[5]     ; t2         ;
; N/A   ; None         ; 31.400 ns  ; lpm_ram_io:inst13|altram:sram|q[5]~reg_wa2                                        ; d[5]     ; t2         ;
; N/A   ; None         ; 31.400 ns  ; lpm_ram_io:inst13|altram:sram|q[5]~reg_wa3                                        ; d[5]     ; t2         ;
; N/A   ; None         ; 31.400 ns  ; lpm_ram_io:inst13|altram:sram|q[5]~reg_wa4                                        ; d[5]     ; t2         ;
; N/A   ; None         ; 31.400 ns  ; lpm_ram_io:inst13|altram:sram|q[5]~reg_wa5                                        ; d[5]     ; t2         ;
; N/A   ; None         ; 31.400 ns  ; lpm_ram_io:inst13|altram:sram|q[5]~reg_wa6                                        ; d[5]     ; t2         ;
; N/A   ; None         ; 31.400 ns  ; lpm_ram_io:inst13|altram:sram|q[5]~reg_wa7                                        ; d[5]     ; t2         ;
; N/A   ; None         ; 30.700 ns  ; lpm_ram_io:inst13|altram:sram|q[4]~reg_ra0                                        ; d[4]     ; t2         ;
; N/A   ; None         ; 30.700 ns  ; lpm_ram_io:inst13|altram:sram|q[4]~reg_ra1                                        ; d[4]     ; t2         ;
; N/A   ; None         ; 30.700 ns  ; lpm_ram_io:inst13|altram:sram|q[4]~reg_ra2                                        ; d[4]     ; t2         ;
; N/A   ; None         ; 30.700 ns  ; lpm_ram_io:inst13|altram:sram|q[4]~reg_ra3                                        ; d[4]     ; t2         ;
; N/A   ; None         ; 30.700 ns  ; lpm_ram_io:inst13|altram:sram|q[4]~reg_ra4                                        ; d[4]     ; t2         ;
; N/A   ; None         ; 30.700 ns  ; lpm_ram_io:inst13|altram:sram|q[4]~reg_ra5                                        ; d[4]     ; t2         ;
; N/A   ; None         ; 30.700 ns  ; lpm_ram_io:inst13|altram:sram|q[4]~reg_ra6                                        ; d[4]     ; t2         ;
; N/A   ; None         ; 30.700 ns  ; lpm_ram_io:inst13|altram:sram|q[4]~reg_ra7                                        ; d[4]     ; t2         ;
; N/A   ; None         ; 30.700 ns  ; lpm_ram_io:inst13|altram:sram|q[4]~reg_wa0                                        ; d[4]     ; t2         ;
; N/A   ; None         ; 30.700 ns  ; lpm_ram_io:inst13|altram:sram|q[4]~reg_wa1                                        ; d[4]     ; t2         ;
; N/A   ; None         ; 30.700 ns  ; lpm_ram_io:inst13|altram:sram|q[4]~reg_wa2                                        ; d[4]     ; t2         ;
; N/A   ; None         ; 30.700 ns  ; lpm_ram_io:inst13|altram:sram|q[4]~reg_wa3                                        ; d[4]     ; t2         ;
; N/A   ; None         ; 30.700 ns  ; lpm_ram_io:inst13|altram:sram|q[4]~reg_wa4                                        ; d[4]     ; t2         ;
; N/A   ; None         ; 30.700 ns  ; lpm_ram_io:inst13|altram:sram|q[4]~reg_wa5                                        ; d[4]     ; t2         ;
; N/A   ; None         ; 30.700 ns  ; lpm_ram_io:inst13|altram:sram|q[4]~reg_wa6                                        ; d[4]     ; t2         ;
; N/A   ; None         ; 30.700 ns  ; lpm_ram_io:inst13|altram:sram|q[4]~reg_wa7                                        ; d[4]     ; t2         ;
; N/A   ; None         ; 30.700 ns  ; lpm_ram_io:inst13|altram:sram|q[6]~reg_ra0                                        ; d[6]     ; t2         ;
; N/A   ; None         ; 30.700 ns  ; lpm_ram_io:inst13|altram:sram|q[6]~reg_ra1                                        ; d[6]     ; t2         ;
; N/A   ; None         ; 30.700 ns  ; lpm_ram_io:inst13|altram:sram|q[6]~reg_ra2                                        ; d[6]     ; t2         ;
; N/A   ; None         ; 30.700 ns  ; lpm_ram_io:inst13|altram:sram|q[6]~reg_ra3                                        ; d[6]     ; t2         ;
; N/A   ; None         ; 30.700 ns  ; lpm_ram_io:inst13|altram:sram|q[6]~reg_ra4                                        ; d[6]     ; t2         ;
; N/A   ; None         ; 30.700 ns  ; lpm_ram_io:inst13|altram:sram|q[6]~reg_ra5                                        ; d[6]     ; t2         ;
; N/A   ; None         ; 30.700 ns  ; lpm_ram_io:inst13|altram:sram|q[6]~reg_ra6                                        ; d[6]     ; t2         ;
; N/A   ; None         ; 30.700 ns  ; lpm_ram_io:inst13|altram:sram|q[6]~reg_ra7                                        ; d[6]     ; t2         ;
; N/A   ; None         ; 30.700 ns  ; lpm_ram_io:inst13|altram:sram|q[6]~reg_wa0                                        ; d[6]     ; t2         ;
; N/A   ; None         ; 30.700 ns  ; lpm_ram_io:inst13|altram:sram|q[6]~reg_wa1                                        ; d[6]     ; t2         ;
; N/A   ; None         ; 30.700 ns  ; lpm_ram_io:inst13|altram:sram|q[6]~reg_wa2                                        ; d[6]     ; t2         ;
; N/A   ; None         ; 30.700 ns  ; lpm_ram_io:inst13|altram:sram|q[6]~reg_wa3                                        ; d[6]     ; t2         ;
; N/A   ; None         ; 30.700 ns  ; lpm_ram_io:inst13|altram:sram|q[6]~reg_wa4                                        ; d[6]     ; t2         ;
; N/A   ; None         ; 30.700 ns  ; lpm_ram_io:inst13|altram:sram|q[6]~reg_wa5                                        ; d[6]     ; t2         ;
; N/A   ; None         ; 30.700 ns  ; lpm_ram_io:inst13|altram:sram|q[6]~reg_wa6                                        ; d[6]     ; t2         ;
; N/A   ; None         ; 30.700 ns  ; lpm_ram_io:inst13|altram:sram|q[6]~reg_wa7                                        ; d[6]     ; t2         ;
; N/A   ; None         ; 27.100 ns  ; lpm_ram_io:inst13|altram:sram|q[1]~reg_in                                         ; d[1]     ; t2         ;
; N/A   ; None         ; 27.100 ns  ; lpm_ram_io:inst13|altram:sram|q[2]~reg_in                                         ; d[2]     ; t2         ;
; N/A   ; None         ; 27.000 ns  ; lpm_ram_io:inst13|altram:sram|q[0]~reg_in                                         ; d[0]     ; t2         ;
; N/A   ; None         ; 27.000 ns  ; lpm_ram_io:inst13|altram:sram|q[7]~reg_in                                         ; d[7]     ; t2         ;
; N/A   ; None         ; 26.900 ns  ; lpm_ram_io:inst13|altram:sram|q[3]~reg_in                                         ; d[3]     ; t2         ;
; N/A   ; None         ; 26.900 ns  ; lpm_ram_io:inst13|altram:sram|q[5]~reg_in                                         ; d[5]     ; t2         ;
; N/A   ; None         ; 26.200 ns  ; lpm_ram_io:inst13|altram:sram|q[4]~reg_in                                         ; d[4]     ; t2         ;
; N/A   ; None         ; 26.200 ns  ; lpm_ram_io:inst13|altram:sram|q[6]~reg_in                                         ; d[6]     ; t2         ;
; N/A   ; None         ; 25.300 ns  ; cunchuqi:inst|lpm_counter:pc_rtl_0|alt_counter_f10ke:wysi_counter|counter_cell[1] ; d[1]     ; t3         ;
; N/A   ; None         ; 24.900 ns  ; cunchuqi:inst|lpm_counter:pc_rtl_0|alt_counter_f10ke:wysi_counter|counter_cell[2] ; d[2]     ; t3         ;
; N/A   ; None         ; 24.800 ns  ; cunchuqi:inst|lpm_counter:pc_rtl_0|alt_counter_f10ke:wysi_counter|counter_cell[0] ; d[0]     ; t3         ;
; N/A   ; None         ; 24.800 ns  ; cunchuqi:inst|lpm_counter:pc_rtl_0|alt_counter_f10ke:wysi_counter|counter_cell[7] ; d[7]     ; t3         ;
; N/A   ; None         ; 24.400 ns  ; cunchuqi:inst|lpm_counter:pc_rtl_0|alt_counter_f10ke:wysi_counter|counter_cell[4] ; d[4]     ; t3         ;
; N/A   ; None         ; 24.000 ns  ; cunchuqi:inst|lpm_counter:pc_rtl_0|alt_counter_f10ke:wysi_counter|counter_cell[6] ; d[6]     ; t3         ;
; N/A   ; None         ; 23.200 ns  ; cunchuqi:inst|lpm_counter:pc_rtl_0|alt_counter_f10ke:wysi_counter|counter_cell[3] ; d[3]     ; t3         ;
; N/A   ; None         ; 23.200 ns  ; cunchuqi:inst|lpm_counter:pc_rtl_0|alt_counter_f10ke:wysi_counter|counter_cell[5] ; d[5]     ; t3         ;
; N/A   ; None         ; 14.700 ns  ; cunchuqi:inst|ar[7]                                                               ; arout[7] ; t3         ;
; N/A   ; None         ; 14.500 ns  ; cunchuqi:inst|ar[2]                                                               ; arout[2] ; t3         ;
; N/A   ; None         ; 14.300 ns  ; cunchuqi:inst|ar[5]                                                               ; arout[5] ; t3         ;
; N/A   ; None         ; 14.300 ns  ; cunchuqi:inst|ar[6]                                                               ; arout[6] ; t3         ;
; N/A   ; None         ; 14.100 ns  ; cunchuqi:inst|ar[1]                                                               ; arout[1] ; t3         ;
; N/A   ; None         ; 13.100 ns  ; cunchuqi:inst|ar[0]                                                               ; arout[0] ; t3         ;
; N/A   ; None         ; 13.100 ns  ; cunchuqi:inst|ar[3]                                                               ; arout[3] ; t3         ;
; N/A   ; None         ; 13.100 ns  ; cunchuqi:inst|ar[4]                                                               ; arout[4] ; t3         ;
+-------+--------------+------------+-----------------------------------------------------------------------------------+----------+------------+


+-----------------------------------------------------------------+
; tpd                                                             ;
+-------+-------------------+-----------------+------------+------+
; Slack ; Required P2P Time ; Actual P2P Time ; From       ; To   ;
+-------+-------------------+-----------------+------------+------+
; N/A   ; None              ; 22.800 ns       ; d[1]       ; d[1] ;
; N/A   ; None              ; 22.400 ns       ; d[2]       ; d[2] ;
; N/A   ; None              ; 22.100 ns       ; sw_bus     ; d[1] ;
; N/A   ; None              ; 22.100 ns       ; pc_bus     ; d[1] ;
; N/A   ; None              ; 22.100 ns       ; d[7]       ; d[7] ;
; N/A   ; None              ; 22.000 ns       ; d[0]       ; d[0] ;
; N/A   ; None              ; 21.900 ns       ; intputd[2] ; d[2] ;
; N/A   ; None              ; 21.600 ns       ; sw_bus     ; d[2] ;
; N/A   ; None              ; 21.600 ns       ; pc_bus     ; d[2] ;
; N/A   ; None              ; 21.500 ns       ; sw_bus     ; d[0] ;
; N/A   ; None              ; 21.500 ns       ; pc_bus     ; d[0] ;
; N/A   ; None              ; 21.500 ns       ; sw_bus     ; d[7] ;
; N/A   ; None              ; 21.500 ns       ; pc_bus     ; d[7] ;
; N/A   ; None              ; 21.400 ns       ; intputd[7] ; d[7] ;
; N/A   ; None              ; 21.300 ns       ; d[4]       ; d[4] ;
; N/A   ; None              ; 21.200 ns       ; d[6]       ; d[6] ;
; N/A   ; None              ; 21.100 ns       ; intputd[1] ; d[1] ;
; N/A   ; None              ; 20.700 ns       ; d[3]       ; d[3] ;
; N/A   ; None              ; 20.700 ns       ; d[5]       ; d[5] ;
; N/A   ; None              ; 20.700 ns       ; sw_bus     ; d[6] ;
; N/A   ; None              ; 20.700 ns       ; pc_bus     ; d[6] ;
; N/A   ; None              ; 20.600 ns       ; intputd[0] ; d[0] ;
; N/A   ; None              ; 20.400 ns       ; sw_bus     ; d[4] ;
; N/A   ; None              ; 20.400 ns       ; pc_bus     ; d[4] ;
; N/A   ; None              ; 20.100 ns       ; intputd[4] ; d[4] ;
; N/A   ; None              ; 20.000 ns       ; sw_bus     ; d[3] ;
; N/A   ; None              ; 20.000 ns       ; pc_bus     ; d[3] ;
; N/A   ; None              ; 20.000 ns       ; sw_bus     ; d[5] ;
; N/A   ; None              ; 20.000 ns       ; pc_bus     ; d[5] ;
; N/A   ; None              ; 19.900 ns       ; intputd[5] ; d[5] ;
; N/A   ; None              ; 19.900 ns       ; intputd[6] ; d[6] ;
; N/A   ; None              ; 19.800 ns       ; intputd[3] ; d[3] ;
; N/A   ; None              ; 19.700 ns       ; memenab    ; d[1] ;
; N/A   ; None              ; 19.700 ns       ; memenab    ; d[2] ;
; N/A   ; None              ; 19.700 ns       ; memenab    ; d[3] ;
; N/A   ; None              ; 19.700 ns       ; memenab    ; d[5] ;
; N/A   ; None              ; 19.300 ns       ; memenab    ; d[0] ;
; N/A   ; None              ; 19.300 ns       ; memenab    ; d[4] ;
; N/A   ; None              ; 19.300 ns       ; memenab    ; d[6] ;
; N/A   ; None              ; 19.300 ns       ; memenab    ; d[7] ;
; N/A   ; None              ; 16.700 ns       ; rd         ; d[1] ;
; N/A   ; None              ; 16.700 ns       ; rd         ; d[2] ;
; N/A   ; None              ; 16.700 ns       ; rd         ; d[3] ;
; N/A   ; None              ; 16.700 ns       ; rd         ; d[5] ;
; N/A   ; None              ; 16.300 ns       ; rd         ; d[0] ;
; N/A   ; None              ; 16.300 ns       ; rd         ; d[4] ;
; N/A   ; None              ; 16.300 ns       ; rd         ; d[6] ;
; N/A   ; None              ; 16.300 ns       ; rd         ; d[7] ;
+-------+-------------------+-----------------+------------+------+


+------------------------------------------------------------------------------------------------------------------------------------------------------+
; th                                                                                                                                                   ;
+---------------+-------------+------------+------------+-----------------------------------------------------------------------------------+----------+
; Minimum Slack ; Required th ; Actual th  ; From       ; To                                                                                ; To Clock ;
+---------------+-------------+------------+------------+-----------------------------------------------------------------------------------+----------+
; N/A           ; None        ; -1.900 ns  ; pc_bus     ; cunchuqi:inst|ar[4]                                                               ; t3       ;
; N/A           ; None        ; -1.900 ns  ; sw_bus     ; cunchuqi:inst|ar[4]                                                               ; t3       ;
; N/A           ; None        ; -2.200 ns  ; ldar       ; cunchuqi:inst|ar[7]                                                               ; t3       ;
; N/A           ; None        ; -2.200 ns  ; ldar       ; cunchuqi:inst|ar[6]                                                               ; t3       ;
; N/A           ; None        ; -2.200 ns  ; ldar       ; cunchuqi:inst|ar[5]                                                               ; t3       ;
; N/A           ; None        ; -2.200 ns  ; ldar       ; cunchuqi:inst|ar[3]                                                               ; t3       ;
; N/A           ; None        ; -2.200 ns  ; ldar       ; cunchuqi:inst|ar[2]                                                               ; t3       ;
; N/A           ; None        ; -2.200 ns  ; ldar       ; cunchuqi:inst|ar[1]                                                               ; t3       ;
; N/A           ; None        ; -2.200 ns  ; ldar       ; cunchuqi:inst|ar[0]                                                               ; t3       ;
; N/A           ; None        ; -2.300 ns  ; ldar       ; cunchuqi:inst|ar[4]                                                               ; t3       ;
; N/A           ; None        ; -2.500 ns  ; pc_bus     ; cunchuqi:inst|ar[7]                                                               ; t3       ;
; N/A           ; None        ; -2.500 ns  ; pc_bus     ; cunchuqi:inst|ar[6]                                                               ; t3       ;
; N/A           ; None        ; -2.500 ns  ; pc_bus     ; cunchuqi:inst|ar[2]                                                               ; t3       ;
; N/A           ; None        ; -2.500 ns  ; pc_bus     ; cunchuqi:inst|ar[0]                                                               ; t3       ;
; N/A           ; None        ; -2.500 ns  ; sw_bus     ; cunchuqi:inst|ar[7]                                                               ; t3       ;
; N/A           ; None        ; -2.500 ns  ; sw_bus     ; cunchuqi:inst|ar[6]                                                               ; t3       ;
; N/A           ; None        ; -2.500 ns  ; sw_bus     ; cunchuqi:inst|ar[2]                                                               ; t3       ;
; N/A           ; None        ; -2.500 ns  ; sw_bus     ; cunchuqi:inst|ar[0]                                                               ; t3       ;
; N/A           ; None        ; -2.600 ns  ; pc_bus     ; cunchuqi:inst|ar[1]                                                               ; t3       ;
; N/A           ; None        ; -2.600 ns  ; sw_bus     ; cunchuqi:inst|ar[1]                                                               ; t3       ;
; N/A           ; None        ; -4.000 ns  ; intputd[4] ; cunchuqi:inst|ar[4]                                                               ; t3       ;
; N/A           ; None        ; -4.000 ns  ; intputd[1] ; cunchuqi:inst|ar[1]                                                               ; t3       ;
; N/A           ; None        ; -4.000 ns  ; intputd[0] ; cunchuqi:inst|ar[0]                                                               ; t3       ;
; N/A           ; None        ; -4.100 ns  ; intputd[6] ; cunchuqi:inst|ar[6]                                                               ; t3       ;
; N/A           ; None        ; -4.100 ns  ; pc_bus     ; cunchuqi:inst|lpm_counter:pc_rtl_0|alt_counter_f10ke:wysi_counter|counter_cell[4] ; t3       ;
; N/A           ; None        ; -4.100 ns  ; sw_bus     ; cunchuqi:inst|lpm_counter:pc_rtl_0|alt_counter_f10ke:wysi_counter|counter_cell[4] ; t3       ;
; N/A           ; None        ; -4.300 ns  ; pc_bus     ; cunchuqi:inst|ar[5]                                                               ; t3       ;
; N/A           ; None        ; -4.300 ns  ; pc_bus     ; cunchuqi:inst|ar[3]                                                               ; t3       ;
; N/A           ; None        ; -4.300 ns  ; sw_bus     ; cunchuqi:inst|ar[5]                                                               ; t3       ;
; N/A           ; None        ; -4.300 ns  ; sw_bus     ; cunchuqi:inst|ar[3]                                                               ; t3       ;
; N/A           ; None        ; -4.600 ns  ; d[4]       ; lpm_ram_io:inst13|altram:sram|q[4]~reg_in                                         ; t2       ;
; N/A           ; None        ; -4.600 ns  ; pc_bus     ; cunchuqi:inst|lpm_counter:pc_rtl_0|alt_counter_f10ke:wysi_counter|counter_cell[7] ; t3       ;
; N/A           ; None        ; -4.600 ns  ; pc_bus     ; cunchuqi:inst|lpm_counter:pc_rtl_0|alt_counter_f10ke:wysi_counter|counter_cell[6] ; t3       ;
; N/A           ; None        ; -4.600 ns  ; pc_bus     ; cunchuqi:inst|lpm_counter:pc_rtl_0|alt_counter_f10ke:wysi_counter|counter_cell[2] ; t3       ;
; N/A           ; None        ; -4.600 ns  ; pc_bus     ; cunchuqi:inst|lpm_counter:pc_rtl_0|alt_counter_f10ke:wysi_counter|counter_cell[0] ; t3       ;
; N/A           ; None        ; -4.600 ns  ; sw_bus     ; cunchuqi:inst|lpm_counter:pc_rtl_0|alt_counter_f10ke:wysi_counter|counter_cell[7] ; t3       ;
; N/A           ; None        ; -4.600 ns  ; sw_bus     ; cunchuqi:inst|lpm_counter:pc_rtl_0|alt_counter_f10ke:wysi_counter|counter_cell[6] ; t3       ;
; N/A           ; None        ; -4.600 ns  ; sw_bus     ; cunchuqi:inst|lpm_counter:pc_rtl_0|alt_counter_f10ke:wysi_counter|counter_cell[2] ; t3       ;
; N/A           ; None        ; -4.600 ns  ; sw_bus     ; cunchuqi:inst|lpm_counter:pc_rtl_0|alt_counter_f10ke:wysi_counter|counter_cell[0] ; t3       ;
; N/A           ; None        ; -4.700 ns  ; d[0]       ; lpm_ram_io:inst13|altram:sram|q[0]~reg_in                                         ; t2       ;
; N/A           ; None        ; -4.700 ns  ; d[1]       ; lpm_ram_io:inst13|altram:sram|q[1]~reg_in                                         ; t2       ;
; N/A           ; None        ; -4.700 ns  ; d[2]       ; lpm_ram_io:inst13|altram:sram|q[2]~reg_in                                         ; t2       ;
; N/A           ; None        ; -4.700 ns  ; d[3]       ; lpm_ram_io:inst13|altram:sram|q[3]~reg_in                                         ; t2       ;
; N/A           ; None        ; -4.700 ns  ; d[5]       ; lpm_ram_io:inst13|altram:sram|q[5]~reg_in                                         ; t2       ;
; N/A           ; None        ; -4.700 ns  ; d[6]       ; lpm_ram_io:inst13|altram:sram|q[6]~reg_in                                         ; t2       ;
; N/A           ; None        ; -4.700 ns  ; d[7]       ; lpm_ram_io:inst13|altram:sram|q[7]~reg_in                                         ; t2       ;
; N/A           ; None        ; -4.700 ns  ; pc_bus     ; cunchuqi:inst|lpm_counter:pc_rtl_0|alt_counter_f10ke:wysi_counter|counter_cell[1] ; t3       ;
; N/A           ; None        ; -4.700 ns  ; sw_bus     ; cunchuqi:inst|lpm_counter:pc_rtl_0|alt_counter_f10ke:wysi_counter|counter_cell[1] ; t3       ;
; N/A           ; None        ; -4.800 ns  ; pc_bus     ; cunchuqi:inst|lpm_counter:pc_rtl_0|alt_counter_f10ke:wysi_counter|counter_cell[5] ; t3       ;
; N/A           ; None        ; -4.800 ns  ; pc_bus     ; cunchuqi:inst|lpm_counter:pc_rtl_0|alt_counter_f10ke:wysi_counter|counter_cell[3] ; t3       ;
; N/A           ; None        ; -4.800 ns  ; intputd[7] ; cunchuqi:inst|ar[7]                                                               ; t3       ;
; N/A           ; None        ; -4.800 ns  ; sw_bus     ; cunchuqi:inst|lpm_counter:pc_rtl_0|alt_counter_f10ke:wysi_counter|counter_cell[5] ; t3       ;
; N/A           ; None        ; -4.800 ns  ; sw_bus     ; cunchuqi:inst|lpm_counter:pc_rtl_0|alt_counter_f10ke:wysi_counter|counter_cell[3] ; t3       ;
; N/A           ; None        ; -5.200 ns  ; d[4]       ; cunchuqi:inst|ar[4]                                                               ; t3       ;
; N/A           ; None        ; -5.200 ns  ; intputd[2] ; cunchuqi:inst|ar[2]                                                               ; t3       ;
; N/A           ; None        ; -5.400 ns  ; d[0]       ; cunchuqi:inst|ar[0]                                                               ; t3       ;
; N/A           ; None        ; -5.400 ns  ; d[6]       ; cunchuqi:inst|ar[6]                                                               ; t3       ;
; N/A           ; None        ; -5.500 ns  ; d[7]       ; cunchuqi:inst|ar[7]                                                               ; t3       ;
; N/A           ; None        ; -5.600 ns  ; pcld       ; cunchuqi:inst|lpm_counter:pc_rtl_0|alt_counter_f10ke:wysi_counter|counter_cell[7] ; t3       ;
; N/A           ; None        ; -5.600 ns  ; pcld       ; cunchuqi:inst|lpm_counter:pc_rtl_0|alt_counter_f10ke:wysi_counter|counter_cell[6] ; t3       ;
; N/A           ; None        ; -5.600 ns  ; pcld       ; cunchuqi:inst|lpm_counter:pc_rtl_0|alt_counter_f10ke:wysi_counter|counter_cell[5] ; t3       ;
; N/A           ; None        ; -5.600 ns  ; pcld       ; cunchuqi:inst|lpm_counter:pc_rtl_0|alt_counter_f10ke:wysi_counter|counter_cell[4] ; t3       ;
; N/A           ; None        ; -5.600 ns  ; pcld       ; cunchuqi:inst|lpm_counter:pc_rtl_0|alt_counter_f10ke:wysi_counter|counter_cell[3] ; t3       ;
; N/A           ; None        ; -5.600 ns  ; pcld       ; cunchuqi:inst|lpm_counter:pc_rtl_0|alt_counter_f10ke:wysi_counter|counter_cell[2] ; t3       ;
; N/A           ; None        ; -5.600 ns  ; pcld       ; cunchuqi:inst|lpm_counter:pc_rtl_0|alt_counter_f10ke:wysi_counter|counter_cell[1] ; t3       ;
; N/A           ; None        ; -5.600 ns  ; pcld       ; cunchuqi:inst|lpm_counter:pc_rtl_0|alt_counter_f10ke:wysi_counter|counter_cell[0] ; t3       ;
; N/A           ; None        ; -5.700 ns  ; d[1]       ; cunchuqi:inst|ar[1]                                                               ; t3       ;
; N/A           ; None        ; -5.700 ns  ; d[2]       ; cunchuqi:inst|ar[2]                                                               ; t3       ;
; N/A           ; None        ; -5.900 ns  ; pcen       ; cunchuqi:inst|lpm_counter:pc_rtl_0|alt_counter_f10ke:wysi_counter|counter_cell[7] ; t3       ;
; N/A           ; None        ; -5.900 ns  ; pcen       ; cunchuqi:inst|lpm_counter:pc_rtl_0|alt_counter_f10ke:wysi_counter|counter_cell[6] ; t3       ;
; N/A           ; None        ; -5.900 ns  ; pcen       ; cunchuqi:inst|lpm_counter:pc_rtl_0|alt_counter_f10ke:wysi_counter|counter_cell[5] ; t3       ;
; N/A           ; None        ; -5.900 ns  ; pcen       ; cunchuqi:inst|lpm_counter:pc_rtl_0|alt_counter_f10ke:wysi_counter|counter_cell[4] ; t3       ;
; N/A           ; None        ; -5.900 ns  ; pcen       ; cunchuqi:inst|lpm_counter:pc_rtl_0|alt_counter_f10ke:wysi_counter|counter_cell[3] ; t3       ;
; N/A           ; None        ; -5.900 ns  ; pcen       ; cunchuqi:inst|lpm_counter:pc_rtl_0|alt_counter_f10ke:wysi_counter|counter_cell[2] ; t3       ;
; N/A           ; None        ; -5.900 ns  ; pcen       ; cunchuqi:inst|lpm_counter:pc_rtl_0|alt_counter_f10ke:wysi_counter|counter_cell[1] ; t3       ;
; N/A           ; None        ; -5.900 ns  ; pcen       ; cunchuqi:inst|lpm_counter:pc_rtl_0|alt_counter_f10ke:wysi_counter|counter_cell[0] ; t3       ;
; N/A           ; None        ; -6.100 ns  ; intputd[1] ; cunchuqi:inst|lpm_counter:pc_rtl_0|alt_counter_f10ke:wysi_counter|counter_cell[1] ; t3       ;
; N/A           ; None        ; -6.100 ns  ; intputd[0] ; cunchuqi:inst|lpm_counter:pc_rtl_0|alt_counter_f10ke:wysi_counter|counter_cell[0] ; t3       ;
; N/A           ; None        ; -6.200 ns  ; intputd[4] ; cunchuqi:inst|lpm_counter:pc_rtl_0|alt_counter_f10ke:wysi_counter|counter_cell[4] ; t3       ;
; N/A           ; None        ; -6.200 ns  ; intputd[6] ; cunchuqi:inst|lpm_counter:pc_rtl_0|alt_counter_f10ke:wysi_counter|counter_cell[6] ; t3       ;
; N/A           ; None        ; -6.500 ns  ; intputd[3] ; cunchuqi:inst|ar[3]                                                               ; t3       ;
; N/A           ; None        ; -6.600 ns  ; intputd[5] ; cunchuqi:inst|ar[5]                                                               ; t3       ;
; N/A           ; None        ; -6.900 ns  ; intputd[7] ; cunchuqi:inst|lpm_counter:pc_rtl_0|alt_counter_f10ke:wysi_counter|counter_cell[7] ; t3       ;
; N/A           ; None        ; -7.000 ns  ; intputd[3] ; cunchuqi:inst|lpm_counter:pc_rtl_0|alt_counter_f10ke:wysi_counter|counter_cell[3] ; t3       ;
; N/A           ; None        ; -7.100 ns  ; intputd[5] ; cunchuqi:inst|lpm_counter:pc_rtl_0|alt_counter_f10ke:wysi_counter|counter_cell[5] ; t3       ;
; N/A           ; None        ; -7.300 ns  ; intputd[2] ; cunchuqi:inst|lpm_counter:pc_rtl_0|alt_counter_f10ke:wysi_counter|counter_cell[2] ; t3       ;
; N/A           ; None        ; -7.400 ns  ; d[3]       ; cunchuqi:inst|ar[3]                                                               ; t3       ;
; N/A           ; None        ; -7.400 ns  ; d[4]       ; cunchuqi:inst|lpm_counter:pc_rtl_0|alt_counter_f10ke:wysi_counter|counter_cell[4] ; t3       ;
; N/A           ; None        ; -7.400 ns  ; d[5]       ; cunchuqi:inst|ar[5]                                                               ; t3       ;
; N/A           ; None        ; -7.500 ns  ; d[0]       ; cunchuqi:inst|lpm_counter:pc_rtl_0|alt_counter_f10ke:wysi_counter|counter_cell[0] ; t3       ;
; N/A           ; None        ; -7.500 ns  ; d[6]       ; cunchuqi:inst|lpm_counter:pc_rtl_0|alt_counter_f10ke:wysi_counter|counter_cell[6] ; t3       ;
; N/A           ; None        ; -7.600 ns  ; d[7]       ; cunchuqi:inst|lpm_counter:pc_rtl_0|alt_counter_f10ke:wysi_counter|counter_cell[7] ; t3       ;
; N/A           ; None        ; -7.800 ns  ; d[1]       ; cunchuqi:inst|lpm_counter:pc_rtl_0|alt_counter_f10ke:wysi_counter|counter_cell[1] ; t3       ;
; N/A           ; None        ; -7.800 ns  ; d[2]       ; cunchuqi:inst|lpm_counter:pc_rtl_0|alt_counter_f10ke:wysi_counter|counter_cell[2] ; t3       ;
; N/A           ; None        ; -7.900 ns  ; d[3]       ; cunchuqi:inst|lpm_counter:pc_rtl_0|alt_counter_f10ke:wysi_counter|counter_cell[3] ; t3       ;
; N/A           ; None        ; -7.900 ns  ; d[5]       ; cunchuqi:inst|lpm_counter:pc_rtl_0|alt_counter_f10ke:wysi_counter|counter_cell[5] ; t3       ;
; N/A           ; None        ; -7.900 ns  ; rd         ; lpm_ram_io:inst13|altram:sram|q[7]~reg_we0                                        ; t2       ;
; N/A           ; None        ; -7.900 ns  ; rd         ; lpm_ram_io:inst13|altram:sram|q[6]~reg_we0                                        ; t2       ;
; N/A           ; None        ; -7.900 ns  ; rd         ; lpm_ram_io:inst13|altram:sram|q[5]~reg_we0                                        ; t2       ;
; N/A           ; None        ; -7.900 ns  ; rd         ; lpm_ram_io:inst13|altram:sram|q[4]~reg_we0                                        ; t2       ;
; N/A           ; None        ; -7.900 ns  ; rd         ; lpm_ram_io:inst13|altram:sram|q[3]~reg_we0                                        ; t2       ;
; N/A           ; None        ; -7.900 ns  ; rd         ; lpm_ram_io:inst13|altram:sram|q[2]~reg_we0                                        ; t2       ;
; N/A           ; None        ; -7.900 ns  ; rd         ; lpm_ram_io:inst13|altram:sram|q[1]~reg_we0                                        ; t2       ;
; N/A           ; None        ; -7.900 ns  ; rd         ; lpm_ram_io:inst13|altram:sram|q[0]~reg_we0                                        ; t2       ;
; N/A           ; None        ; -9.900 ns  ; memenab    ; lpm_ram_io:inst13|altram:sram|q[7]~reg_we0                                        ; t2       ;
; N/A           ; None        ; -9.900 ns  ; memenab    ; lpm_ram_io:inst13|altram:sram|q[6]~reg_we0                                        ; t2       ;
; N/A           ; None        ; -9.900 ns  ; memenab    ; lpm_ram_io:inst13|altram:sram|q[5]~reg_we0                                        ; t2       ;
; N/A           ; None        ; -9.900 ns  ; memenab    ; lpm_ram_io:inst13|altram:sram|q[4]~reg_we0                                        ; t2       ;
; N/A           ; None        ; -9.900 ns  ; memenab    ; lpm_ram_io:inst13|altram:sram|q[3]~reg_we0                                        ; t2       ;
; N/A           ; None        ; -9.900 ns  ; memenab    ; lpm_ram_io:inst13|altram:sram|q[2]~reg_we0                                        ; t2       ;
; N/A           ; None        ; -9.900 ns  ; memenab    ; lpm_ram_io:inst13|altram:sram|q[1]~reg_we0                                        ; t2       ;
; N/A           ; None        ; -9.900 ns  ; memenab    ; lpm_ram_io:inst13|altram:sram|q[0]~reg_we0                                        ; t2       ;
; N/A           ; None        ; -11.600 ns ; we         ; lpm_ram_io:inst13|altram:sram|q[7]~reg_we0                                        ; t2       ;
; N/A           ; None        ; -11.600 ns ; we         ; lpm_ram_io:inst13|altram:sram|q[6]~reg_we0                                        ; t2       ;
; N/A           ; None        ; -11.600 ns ; we         ; lpm_ram_io:inst13|altram:sram|q[5]~reg_we0                                        ; t2       ;
; N/A           ; None        ; -11.600 ns ; we         ; lpm_ram_io:inst13|altram:sram|q[4]~reg_we0                                        ; t2       ;
; N/A           ; None        ; -11.600 ns ; we         ; lpm_ram_io:inst13|altram:sram|q[3]~reg_we0                                        ; t2       ;
; N/A           ; None        ; -11.600 ns ; we         ; lpm_ram_io:inst13|altram:sram|q[2]~reg_we0                                        ; t2       ;
; N/A           ; None        ; -11.600 ns ; we         ; lpm_ram_io:inst13|altram:sram|q[1]~reg_we0                                        ; t2       ;
; N/A           ; None        ; -11.600 ns ; we         ; lpm_ram_io:inst13|altram:sram|q[0]~reg_we0                                        ; t2       ;
+---------------+-------------+------------+------------+-----------------------------------------------------------------------------------+----------+


+--------------------------+
; Timing Analyzer Messages ;
+--------------------------+
Info: *******************************************************************
Info: Running Quartus II Classic Timing Analyzer
    Info: Version 9.0 Build 184 04/29/2009 Service Pack 1 SJ Web Edition
    Info: Processing started: Mon Mar 16 22:38:05 2020
Info: Command: quartus_tan --read_settings_files=off --write_settings_files=off cunchuqi -c cunchuqi
Info: Started post-fitting delay annotation
Info: Delay annotation completed successfully
Warning: Found pins functioning as undefined clocks and/or memory enables
    Info: Assuming node "t3" is an undefined clock
    Info: Assuming node "t2" is an undefined clock
Info: Clock "t3" has Internal fmax of 68.49 MHz between source register "cunchuqi:inst|lpm_counter:pc_rtl_0|alt_counter_f10ke:wysi_counter|counter_cell[4]" and destination register "cunchuqi:inst|lpm_counter:pc_rtl_0|alt_counter_f10ke:wysi_counter|counter_cell[4]" (period= 14.6 ns)
    Info: + Longest register to register delay is 11.000 ns
        Info: 1: + IC(0.000 ns) + CELL(0.000 ns) = 0.000 ns; Loc. = LC5_F13; Fanout = 3; REG Node = 'cunchuqi:inst|lpm_counter:pc_rtl_0|alt_counter_f10ke:wysi_counter|counter_cell[4]'
        Info: 2: + IC(2.300 ns) + CELL(2.300 ns) = 4.600 ns; Loc. = LC4_F23; Fanout = 2; COMB Node = 'cunchuqi:inst|bus_reg[4]~16'
        Info: 3: + IC(0.600 ns) + CELL(1.800 ns) = 7.000 ns; Loc. = LC1_F23; Fanout = 2; COMB Node = 'cunchuqi:inst|bus_reg[4]~17'
        Info: 4: + IC(2.300 ns) + CELL(1.700 ns) = 11.000 ns; Loc. = LC5_F13; Fanout = 3; REG Node = 'cunchuqi:inst|lpm_counter:pc_rtl_0|alt_counter_f10ke:wysi_counter|counter_cell[4]'
        Info: Total cell delay = 5.800 ns ( 52.73 % )
        Info: Total interconnect delay = 5.200 ns ( 47.27 % )
    Info: - Smallest clock skew is 0.000 ns
        Info: + Shortest clock path from clock "t3" to destination register is 5.300 ns
            Info: 1: + IC(0.000 ns) + CELL(2.800 ns) = 2.800 ns; Loc. = PIN_55; Fanout = 16; CLK Node = 't3'
            Info: 2: + IC(2.500 ns) + CELL(0.000 ns) = 5.300 ns; Loc. = LC5_F13; Fanout = 3; REG Node = 'cunchuqi:inst|lpm_counter:pc_rtl_0|alt_counter_f10ke:wysi_counter|counter_cell[4]'
            Info: Total cell delay = 2.800 ns ( 52.83 % )
            Info: Total interconnect delay = 2.500 ns ( 47.17 % )
        Info: - Longest clock path from clock "t3" to source register is 5.300 ns
            Info: 1: + IC(0.000 ns) + CELL(2.800 ns) = 2.800 ns; Loc. = PIN_55; Fanout = 16; CLK Node = 't3'
            Info: 2: + IC(2.500 ns) + CELL(0.000 ns) = 5.300 ns; Loc. = LC5_F13; Fanout = 3; REG Node = 'cunchuqi:inst|lpm_counter:pc_rtl_0|alt_counter_f10ke:wysi_counter|counter_cell[4]'
            Info: Total cell delay = 2.800 ns ( 52.83 % )
            Info: Total interconnect delay = 2.500 ns ( 47.17 % )
    Info: + Micro clock to output delay of source is 1.100 ns
    Info: + Micro setup delay of destination is 2.500 ns
Info: No valid register-to-register data paths exist for clock "t2"
Info: tsu for memory "lpm_ram_io:inst13|altram:sram|q[7]~reg_we0" (data pin = "we", clock pin = "t2") is 15.900 ns
    Info: + Longest pin to memory delay is 19.400 ns
        Info: 1: + IC(0.000 ns) + CELL(3.500 ns) = 3.500 ns; Loc. = PIN_110; Fanout = 1; PIN Node = 'we'
        Info: 2: + IC(4.700 ns) + CELL(2.300 ns) = 10.500 ns; Loc. = LC8_F21; Fanout = 8; COMB Node = 'lpm_ram_io:inst13|_~3'
        Info: 3: + IC(2.700 ns) + CELL(6.200 ns) = 19.400 ns; Loc. = EC7_F; Fanout = 1; MEM Node = 'lpm_ram_io:inst13|altram:sram|q[7]~reg_we0'
        Info: Total cell delay = 12.000 ns ( 61.86 % )
        Info: Total interconnect delay = 7.400 ns ( 38.14 % )
    Info: + Micro setup delay of destination is 1.800 ns
    Info: - Shortest clock path from clock "t2" to destination memory is 5.300 ns
        Info: 1: + IC(0.000 ns) + CELL(2.800 ns) = 2.800 ns; Loc. = PIN_125; Fanout = 152; CLK Node = 't2'
        Info: 2: + IC(2.500 ns) + CELL(0.000 ns) = 5.300 ns; Loc. = EC7_F; Fanout = 1; MEM Node = 'lpm_ram_io:inst13|altram:sram|q[7]~reg_we0'
        Info: Total cell delay = 2.800 ns ( 52.83 % )
        Info: Total interconnect delay = 2.500 ns ( 47.17 % )
Info: tco from clock "t2" to destination pin "d[1]" through memory "lpm_ram_io:inst13|altram:sram|q[1]~reg_ra0" is 31.600 ns
    Info: + Longest clock path from clock "t2" to source memory is 5.300 ns
        Info: 1: + IC(0.000 ns) + CELL(2.800 ns) = 2.800 ns; Loc. = PIN_125; Fanout = 152; CLK Node = 't2'
        Info: 2: + IC(2.500 ns) + CELL(0.000 ns) = 5.300 ns; Loc. = EC2_F; Fanout = 1; MEM Node = 'lpm_ram_io:inst13|altram:sram|q[1]~reg_ra0'
        Info: Total cell delay = 2.800 ns ( 52.83 % )
        Info: Total interconnect delay = 2.500 ns ( 47.17 % )
    Info: + Micro clock to output delay of source is 0.600 ns
    Info: + Longest memory to pin delay is 25.700 ns
        Info: 1: + IC(0.000 ns) + CELL(0.000 ns) = 0.000 ns; Loc. = EC2_F; Fanout = 1; MEM Node = 'lpm_ram_io:inst13|altram:sram|q[1]~reg_ra0'
        Info: 2: + IC(0.000 ns) + CELL(10.700 ns) = 10.700 ns; Loc. = EC2_F; Fanout = 1; MEM Node = 'lpm_ram_io:inst13|altram:sram|q[1]~mem_cell_ra0'
        Info: 3: + IC(0.000 ns) + CELL(2.500 ns) = 13.200 ns; Loc. = EC2_F; Fanout = 1; MEM Node = 'lpm_ram_io:inst13|altram:sram|q[1]'
        Info: 4: + IC(2.600 ns) + CELL(2.300 ns) = 18.100 ns; Loc. = LC4_F21; Fanout = 1; COMB Node = 'lpm_ram_io:inst13|datatri[1]~23'
        Info: 5: + IC(2.500 ns) + CELL(5.100 ns) = 25.700 ns; Loc. = PIN_79; Fanout = 0; PIN Node = 'd[1]'
        Info: Total cell delay = 20.600 ns ( 80.16 % )
        Info: Total interconnect delay = 5.100 ns ( 19.84 % )
Info: Longest tpd from source pin "d[1]" to destination pin "d[1]" is 22.800 ns
    Info: 1: + IC(0.000 ns) + CELL(0.000 ns) = 0.000 ns; Loc. = PIN_79; Fanout = 1; PIN Node = 'd[1]'
    Info: 2: + IC(0.000 ns) + CELL(3.500 ns) = 3.500 ns; Loc. = IOC_79; Fanout = 2; COMB Node = 'd~6'
    Info: 3: + IC(3.100 ns) + CELL(1.800 ns) = 8.400 ns; Loc. = LC5_F15; Fanout = 2; COMB Node = 'cunchuqi:inst|bus_reg[1]~22'
    Info: 4: + IC(0.600 ns) + CELL(1.800 ns) = 10.800 ns; Loc. = LC2_F15; Fanout = 1; COMB Node = 'lpm_ram_io:inst13|datatri[1]~22'
    Info: 5: + IC(2.600 ns) + CELL(1.800 ns) = 15.200 ns; Loc. = LC4_F21; Fanout = 1; COMB Node = 'lpm_ram_io:inst13|datatri[1]~23'
    Info: 6: + IC(2.500 ns) + CELL(5.100 ns) = 22.800 ns; Loc. = PIN_79; Fanout = 0; PIN Node = 'd[1]'
    Info: Total cell delay = 14.000 ns ( 61.40 % )
    Info: Total interconnect delay = 8.800 ns ( 38.60 % )
Info: th for register "cunchuqi:inst|ar[4]" (data pin = "pc_bus", clock pin = "t3") is -1.900 ns
    Info: + Longest clock path from clock "t3" to destination register is 5.300 ns
        Info: 1: + IC(0.000 ns) + CELL(2.800 ns) = 2.800 ns; Loc. = PIN_55; Fanout = 16; CLK Node = 't3'
        Info: 2: + IC(2.500 ns) + CELL(0.000 ns) = 5.300 ns; Loc. = LC3_F23; Fanout = 17; REG Node = 'cunchuqi:inst|ar[4]'
        Info: Total cell delay = 2.800 ns ( 52.83 % )
        Info: Total interconnect delay = 2.500 ns ( 47.17 % )
    Info: + Micro hold delay of destination is 1.600 ns
    Info: - Shortest pin to register delay is 8.800 ns
        Info: 1: + IC(0.000 ns) + CELL(2.800 ns) = 2.800 ns; Loc. = PIN_54; Fanout = 25; PIN Node = 'pc_bus'
        Info: 2: + IC(1.900 ns) + CELL(2.300 ns) = 7.000 ns; Loc. = LC1_F23; Fanout = 2; COMB Node = 'cunchuqi:inst|bus_reg[4]~17'
        Info: 3: + IC(0.600 ns) + CELL(1.200 ns) = 8.800 ns; Loc. = LC3_F23; Fanout = 17; REG Node = 'cunchuqi:inst|ar[4]'
        Info: Total cell delay = 6.300 ns ( 71.59 % )
        Info: Total interconnect delay = 2.500 ns ( 28.41 % )
Info: Quartus II Classic Timing Analyzer was successful. 0 errors, 1 warning
    Info: Peak virtual memory: 193 megabytes
    Info: Processing ended: Mon Mar 16 22:38:05 2020
    Info: Elapsed time: 00:00:00
    Info: Total CPU time (on all processors): 00:00:00


