Classic Timing Analyzer report for sm
Tue Dec 03 18:46:53 2019
Quartus II Version 9.0 Build 184 04/29/2009 Service Pack 1 SJ Web Edition


---------------------
; Table of Contents ;
---------------------
  1. Legal Notice
  2. Timing Analyzer Summary
  3. Timing Analyzer Settings
  4. Clock Settings Summary
  5. Parallel Compilation
  6. Clock Setup: 'clk'
  7. tsu
  8. tco
  9. th
 10. Timing Analyzer Messages



----------------
; Legal Notice ;
----------------
Copyright (C) 1991-2009 Altera Corporation
Your use of Altera Corporation's design tools, logic functions 
and other software and tools, and its AMPP partner logic 
functions, and any output files from any of the foregoing 
(including device programming or simulation files), and any 
associated documentation or information are expressly subject 
to the terms and conditions of the Altera Program License 
Subscription Agreement, Altera MegaCore Function License 
Agreement, or other applicable license agreement, including, 
without limitation, that your use is for the sole purpose of 
programming logic devices manufactured by Altera and sold by 
Altera or its authorized distributors.  Please refer to the 
applicable agreement for further details.



+----------------------------------------------------------------------------------------------------------------------------------------------------------------------+
; Timing Analyzer Summary                                                                                                                                              ;
+------------------------------+-------+---------------+------------------------------------------------+-----------+-----------+------------+----------+--------------+
; Type                         ; Slack ; Required Time ; Actual Time                                    ; From      ; To        ; From Clock ; To Clock ; Failed Paths ;
+------------------------------+-------+---------------+------------------------------------------------+-----------+-----------+------------+----------+--------------+
; Worst-case tsu               ; N/A   ; None          ; 4.335 ns                                       ; en        ; zout~reg0 ; --         ; clk      ; 0            ;
; Worst-case tco               ; N/A   ; None          ; 8.984 ns                                       ; zout~reg0 ; zout      ; clk        ; --       ; 0            ;
; Worst-case th                ; N/A   ; None          ; -4.283 ns                                      ; en        ; zout~reg0 ; --         ; clk      ; 0            ;
; Clock Setup: 'clk'           ; N/A   ; None          ; Restricted to 275.03 MHz ( period = 3.636 ns ) ; zout~reg0 ; zout~reg0 ; clk        ; clk      ; 0            ;
; Total number of failed paths ;       ;               ;                                                ;           ;           ;            ;          ; 0            ;
+------------------------------+-------+---------------+------------------------------------------------+-----------+-----------+------------+----------+--------------+


+--------------------------------------------------------------------------------------------------------------------+
; Timing Analyzer Settings                                                                                           ;
+---------------------------------------------------------------------+--------------------+------+----+-------------+
; Option                                                              ; Setting            ; From ; To ; Entity Name ;
+---------------------------------------------------------------------+--------------------+------+----+-------------+
; Device Name                                                         ; EP1C3T144C8        ;      ;    ;             ;
; Timing Models                                                       ; Final              ;      ;    ;             ;
; Default hold multicycle                                             ; Same as Multicycle ;      ;    ;             ;
; Cut paths between unrelated clock domains                           ; On                 ;      ;    ;             ;
; Cut off read during write signal paths                              ; On                 ;      ;    ;             ;
; Cut off feedback from I/O pins                                      ; On                 ;      ;    ;             ;
; Report Combined Fast/Slow Timing                                    ; Off                ;      ;    ;             ;
; Ignore Clock Settings                                               ; Off                ;      ;    ;             ;
; Analyze latches as synchronous elements                             ; On                 ;      ;    ;             ;
; Enable Recovery/Removal analysis                                    ; Off                ;      ;    ;             ;
; Enable Clock Latency                                                ; Off                ;      ;    ;             ;
; Use TimeQuest Timing Analyzer                                       ; Off                ;      ;    ;             ;
; Minimum Core Junction Temperature                                   ; 0                  ;      ;    ;             ;
; Maximum Core Junction Temperature                                   ; 85                 ;      ;    ;             ;
; Number of source nodes to report per destination node               ; 10                 ;      ;    ;             ;
; Number of destination nodes to report                               ; 10                 ;      ;    ;             ;
; Number of paths to report                                           ; 200                ;      ;    ;             ;
; Report Minimum Timing Checks                                        ; Off                ;      ;    ;             ;
; Use Fast Timing Models                                              ; Off                ;      ;    ;             ;
; Report IO Paths Separately                                          ; Off                ;      ;    ;             ;
; Perform Multicorner Analysis                                        ; Off                ;      ;    ;             ;
; Reports the worst-case path for each clock domain and analysis      ; Off                ;      ;    ;             ;
; Removes common clock path pessimism (CCPP) during slack computation ; Off                ;      ;    ;             ;
; Output I/O Timing Endpoint                                          ; Near End           ;      ;    ;             ;
+---------------------------------------------------------------------+--------------------+------+----+-------------+


+------------------------------------------------------------------------------------------------------------------------------------------------------------------------------------+
; Clock Settings Summary                                                                                                                                                             ;
+-----------------+--------------------+----------+------------------+---------------+--------------+----------+-----------------------+---------------------+--------+--------------+
; Clock Node Name ; Clock Setting Name ; Type     ; Fmax Requirement ; Early Latency ; Late Latency ; Based on ; Multiply Base Fmax by ; Divide Base Fmax by ; Offset ; Phase offset ;
+-----------------+--------------------+----------+------------------+---------------+--------------+----------+-----------------------+---------------------+--------+--------------+
; clk             ;                    ; User Pin ; None             ; 0.000 ns      ; 0.000 ns     ; --       ; N/A                   ; N/A                 ; N/A    ;              ;
+-----------------+--------------------+----------+------------------+---------------+--------------+----------+-----------------------+---------------------+--------+--------------+


Parallel compilation was disabled, but you have multiple processors available. Enable parallel compilation to reduce compilation time.
+-------------------------------------+
; Parallel Compilation                ;
+----------------------------+--------+
; Processors                 ; Number ;
+----------------------------+--------+
; Number detected on machine ; 4      ;
; Maximum allowed            ; 1      ;
+----------------------------+--------+


+--------------------------------------------------------------------------------------------------------------------------------------------------------------------------------------------+
; Clock Setup: 'clk'                                                                                                                                                                         ;
+-------+------------------------------------------------+-----------+-----------+------------+----------+-----------------------------+---------------------------+-------------------------+
; Slack ; Actual fmax (period)                           ; From      ; To        ; From Clock ; To Clock ; Required Setup Relationship ; Required Longest P2P Time ; Actual Longest P2P Time ;
+-------+------------------------------------------------+-----------+-----------+------------+----------+-----------------------------+---------------------------+-------------------------+
; N/A   ; Restricted to 275.03 MHz ( period = 3.636 ns ) ; zout~reg0 ; zout~reg0 ; clk        ; clk      ; None                        ; None                      ; 0.823 ns                ;
+-------+------------------------------------------------+-----------+-----------+------------+----------+-----------------------------+---------------------------+-------------------------+


+-----------------------------------------------------------------+
; tsu                                                             ;
+-------+--------------+------------+------+-----------+----------+
; Slack ; Required tsu ; Actual tsu ; From ; To        ; To Clock ;
+-------+--------------+------------+------+-----------+----------+
; N/A   ; None         ; 4.335 ns   ; en   ; zout~reg0 ; clk      ;
+-------+--------------+------------+------+-----------+----------+


+-------------------------------------------------------------------+
; tco                                                               ;
+-------+--------------+------------+-----------+------+------------+
; Slack ; Required tco ; Actual tco ; From      ; To   ; From Clock ;
+-------+--------------+------------+-----------+------+------------+
; N/A   ; None         ; 8.984 ns   ; zout~reg0 ; zout ; clk        ;
+-------+--------------+------------+-----------+------+------------+


+-----------------------------------------------------------------------+
; th                                                                    ;
+---------------+-------------+-----------+------+-----------+----------+
; Minimum Slack ; Required th ; Actual th ; From ; To        ; To Clock ;
+---------------+-------------+-----------+------+-----------+----------+
; N/A           ; None        ; -4.283 ns ; en   ; zout~reg0 ; clk      ;
+---------------+-------------+-----------+------+-----------+----------+


+--------------------------+
; Timing Analyzer Messages ;
+--------------------------+
Info: *******************************************************************
Info: Running Quartus II Classic Timing Analyzer
    Info: Version 9.0 Build 184 04/29/2009 Service Pack 1 SJ Web Edition
    Info: Processing started: Tue Dec 03 18:46:53 2019
Info: Command: quartus_tan --read_settings_files=off --write_settings_files=off sm -c sm --timing_analysis_only
Warning: Found pins functioning as undefined clocks and/or memory enables
    Info: Assuming node "clk" is an undefined clock
Info: Clock "clk" Internal fmax is restricted to 275.03 MHz between source register "zout~reg0" and destination register "zout~reg0"
    Info: fmax restricted to Clock High delay (1.818 ns) plus Clock Low delay (1.818 ns) : restricted to 3.636 ns. Expand message to see actual delay path.
        Info: + Longest register to register delay is 0.823 ns
            Info: 1: + IC(0.000 ns) + CELL(0.000 ns) = 0.000 ns; Loc. = LC_X1_Y10_N3; Fanout = 2; REG Node = 'zout~reg0'
            Info: 2: + IC(0.514 ns) + CELL(0.309 ns) = 0.823 ns; Loc. = LC_X1_Y10_N3; Fanout = 2; REG Node = 'zout~reg0'
            Info: Total cell delay = 0.309 ns ( 37.55 % )
            Info: Total interconnect delay = 0.514 ns ( 62.45 % )
        Info: - Smallest clock skew is 0.000 ns
            Info: + Shortest clock path from clock "clk" to destination register is 2.986 ns
                Info: 1: + IC(0.000 ns) + CELL(1.469 ns) = 1.469 ns; Loc. = PIN_10; Fanout = 1; CLK Node = 'clk'
                Info: 2: + IC(0.806 ns) + CELL(0.711 ns) = 2.986 ns; Loc. = LC_X1_Y10_N3; Fanout = 2; REG Node = 'zout~reg0'
                Info: Total cell delay = 2.180 ns ( 73.01 % )
                Info: Total interconnect delay = 0.806 ns ( 26.99 % )
            Info: - Longest clock path from clock "clk" to source register is 2.986 ns
                Info: 1: + IC(0.000 ns) + CELL(1.469 ns) = 1.469 ns; Loc. = PIN_10; Fanout = 1; CLK Node = 'clk'
                Info: 2: + IC(0.806 ns) + CELL(0.711 ns) = 2.986 ns; Loc. = LC_X1_Y10_N3; Fanout = 2; REG Node = 'zout~reg0'
                Info: Total cell delay = 2.180 ns ( 73.01 % )
                Info: Total interconnect delay = 0.806 ns ( 26.99 % )
        Info: + Micro clock to output delay of source is 0.224 ns
        Info: + Micro setup delay of destination is 0.037 ns
Info: tsu for register "zout~reg0" (data pin = "en", clock pin = "clk") is 4.335 ns
    Info: + Longest pin to register delay is 7.284 ns
        Info: 1: + IC(0.000 ns) + CELL(1.469 ns) = 1.469 ns; Loc. = PIN_11; Fanout = 1; PIN Node = 'en'
        Info: 2: + IC(5.077 ns) + CELL(0.738 ns) = 7.284 ns; Loc. = LC_X1_Y10_N3; Fanout = 2; REG Node = 'zout~reg0'
        Info: Total cell delay = 2.207 ns ( 30.30 % )
        Info: Total interconnect delay = 5.077 ns ( 69.70 % )
    Info: + Micro setup delay of destination is 0.037 ns
    Info: - Shortest clock path from clock "clk" to destination register is 2.986 ns
        Info: 1: + IC(0.000 ns) + CELL(1.469 ns) = 1.469 ns; Loc. = PIN_10; Fanout = 1; CLK Node = 'clk'
        Info: 2: + IC(0.806 ns) + CELL(0.711 ns) = 2.986 ns; Loc. = LC_X1_Y10_N3; Fanout = 2; REG Node = 'zout~reg0'
        Info: Total cell delay = 2.180 ns ( 73.01 % )
        Info: Total interconnect delay = 0.806 ns ( 26.99 % )
Info: tco from clock "clk" to destination pin "zout" through register "zout~reg0" is 8.984 ns
    Info: + Longest clock path from clock "clk" to source register is 2.986 ns
        Info: 1: + IC(0.000 ns) + CELL(1.469 ns) = 1.469 ns; Loc. = PIN_10; Fanout = 1; CLK Node = 'clk'
        Info: 2: + IC(0.806 ns) + CELL(0.711 ns) = 2.986 ns; Loc. = LC_X1_Y10_N3; Fanout = 2; REG Node = 'zout~reg0'
        Info: Total cell delay = 2.180 ns ( 73.01 % )
        Info: Total interconnect delay = 0.806 ns ( 26.99 % )
    Info: + Micro clock to output delay of source is 0.224 ns
    Info: + Longest register to pin delay is 5.774 ns
        Info: 1: + IC(0.000 ns) + CELL(0.000 ns) = 0.000 ns; Loc. = LC_X1_Y10_N3; Fanout = 2; REG Node = 'zout~reg0'
        Info: 2: + IC(3.666 ns) + CELL(2.108 ns) = 5.774 ns; Loc. = PIN_68; Fanout = 0; PIN Node = 'zout'
        Info: Total cell delay = 2.108 ns ( 36.51 % )
        Info: Total interconnect delay = 3.666 ns ( 63.49 % )
Info: th for register "zout~reg0" (data pin = "en", clock pin = "clk") is -4.283 ns
    Info: + Longest clock path from clock "clk" to destination register is 2.986 ns
        Info: 1: + IC(0.000 ns) + CELL(1.469 ns) = 1.469 ns; Loc. = PIN_10; Fanout = 1; CLK Node = 'clk'
        Info: 2: + IC(0.806 ns) + CELL(0.711 ns) = 2.986 ns; Loc. = LC_X1_Y10_N3; Fanout = 2; REG Node = 'zout~reg0'
        Info: Total cell delay = 2.180 ns ( 73.01 % )
        Info: Total interconnect delay = 0.806 ns ( 26.99 % )
    Info: + Micro hold delay of destination is 0.015 ns
    Info: - Shortest pin to register delay is 7.284 ns
        Info: 1: + IC(0.000 ns) + CELL(1.469 ns) = 1.469 ns; Loc. = PIN_11; Fanout = 1; PIN Node = 'en'
        Info: 2: + IC(5.077 ns) + CELL(0.738 ns) = 7.284 ns; Loc. = LC_X1_Y10_N3; Fanout = 2; REG Node = 'zout~reg0'
        Info: Total cell delay = 2.207 ns ( 30.30 % )
        Info: Total interconnect delay = 5.077 ns ( 69.70 % )
Info: Quartus II Classic Timing Analyzer was successful. 0 errors, 1 warning
    Info: Peak virtual memory: 193 megabytes
    Info: Processing ended: Tue Dec 03 18:46:53 2019
    Info: Elapsed time: 00:00:00
    Info: Total CPU time (on all processors): 00:00:00


